[0.479s] DEBUG:colcon:Command line arguments: ['/usr/bin/colcon', 'build']
[0.480s] DEBUG:colcon:Parsed command line arguments: Namespace(log_base=None, log_level=None, verb_name='build', build_base='build', install_base='install', merge_install=False, symlink_install=False, test_result_base=None, continue_on_error=False, executor='parallel', parallel_workers=4, event_handlers=None, ignore_user_meta=False, metas=['./colcon.meta'], base_paths=['.'], packages_ignore=None, packages_ignore_regex=None, paths=None, packages_up_to=None, packages_up_to_regex=None, packages_above=None, packages_above_and_dependencies=None, packages_above_depth=None, packages_select_by_dep=None, packages_skip_by_dep=None, packages_skip_up_to=None, packages_select_build_failed=False, packages_skip_build_finished=False, packages_select_test_failures=False, packages_skip_test_passed=False, packages_select=None, packages_skip=None, packages_select_regex=None, packages_skip_regex=None, packages_start=None, packages_end=None, allow_overriding=[], cmake_args=None, cmake_target=None, cmake_target_skip_unavailable=False, cmake_clean_cache=False, cmake_clean_first=False, cmake_force_configure=False, ament_cmake_args=None, catkin_cmake_args=None, catkin_skip_building_tests=False, mixin_files=None, mixin=None, verb_parser=<colcon_mixin.mixin.mixin_argument.MixinArgumentDecorator object at 0xffff7f01bfb0>, verb_extension=<colcon_core.verb.build.BuildVerb object at 0xffff7f1f8770>, main=<bound method BuildVerb.main of <colcon_core.verb.build.BuildVerb object at 0xffff7f1f8770>>, mixin_verb=('build',))
[0.651s] Level 1:colcon.colcon_core.package_discovery:discover_packages(colcon_meta) check parameters
[0.651s] Level 1:colcon.colcon_core.package_discovery:discover_packages(recursive) check parameters
[0.651s] Level 1:colcon.colcon_core.package_discovery:discover_packages(ignore) check parameters
[0.652s] Level 1:colcon.colcon_core.package_discovery:discover_packages(path) check parameters
[0.652s] Level 1:colcon.colcon_core.package_discovery:discover_packages(colcon_meta) discover
[0.652s] Level 1:colcon.colcon_core.package_discovery:discover_packages(recursive) discover
[0.652s] INFO:colcon.colcon_core.package_discovery:Crawling recursively for packages in '/home/robot/pic2'
[0.652s] Level 1:colcon.colcon_core.package_identification:_identify(.) by extensions ['ignore', 'ignore_ament_install']
[0.653s] Level 1:colcon.colcon_core.package_identification:_identify(.) by extension 'ignore'
[0.653s] Level 1:colcon.colcon_core.package_identification:_identify(.) by extension 'ignore_ament_install'
[0.653s] Level 1:colcon.colcon_core.package_identification:_identify(.) by extensions ['colcon_pkg']
[0.653s] Level 1:colcon.colcon_core.package_identification:_identify(.) by extension 'colcon_pkg'
[0.653s] Level 1:colcon.colcon_core.package_identification:_identify(.) by extensions ['colcon_meta']
[0.654s] Level 1:colcon.colcon_core.package_identification:_identify(.) by extension 'colcon_meta'
[0.654s] Level 1:colcon.colcon_core.package_identification:_identify(.) by extensions ['ros']
[0.654s] Level 1:colcon.colcon_core.package_identification:_identify(.) by extension 'ros'
[0.761s] Level 1:colcon.colcon_core.package_identification:_identify(.) by extensions ['cmake', 'python']
[0.762s] Level 1:colcon.colcon_core.package_identification:_identify(.) by extension 'cmake'
[0.762s] Level 1:colcon.colcon_core.package_identification:_identify(.) by extension 'python'
[0.762s] Level 1:colcon.colcon_core.package_identification:_identify(.) by extensions ['python_setup_py']
[0.762s] Level 1:colcon.colcon_core.package_identification:_identify(.) by extension 'python_setup_py'
[0.763s] Level 1:colcon.colcon_core.package_identification:_identify(build) by extensions ['ignore', 'ignore_ament_install']
[0.763s] Level 1:colcon.colcon_core.package_identification:_identify(build) by extension 'ignore'
[0.763s] Level 1:colcon.colcon_core.package_identification:_identify(build) ignored
[0.764s] Level 1:colcon.colcon_core.package_identification:_identify(install) by extensions ['ignore', 'ignore_ament_install']
[0.764s] Level 1:colcon.colcon_core.package_identification:_identify(install) by extension 'ignore'
[0.764s] Level 1:colcon.colcon_core.package_identification:_identify(install) ignored
[0.765s] Level 1:colcon.colcon_core.package_identification:_identify(log) by extensions ['ignore', 'ignore_ament_install']
[0.765s] Level 1:colcon.colcon_core.package_identification:_identify(log) by extension 'ignore'
[0.765s] Level 1:colcon.colcon_core.package_identification:_identify(log) ignored
[0.765s] Level 1:colcon.colcon_core.package_identification:_identify(src) by extensions ['ignore', 'ignore_ament_install']
[0.766s] Level 1:colcon.colcon_core.package_identification:_identify(src) by extension 'ignore'
[0.766s] Level 1:colcon.colcon_core.package_identification:_identify(src) by extension 'ignore_ament_install'
[0.766s] Level 1:colcon.colcon_core.package_identification:_identify(src) by extensions ['colcon_pkg']
[0.766s] Level 1:colcon.colcon_core.package_identification:_identify(src) by extension 'colcon_pkg'
[0.766s] Level 1:colcon.colcon_core.package_identification:_identify(src) by extensions ['colcon_meta']
[0.767s] Level 1:colcon.colcon_core.package_identification:_identify(src) by extension 'colcon_meta'
[0.767s] Level 1:colcon.colcon_core.package_identification:_identify(src) by extensions ['ros']
[0.767s] Level 1:colcon.colcon_core.package_identification:_identify(src) by extension 'ros'
[0.767s] Level 1:colcon.colcon_core.package_identification:_identify(src) by extensions ['cmake', 'python']
[0.767s] Level 1:colcon.colcon_core.package_identification:_identify(src) by extension 'cmake'
[0.767s] Level 1:colcon.colcon_core.package_identification:_identify(src) by extension 'python'
[0.768s] Level 1:colcon.colcon_core.package_identification:_identify(src) by extensions ['python_setup_py']
[0.768s] Level 1:colcon.colcon_core.package_identification:_identify(src) by extension 'python_setup_py'
[0.768s] Level 1:colcon.colcon_core.package_identification:_identify(src/Packages) by extensions ['ignore', 'ignore_ament_install']
[0.768s] Level 1:colcon.colcon_core.package_identification:_identify(src/Packages) by extension 'ignore'
[0.769s] Level 1:colcon.colcon_core.package_identification:_identify(src/Packages) by extension 'ignore_ament_install'
[0.769s] Level 1:colcon.colcon_core.package_identification:_identify(src/Packages) by extensions ['colcon_pkg']
[0.769s] Level 1:colcon.colcon_core.package_identification:_identify(src/Packages) by extension 'colcon_pkg'
[0.769s] Level 1:colcon.colcon_core.package_identification:_identify(src/Packages) by extensions ['colcon_meta']
[0.769s] Level 1:colcon.colcon_core.package_identification:_identify(src/Packages) by extension 'colcon_meta'
[0.769s] Level 1:colcon.colcon_core.package_identification:_identify(src/Packages) by extensions ['ros']
[0.769s] Level 1:colcon.colcon_core.package_identification:_identify(src/Packages) by extension 'ros'
[0.770s] Level 1:colcon.colcon_core.package_identification:_identify(src/Packages) by extensions ['cmake', 'python']
[0.770s] Level 1:colcon.colcon_core.package_identification:_identify(src/Packages) by extension 'cmake'
[0.770s] Level 1:colcon.colcon_core.package_identification:_identify(src/Packages) by extension 'python'
[0.770s] Level 1:colcon.colcon_core.package_identification:_identify(src/Packages) by extensions ['python_setup_py']
[0.770s] Level 1:colcon.colcon_core.package_identification:_identify(src/Packages) by extension 'python_setup_py'
[0.771s] Level 1:colcon.colcon_core.package_identification:_identify(src/Packages/converter_pkg) by extensions ['ignore', 'ignore_ament_install']
[0.771s] Level 1:colcon.colcon_core.package_identification:_identify(src/Packages/converter_pkg) by extension 'ignore'
[0.771s] Level 1:colcon.colcon_core.package_identification:_identify(src/Packages/converter_pkg) by extension 'ignore_ament_install'
[0.772s] Level 1:colcon.colcon_core.package_identification:_identify(src/Packages/converter_pkg) by extensions ['colcon_pkg']
[0.772s] Level 1:colcon.colcon_core.package_identification:_identify(src/Packages/converter_pkg) by extension 'colcon_pkg'
[0.772s] Level 1:colcon.colcon_core.package_identification:_identify(src/Packages/converter_pkg) by extensions ['colcon_meta']
[0.772s] Level 1:colcon.colcon_core.package_identification:_identify(src/Packages/converter_pkg) by extension 'colcon_meta'
[0.772s] Level 1:colcon.colcon_core.package_identification:_identify(src/Packages/converter_pkg) by extensions ['ros']
[0.773s] Level 1:colcon.colcon_core.package_identification:_identify(src/Packages/converter_pkg) by extension 'ros'
[0.782s] DEBUG:colcon.colcon_core.package_identification:Found ROS schema reference in package manifest in 'src/Packages/converter_pkg'
[0.782s] WARNING:colcon.colcon_core.package_identification:Failed to parse ROS package manifest in 'src/Packages/converter_pkg': Error(s) in package 'src/Packages/converter_pkg/package.xml':
Invalid email "" for person ""
Maintainers must have an email address
[0.783s] Level 1:colcon.colcon_core.package_identification:_identify(src/Packages/converter_pkg) by extensions ['cmake', 'python']
[0.783s] Level 1:colcon.colcon_core.package_identification:_identify(src/Packages/converter_pkg) by extension 'cmake'
[0.783s] Level 1:colcon.colcon_core.package_identification:_identify(src/Packages/converter_pkg) by extension 'python'
[0.784s] DEBUG:colcon.colcon_core.package_identification:Python package in 'src/Packages/converter_pkg' passes arguments to the setup() function which requires a different identification extension than 'python'
[0.784s] Level 1:colcon.colcon_core.package_identification:_identify(src/Packages/converter_pkg) by extensions ['python_setup_py']
[0.784s] Level 1:colcon.colcon_core.package_identification:_identify(src/Packages/converter_pkg) by extension 'python_setup_py'
[1.751s] DEBUG:colcon.colcon_core.package_identification:Package 'src/Packages/converter_pkg' with type 'python' and name 'converter_pkg'
[1.752s] Level 1:colcon.colcon_core.package_identification:_identify(src/Packages/diffdrive_arduino) by extensions ['ignore', 'ignore_ament_install']
[1.752s] Level 1:colcon.colcon_core.package_identification:_identify(src/Packages/diffdrive_arduino) by extension 'ignore'
[1.753s] Level 1:colcon.colcon_core.package_identification:_identify(src/Packages/diffdrive_arduino) by extension 'ignore_ament_install'
[1.753s] Level 1:colcon.colcon_core.package_identification:_identify(src/Packages/diffdrive_arduino) by extensions ['colcon_pkg']
[1.753s] Level 1:colcon.colcon_core.package_identification:_identify(src/Packages/diffdrive_arduino) by extension 'colcon_pkg'
[1.753s] Level 1:colcon.colcon_core.package_identification:_identify(src/Packages/diffdrive_arduino) by extensions ['colcon_meta']
[1.753s] Level 1:colcon.colcon_core.package_identification:_identify(src/Packages/diffdrive_arduino) by extension 'colcon_meta'
[1.754s] Level 1:colcon.colcon_core.package_identification:_identify(src/Packages/diffdrive_arduino) by extensions ['ros']
[1.754s] Level 1:colcon.colcon_core.package_identification:_identify(src/Packages/diffdrive_arduino) by extension 'ros'
[1.757s] DEBUG:colcon.colcon_core.package_identification:Package 'src/Packages/diffdrive_arduino' with type 'ros.ament_cmake' and name 'diffdrive_arduino'
[1.758s] Level 1:colcon.colcon_core.package_identification:_identify(src/Packages/rplidar_ros2) by extensions ['ignore', 'ignore_ament_install']
[1.758s] Level 1:colcon.colcon_core.package_identification:_identify(src/Packages/rplidar_ros2) by extension 'ignore'
[1.759s] Level 1:colcon.colcon_core.package_identification:_identify(src/Packages/rplidar_ros2) by extension 'ignore_ament_install'
[1.759s] Level 1:colcon.colcon_core.package_identification:_identify(src/Packages/rplidar_ros2) by extensions ['colcon_pkg']
[1.759s] Level 1:colcon.colcon_core.package_identification:_identify(src/Packages/rplidar_ros2) by extension 'colcon_pkg'
[1.759s] Level 1:colcon.colcon_core.package_identification:_identify(src/Packages/rplidar_ros2) by extensions ['colcon_meta']
[1.759s] Level 1:colcon.colcon_core.package_identification:_identify(src/Packages/rplidar_ros2) by extension 'colcon_meta'
[1.759s] Level 1:colcon.colcon_core.package_identification:_identify(src/Packages/rplidar_ros2) by extensions ['ros']
[1.759s] Level 1:colcon.colcon_core.package_identification:_identify(src/Packages/rplidar_ros2) by extension 'ros'
[1.761s] DEBUG:colcon.colcon_core.package_identification:Package 'src/Packages/rplidar_ros2' with type 'ros.ament_cmake' and name 'rplidar_ros'
[1.762s] Level 1:colcon.colcon_core.package_discovery:discover_packages(recursive) using defaults
[1.762s] Level 1:colcon.colcon_core.package_discovery:discover_packages(ignore) discover
[1.762s] Level 1:colcon.colcon_core.package_discovery:discover_packages(ignore) using defaults
[1.762s] Level 1:colcon.colcon_core.package_discovery:discover_packages(path) discover
[1.762s] Level 1:colcon.colcon_core.package_discovery:discover_packages(path) using defaults
[1.834s] Level 1:colcon.colcon_core.package_discovery:discover_packages(prefix_path) check parameters
[1.834s] Level 1:colcon.colcon_core.package_discovery:discover_packages(prefix_path) discover
[1.842s] DEBUG:colcon.colcon_installed_package_information.package_discovery:Found 1 installed packages in /home/robot/ros2_ws/install
[1.856s] DEBUG:colcon.colcon_installed_package_information.package_discovery:Found 383 installed packages in /opt/ros/jazzy
[1.864s] Level 1:colcon.colcon_core.package_discovery:discover_packages(prefix_path) using defaults
[2.109s] Level 5:colcon.colcon_core.verb:set package 'converter_pkg' build argument 'cmake_args' from command line to 'None'
[2.109s] Level 5:colcon.colcon_core.verb:set package 'converter_pkg' build argument 'cmake_target' from command line to 'None'
[2.109s] Level 5:colcon.colcon_core.verb:set package 'converter_pkg' build argument 'cmake_target_skip_unavailable' from command line to 'False'
[2.109s] Level 5:colcon.colcon_core.verb:set package 'converter_pkg' build argument 'cmake_clean_cache' from command line to 'False'
[2.109s] Level 5:colcon.colcon_core.verb:set package 'converter_pkg' build argument 'cmake_clean_first' from command line to 'False'
[2.110s] Level 5:colcon.colcon_core.verb:set package 'converter_pkg' build argument 'cmake_force_configure' from command line to 'False'
[2.110s] Level 5:colcon.colcon_core.verb:set package 'converter_pkg' build argument 'ament_cmake_args' from command line to 'None'
[2.110s] Level 5:colcon.colcon_core.verb:set package 'converter_pkg' build argument 'catkin_cmake_args' from command line to 'None'
[2.110s] Level 5:colcon.colcon_core.verb:set package 'converter_pkg' build argument 'catkin_skip_building_tests' from command line to 'False'
[2.110s] DEBUG:colcon.colcon_core.verb:Building package 'converter_pkg' with the following arguments: {'ament_cmake_args': None, 'build_base': '/home/robot/pic2/build/converter_pkg', 'catkin_cmake_args': None, 'catkin_skip_building_tests': False, 'cmake_args': None, 'cmake_clean_cache': False, 'cmake_clean_first': False, 'cmake_force_configure': False, 'cmake_target': None, 'cmake_target_skip_unavailable': False, 'install_base': '/home/robot/pic2/install/converter_pkg', 'merge_install': False, 'path': '/home/robot/pic2/src/Packages/converter_pkg', 'symlink_install': False, 'test_result_base': None}
[2.111s] Level 5:colcon.colcon_core.verb:set package 'diffdrive_arduino' build argument 'cmake_args' from command line to 'None'
[2.111s] Level 5:colcon.colcon_core.verb:set package 'diffdrive_arduino' build argument 'cmake_target' from command line to 'None'
[2.111s] Level 5:colcon.colcon_core.verb:set package 'diffdrive_arduino' build argument 'cmake_target_skip_unavailable' from command line to 'False'
[2.112s] Level 5:colcon.colcon_core.verb:set package 'diffdrive_arduino' build argument 'cmake_clean_cache' from command line to 'False'
[2.112s] Level 5:colcon.colcon_core.verb:set package 'diffdrive_arduino' build argument 'cmake_clean_first' from command line to 'False'
[2.112s] Level 5:colcon.colcon_core.verb:set package 'diffdrive_arduino' build argument 'cmake_force_configure' from command line to 'False'
[2.112s] Level 5:colcon.colcon_core.verb:set package 'diffdrive_arduino' build argument 'ament_cmake_args' from command line to 'None'
[2.112s] Level 5:colcon.colcon_core.verb:set package 'diffdrive_arduino' build argument 'catkin_cmake_args' from command line to 'None'
[2.112s] Level 5:colcon.colcon_core.verb:set package 'diffdrive_arduino' build argument 'catkin_skip_building_tests' from command line to 'False'
[2.112s] DEBUG:colcon.colcon_core.verb:Building package 'diffdrive_arduino' with the following arguments: {'ament_cmake_args': None, 'build_base': '/home/robot/pic2/build/diffdrive_arduino', 'catkin_cmake_args': None, 'catkin_skip_building_tests': False, 'cmake_args': None, 'cmake_clean_cache': False, 'cmake_clean_first': False, 'cmake_force_configure': False, 'cmake_target': None, 'cmake_target_skip_unavailable': False, 'install_base': '/home/robot/pic2/install/diffdrive_arduino', 'merge_install': False, 'path': '/home/robot/pic2/src/Packages/diffdrive_arduino', 'symlink_install': False, 'test_result_base': None}
[2.113s] Level 5:colcon.colcon_core.verb:set package 'rplidar_ros' build argument 'cmake_args' from command line to 'None'
[2.114s] Level 5:colcon.colcon_core.verb:set package 'rplidar_ros' build argument 'cmake_target' from command line to 'None'
[2.114s] Level 5:colcon.colcon_core.verb:set package 'rplidar_ros' build argument 'cmake_target_skip_unavailable' from command line to 'False'
[2.114s] Level 5:colcon.colcon_core.verb:set package 'rplidar_ros' build argument 'cmake_clean_cache' from command line to 'False'
[2.114s] Level 5:colcon.colcon_core.verb:set package 'rplidar_ros' build argument 'cmake_clean_first' from command line to 'False'
[2.114s] Level 5:colcon.colcon_core.verb:set package 'rplidar_ros' build argument 'cmake_force_configure' from command line to 'False'
[2.114s] Level 5:colcon.colcon_core.verb:set package 'rplidar_ros' build argument 'ament_cmake_args' from command line to 'None'
[2.114s] Level 5:colcon.colcon_core.verb:set package 'rplidar_ros' build argument 'catkin_cmake_args' from command line to 'None'
[2.114s] Level 5:colcon.colcon_core.verb:set package 'rplidar_ros' build argument 'catkin_skip_building_tests' from command line to 'False'
[2.114s] DEBUG:colcon.colcon_core.verb:Building package 'rplidar_ros' with the following arguments: {'ament_cmake_args': None, 'build_base': '/home/robot/pic2/build/rplidar_ros', 'catkin_cmake_args': None, 'catkin_skip_building_tests': False, 'cmake_args': None, 'cmake_clean_cache': False, 'cmake_clean_first': False, 'cmake_force_configure': False, 'cmake_target': None, 'cmake_target_skip_unavailable': False, 'install_base': '/home/robot/pic2/install/rplidar_ros', 'merge_install': False, 'path': '/home/robot/pic2/src/Packages/rplidar_ros2', 'symlink_install': False, 'test_result_base': None}
[2.115s] INFO:colcon.colcon_core.executor:Executing jobs using 'parallel' executor
[2.118s] DEBUG:colcon.colcon_parallel_executor.executor.parallel:run_until_complete
[2.119s] INFO:colcon.colcon_core.task.python.build:Building Python package in '/home/robot/pic2/src/Packages/converter_pkg'
[2.126s] INFO:colcon.colcon_core.plugin_system:Skipping extension 'colcon_core.shell.bat': Not used on non-Windows systems
[2.127s] INFO:colcon.colcon_core.shell:Skip shell extension 'powershell' for command environment: Not usable outside of PowerShell
[2.127s] DEBUG:colcon.colcon_core.shell:Skip shell extension 'dsv' for command environment
[2.151s] INFO:colcon.colcon_ros.task.ament_cmake.build:Building ROS package in '/home/robot/pic2/src/Packages/diffdrive_arduino' with build type 'ament_cmake'
[2.152s] INFO:colcon.colcon_cmake.task.cmake.build:Building CMake package in '/home/robot/pic2/src/Packages/diffdrive_arduino'
[2.153s] INFO:colcon.colcon_core.shell:Skip shell extension 'powershell' for command environment: Not usable outside of PowerShell
[2.153s] DEBUG:colcon.colcon_core.shell:Skip shell extension 'dsv' for command environment
[2.177s] INFO:colcon.colcon_ros.task.ament_cmake.build:Building ROS package in '/home/robot/pic2/src/Packages/rplidar_ros2' with build type 'ament_cmake'
[2.178s] INFO:colcon.colcon_cmake.task.cmake.build:Building CMake package in '/home/robot/pic2/src/Packages/rplidar_ros2'
[2.178s] INFO:colcon.colcon_core.shell:Skip shell extension 'powershell' for command environment: Not usable outside of PowerShell
[2.179s] DEBUG:colcon.colcon_core.shell:Skip shell extension 'dsv' for command environment
[3.195s] DEBUG:colcon.colcon_core.event_handler.log_command:Invoking command in '/home/robot/pic2/build/diffdrive_arduino': CMAKE_PREFIX_PATH=${CMAKE_PREFIX_PATH}:/opt/ros/jazzy /usr/bin/cmake --build /home/robot/pic2/build/diffdrive_arduino -- -j4 -l4
[3.213s] DEBUG:colcon.colcon_core.event_handler.log_command:Invoking command in '/home/robot/pic2/build/rplidar_ros': CMAKE_PREFIX_PATH=${CMAKE_PREFIX_PATH}:/opt/ros/jazzy /usr/bin/cmake --build /home/robot/pic2/build/rplidar_ros -- -j4 -l4
[3.701s] DEBUG:colcon.colcon_core.event_handler.log_command:Invoked command in '/home/robot/pic2/build/diffdrive_arduino' returned '0': CMAKE_PREFIX_PATH=${CMAKE_PREFIX_PATH}:/opt/ros/jazzy /usr/bin/cmake --build /home/robot/pic2/build/diffdrive_arduino -- -j4 -l4
[3.771s] DEBUG:colcon.colcon_core.event_handler.log_command:Invoking command in '/home/robot/pic2/build/diffdrive_arduino': CMAKE_PREFIX_PATH=${CMAKE_PREFIX_PATH}:/opt/ros/jazzy /usr/bin/cmake --install /home/robot/pic2/build/diffdrive_arduino
[3.863s] Level 1:colcon.colcon_core.environment:create_environment_scripts_only(diffdrive_arduino)
[3.881s] DEBUG:colcon.colcon_core.event_handler.log_command:Invoked command in '/home/robot/pic2/build/diffdrive_arduino' returned '0': CMAKE_PREFIX_PATH=${CMAKE_PREFIX_PATH}:/opt/ros/jazzy /usr/bin/cmake --install /home/robot/pic2/build/diffdrive_arduino
[3.889s] Level 1:colcon.colcon_core.environment:checking '/home/robot/pic2/install/diffdrive_arduino' for CMake module files
[3.893s] Level 1:colcon.colcon_core.environment:checking '/home/robot/pic2/install/diffdrive_arduino' for CMake config files
[3.896s] Level 1:colcon.colcon_core.shell:create_environment_hook('diffdrive_arduino', 'cmake_prefix_path')
[3.897s] INFO:colcon.colcon_core.shell:Creating environment hook '/home/robot/pic2/install/diffdrive_arduino/share/diffdrive_arduino/hook/cmake_prefix_path.ps1'
[3.900s] INFO:colcon.colcon_core.shell:Creating environment descriptor '/home/robot/pic2/install/diffdrive_arduino/share/diffdrive_arduino/hook/cmake_prefix_path.dsv'
[3.903s] INFO:colcon.colcon_core.shell:Creating environment hook '/home/robot/pic2/install/diffdrive_arduino/share/diffdrive_arduino/hook/cmake_prefix_path.sh'
[3.907s] Level 1:colcon.colcon_core.environment:checking '/home/robot/pic2/install/diffdrive_arduino/lib'
[3.908s] Level 1:colcon.colcon_core.shell:create_environment_hook('diffdrive_arduino', 'ld_library_path_lib')
[3.909s] INFO:colcon.colcon_core.shell:Creating environment hook '/home/robot/pic2/install/diffdrive_arduino/share/diffdrive_arduino/hook/ld_library_path_lib.ps1'
[3.912s] INFO:colcon.colcon_core.shell:Creating environment descriptor '/home/robot/pic2/install/diffdrive_arduino/share/diffdrive_arduino/hook/ld_library_path_lib.dsv'
[3.914s] INFO:colcon.colcon_core.shell:Creating environment hook '/home/robot/pic2/install/diffdrive_arduino/share/diffdrive_arduino/hook/ld_library_path_lib.sh'
[3.917s] Level 1:colcon.colcon_core.environment:checking '/home/robot/pic2/install/diffdrive_arduino/bin'
[3.917s] Level 1:colcon.colcon_core.environment:checking '/home/robot/pic2/install/diffdrive_arduino/lib/pkgconfig/diffdrive_arduino.pc'
[3.918s] Level 1:colcon.colcon_core.environment:checking '/home/robot/pic2/install/diffdrive_arduino/lib/python3.12/site-packages'
[3.920s] Level 1:colcon.colcon_core.environment:checking '/home/robot/pic2/install/diffdrive_arduino/bin'
[3.922s] INFO:colcon.colcon_core.shell:Creating package script '/home/robot/pic2/install/diffdrive_arduino/share/diffdrive_arduino/package.ps1'
[3.927s] INFO:colcon.colcon_core.shell:Creating package descriptor '/home/robot/pic2/install/diffdrive_arduino/share/diffdrive_arduino/package.dsv'
[3.931s] INFO:colcon.colcon_core.shell:Creating package script '/home/robot/pic2/install/diffdrive_arduino/share/diffdrive_arduino/package.sh'
[3.935s] INFO:colcon.colcon_core.shell:Creating package script '/home/robot/pic2/install/diffdrive_arduino/share/diffdrive_arduino/package.bash'
[3.939s] INFO:colcon.colcon_core.shell:Creating package script '/home/robot/pic2/install/diffdrive_arduino/share/diffdrive_arduino/package.zsh'
[3.942s] Level 1:colcon.colcon_core.environment:create_file_with_runtime_dependencies(/home/robot/pic2/install/diffdrive_arduino/share/colcon-core/packages/diffdrive_arduino)
[3.945s] Level 1:colcon.colcon_core.environment:create_environment_scripts_only(diffdrive_arduino)
[3.946s] Level 1:colcon.colcon_core.environment:checking '/home/robot/pic2/install/diffdrive_arduino' for CMake module files
[3.950s] Level 1:colcon.colcon_core.environment:checking '/home/robot/pic2/install/diffdrive_arduino' for CMake config files
[3.953s] Level 1:colcon.colcon_core.shell:create_environment_hook('diffdrive_arduino', 'cmake_prefix_path')
[3.953s] INFO:colcon.colcon_core.shell:Creating environment hook '/home/robot/pic2/install/diffdrive_arduino/share/diffdrive_arduino/hook/cmake_prefix_path.ps1'
[3.955s] INFO:colcon.colcon_core.shell:Creating environment descriptor '/home/robot/pic2/install/diffdrive_arduino/share/diffdrive_arduino/hook/cmake_prefix_path.dsv'
[3.959s] INFO:colcon.colcon_core.shell:Creating environment hook '/home/robot/pic2/install/diffdrive_arduino/share/diffdrive_arduino/hook/cmake_prefix_path.sh'
[3.962s] Level 1:colcon.colcon_core.environment:checking '/home/robot/pic2/install/diffdrive_arduino/lib'
[3.962s] Level 1:colcon.colcon_core.shell:create_environment_hook('diffdrive_arduino', 'ld_library_path_lib')
[3.963s] INFO:colcon.colcon_core.shell:Creating environment hook '/home/robot/pic2/install/diffdrive_arduino/share/diffdrive_arduino/hook/ld_library_path_lib.ps1'
[3.965s] INFO:colcon.colcon_core.shell:Creating environment descriptor '/home/robot/pic2/install/diffdrive_arduino/share/diffdrive_arduino/hook/ld_library_path_lib.dsv'
[3.967s] INFO:colcon.colcon_core.shell:Creating environment hook '/home/robot/pic2/install/diffdrive_arduino/share/diffdrive_arduino/hook/ld_library_path_lib.sh'
[3.969s] Level 1:colcon.colcon_core.environment:checking '/home/robot/pic2/install/diffdrive_arduino/bin'
[3.969s] Level 1:colcon.colcon_core.environment:checking '/home/robot/pic2/install/diffdrive_arduino/lib/pkgconfig/diffdrive_arduino.pc'
[3.970s] Level 1:colcon.colcon_core.environment:checking '/home/robot/pic2/install/diffdrive_arduino/lib/python3.12/site-packages'
[3.971s] Level 1:colcon.colcon_core.environment:checking '/home/robot/pic2/install/diffdrive_arduino/bin'
[3.973s] INFO:colcon.colcon_core.shell:Creating package script '/home/robot/pic2/install/diffdrive_arduino/share/diffdrive_arduino/package.ps1'
[3.976s] INFO:colcon.colcon_core.shell:Creating package descriptor '/home/robot/pic2/install/diffdrive_arduino/share/diffdrive_arduino/package.dsv'
[3.979s] INFO:colcon.colcon_core.shell:Creating package script '/home/robot/pic2/install/diffdrive_arduino/share/diffdrive_arduino/package.sh'
[3.981s] INFO:colcon.colcon_core.shell:Creating package script '/home/robot/pic2/install/diffdrive_arduino/share/diffdrive_arduino/package.bash'
[3.983s] INFO:colcon.colcon_core.shell:Creating package script '/home/robot/pic2/install/diffdrive_arduino/share/diffdrive_arduino/package.zsh'
[3.985s] Level 1:colcon.colcon_core.environment:create_file_with_runtime_dependencies(/home/robot/pic2/install/diffdrive_arduino/share/colcon-core/packages/diffdrive_arduino)
[3.991s] DEBUG:colcon.colcon_core.event_handler.log_command:Invoked command in '/home/robot/pic2/build/rplidar_ros' returned '0': CMAKE_PREFIX_PATH=${CMAKE_PREFIX_PATH}:/opt/ros/jazzy /usr/bin/cmake --build /home/robot/pic2/build/rplidar_ros -- -j4 -l4
[3.996s] DEBUG:colcon.colcon_core.event_handler.log_command:Invoking command in '/home/robot/pic2/build/rplidar_ros': CMAKE_PREFIX_PATH=${CMAKE_PREFIX_PATH}:/opt/ros/jazzy /usr/bin/cmake --install /home/robot/pic2/build/rplidar_ros
[4.075s] Level 1:colcon.colcon_core.environment:create_environment_scripts_only(rplidar_ros)
[4.075s] Level 1:colcon.colcon_core.environment:checking '/home/robot/pic2/install/rplidar_ros' for CMake module files
[4.077s] DEBUG:colcon.colcon_core.event_handler.log_command:Invoked command in '/home/robot/pic2/build/rplidar_ros' returned '0': CMAKE_PREFIX_PATH=${CMAKE_PREFIX_PATH}:/opt/ros/jazzy /usr/bin/cmake --install /home/robot/pic2/build/rplidar_ros
[4.080s] Level 1:colcon.colcon_core.environment:checking '/home/robot/pic2/install/rplidar_ros' for CMake config files
[4.082s] Level 1:colcon.colcon_core.shell:create_environment_hook('rplidar_ros', 'cmake_prefix_path')
[4.083s] INFO:colcon.colcon_core.shell:Creating environment hook '/home/robot/pic2/install/rplidar_ros/share/rplidar_ros/hook/cmake_prefix_path.ps1'
[4.085s] INFO:colcon.colcon_core.shell:Creating environment descriptor '/home/robot/pic2/install/rplidar_ros/share/rplidar_ros/hook/cmake_prefix_path.dsv'
[4.089s] INFO:colcon.colcon_core.shell:Creating environment hook '/home/robot/pic2/install/rplidar_ros/share/rplidar_ros/hook/cmake_prefix_path.sh'
[4.091s] Level 1:colcon.colcon_core.environment:checking '/home/robot/pic2/install/rplidar_ros/lib'
[4.092s] Level 1:colcon.colcon_core.shell:create_environment_hook('rplidar_ros', 'ld_library_path_lib')
[4.092s] INFO:colcon.colcon_core.shell:Creating environment hook '/home/robot/pic2/install/rplidar_ros/share/rplidar_ros/hook/ld_library_path_lib.ps1'
[4.094s] INFO:colcon.colcon_core.shell:Creating environment descriptor '/home/robot/pic2/install/rplidar_ros/share/rplidar_ros/hook/ld_library_path_lib.dsv'
[4.096s] INFO:colcon.colcon_core.shell:Creating environment hook '/home/robot/pic2/install/rplidar_ros/share/rplidar_ros/hook/ld_library_path_lib.sh'
[4.098s] Level 1:colcon.colcon_core.environment:checking '/home/robot/pic2/install/rplidar_ros/bin'
[4.098s] Level 1:colcon.colcon_core.environment:checking '/home/robot/pic2/install/rplidar_ros/lib/pkgconfig/rplidar_ros.pc'
[4.099s] Level 1:colcon.colcon_core.environment:checking '/home/robot/pic2/install/rplidar_ros/lib/python3.12/site-packages'
[4.101s] Level 1:colcon.colcon_core.environment:checking '/home/robot/pic2/install/rplidar_ros/bin'
[4.102s] INFO:colcon.colcon_core.shell:Creating package script '/home/robot/pic2/install/rplidar_ros/share/rplidar_ros/package.ps1'
[4.105s] INFO:colcon.colcon_core.shell:Creating package descriptor '/home/robot/pic2/install/rplidar_ros/share/rplidar_ros/package.dsv'
[4.107s] INFO:colcon.colcon_core.shell:Creating package script '/home/robot/pic2/install/rplidar_ros/share/rplidar_ros/package.sh'
[4.109s] INFO:colcon.colcon_core.shell:Creating package script '/home/robot/pic2/install/rplidar_ros/share/rplidar_ros/package.bash'
[4.111s] INFO:colcon.colcon_core.shell:Creating package script '/home/robot/pic2/install/rplidar_ros/share/rplidar_ros/package.zsh'
[4.112s] Level 1:colcon.colcon_core.environment:create_file_with_runtime_dependencies(/home/robot/pic2/install/rplidar_ros/share/colcon-core/packages/rplidar_ros)
[4.115s] Level 1:colcon.colcon_core.environment:create_environment_scripts_only(rplidar_ros)
[4.116s] Level 1:colcon.colcon_core.environment:checking '/home/robot/pic2/install/rplidar_ros' for CMake module files
[4.119s] Level 1:colcon.colcon_core.environment:checking '/home/robot/pic2/install/rplidar_ros' for CMake config files
[4.121s] Level 1:colcon.colcon_core.shell:create_environment_hook('rplidar_ros', 'cmake_prefix_path')
[4.122s] INFO:colcon.colcon_core.shell:Creating environment hook '/home/robot/pic2/install/rplidar_ros/share/rplidar_ros/hook/cmake_prefix_path.ps1'
[4.124s] INFO:colcon.colcon_core.shell:Creating environment descriptor '/home/robot/pic2/install/rplidar_ros/share/rplidar_ros/hook/cmake_prefix_path.dsv'
[4.127s] INFO:colcon.colcon_core.shell:Creating environment hook '/home/robot/pic2/install/rplidar_ros/share/rplidar_ros/hook/cmake_prefix_path.sh'
[4.131s] Level 1:colcon.colcon_core.environment:checking '/home/robot/pic2/install/rplidar_ros/lib'
[4.131s] Level 1:colcon.colcon_core.shell:create_environment_hook('rplidar_ros', 'ld_library_path_lib')
[4.132s] INFO:colcon.colcon_core.shell:Creating environment hook '/home/robot/pic2/install/rplidar_ros/share/rplidar_ros/hook/ld_library_path_lib.ps1'
[4.134s] INFO:colcon.colcon_core.shell:Creating environment descriptor '/home/robot/pic2/install/rplidar_ros/share/rplidar_ros/hook/ld_library_path_lib.dsv'
[4.136s] INFO:colcon.colcon_core.shell:Creating environment hook '/home/robot/pic2/install/rplidar_ros/share/rplidar_ros/hook/ld_library_path_lib.sh'
[4.138s] Level 1:colcon.colcon_core.environment:checking '/home/robot/pic2/install/rplidar_ros/bin'
[4.138s] Level 1:colcon.colcon_core.environment:checking '/home/robot/pic2/install/rplidar_ros/lib/pkgconfig/rplidar_ros.pc'
[4.139s] Level 1:colcon.colcon_core.environment:checking '/home/robot/pic2/install/rplidar_ros/lib/python3.12/site-packages'
[4.141s] Level 1:colcon.colcon_core.environment:checking '/home/robot/pic2/install/rplidar_ros/bin'
[4.142s] INFO:colcon.colcon_core.shell:Creating package script '/home/robot/pic2/install/rplidar_ros/share/rplidar_ros/package.ps1'
[4.145s] INFO:colcon.colcon_core.shell:Creating package descriptor '/home/robot/pic2/install/rplidar_ros/share/rplidar_ros/package.dsv'
[4.149s] INFO:colcon.colcon_core.shell:Creating package script '/home/robot/pic2/install/rplidar_ros/share/rplidar_ros/package.sh'
[4.151s] INFO:colcon.colcon_core.shell:Creating package script '/home/robot/pic2/install/rplidar_ros/share/rplidar_ros/package.bash'
[4.153s] INFO:colcon.colcon_core.shell:Creating package script '/home/robot/pic2/install/rplidar_ros/share/rplidar_ros/package.zsh'
[4.155s] Level 1:colcon.colcon_core.environment:create_file_with_runtime_dependencies(/home/robot/pic2/install/rplidar_ros/share/colcon-core/packages/rplidar_ros)
[6.141s] DEBUG:colcon.colcon_core.event_handler.log_command:Invoking command in '/home/robot/pic2/src/Packages/converter_pkg': PYTHONPATH=/home/robot/pic2/build/converter_pkg/prefix_override:/usr/lib/python3/dist-packages/colcon_core/task/python/colcon_distutils_commands:/home/robot/pic2/install/converter_pkg/lib/python3.12/site-packages:${PYTHONPATH} /usr/bin/python3 -W ignore:setup.py install is deprecated -W ignore:easy_install command is deprecated setup.py egg_info --egg-base ../../../build/converter_pkg build --build-base /home/robot/pic2/build/converter_pkg/build install --record /home/robot/pic2/build/converter_pkg/install.log --single-version-externally-managed install_data
[8.738s] Level 1:colcon.colcon_core.environment:checking '/home/robot/pic2/install/converter_pkg' for CMake module files
[8.739s] DEBUG:colcon.colcon_core.event_handler.log_command:Invoked command in '/home/robot/pic2/src/Packages/converter_pkg' returned '0': PYTHONPATH=/home/robot/pic2/build/converter_pkg/prefix_override:/usr/lib/python3/dist-packages/colcon_core/task/python/colcon_distutils_commands:/home/robot/pic2/install/converter_pkg/lib/python3.12/site-packages:${PYTHONPATH} /usr/bin/python3 -W ignore:setup.py install is deprecated -W ignore:easy_install command is deprecated setup.py egg_info --egg-base ../../../build/converter_pkg build --build-base /home/robot/pic2/build/converter_pkg/build install --record /home/robot/pic2/build/converter_pkg/install.log --single-version-externally-managed install_data
[8.741s] Level 1:colcon.colcon_core.environment:checking '/home/robot/pic2/install/converter_pkg' for CMake config files
[8.744s] Level 1:colcon.colcon_core.environment:checking '/home/robot/pic2/install/converter_pkg/lib'
[8.745s] Level 1:colcon.colcon_core.environment:checking '/home/robot/pic2/install/converter_pkg/bin'
[8.746s] Level 1:colcon.colcon_core.environment:checking '/home/robot/pic2/install/converter_pkg/lib/pkgconfig/converter_pkg.pc'
[8.747s] Level 1:colcon.colcon_core.environment:checking '/home/robot/pic2/install/converter_pkg/lib/python3.12/site-packages'
[8.747s] Level 1:colcon.colcon_core.shell:create_environment_hook('converter_pkg', 'pythonpath')
[8.748s] INFO:colcon.colcon_core.shell:Creating environment hook '/home/robot/pic2/install/converter_pkg/share/converter_pkg/hook/pythonpath.ps1'
[8.751s] INFO:colcon.colcon_core.shell:Creating environment descriptor '/home/robot/pic2/install/converter_pkg/share/converter_pkg/hook/pythonpath.dsv'
[8.760s] INFO:colcon.colcon_core.shell:Creating environment hook '/home/robot/pic2/install/converter_pkg/share/converter_pkg/hook/pythonpath.sh'
[8.769s] Level 1:colcon.colcon_core.environment:checking '/home/robot/pic2/install/converter_pkg/bin'
[8.769s] Level 1:colcon.colcon_core.environment:create_environment_scripts_only(converter_pkg)
[8.770s] INFO:colcon.colcon_core.shell:Creating package script '/home/robot/pic2/install/converter_pkg/share/converter_pkg/package.ps1'
[8.774s] INFO:colcon.colcon_core.shell:Creating package descriptor '/home/robot/pic2/install/converter_pkg/share/converter_pkg/package.dsv'
[8.781s] INFO:colcon.colcon_core.shell:Creating package script '/home/robot/pic2/install/converter_pkg/share/converter_pkg/package.sh'
[8.790s] INFO:colcon.colcon_core.shell:Creating package script '/home/robot/pic2/install/converter_pkg/share/converter_pkg/package.bash'
[8.796s] INFO:colcon.colcon_core.shell:Creating package script '/home/robot/pic2/install/converter_pkg/share/converter_pkg/package.zsh'
[8.803s] Level 1:colcon.colcon_core.environment:create_file_with_runtime_dependencies(/home/robot/pic2/install/converter_pkg/share/colcon-core/packages/converter_pkg)
[8.810s] DEBUG:colcon.colcon_parallel_executor.executor.parallel:closing loop
[8.813s] DEBUG:colcon.colcon_parallel_executor.executor.parallel:loop closed
[8.813s] DEBUG:colcon.colcon_parallel_executor.executor.parallel:run_until_complete finished with '0'
[8.814s] DEBUG:colcon.colcon_core.event_reactor:joining thread
[8.819s] DEBUG:colcon.colcon_core.event_reactor:joined thread
[8.820s] INFO:colcon.colcon_core.shell:Creating prefix script '/home/robot/pic2/install/local_setup.ps1'
[8.825s] INFO:colcon.colcon_core.shell:Creating prefix util module '/home/robot/pic2/install/_local_setup_util_ps1.py'
[8.833s] INFO:colcon.colcon_core.shell:Creating prefix chain script '/home/robot/pic2/install/setup.ps1'
[8.840s] INFO:colcon.colcon_core.shell:Creating prefix script '/home/robot/pic2/install/local_setup.sh'
[8.846s] INFO:colcon.colcon_core.shell:Creating prefix util module '/home/robot/pic2/install/_local_setup_util_sh.py'
[8.853s] INFO:colcon.colcon_core.shell:Creating prefix chain script '/home/robot/pic2/install/setup.sh'
[8.861s] INFO:colcon.colcon_core.shell:Creating prefix script '/home/robot/pic2/install/local_setup.bash'
[8.869s] INFO:colcon.colcon_core.shell:Creating prefix chain script '/home/robot/pic2/install/setup.bash'
[8.876s] INFO:colcon.colcon_core.shell:Creating prefix script '/home/robot/pic2/install/local_setup.zsh'
[8.882s] INFO:colcon.colcon_core.shell:Creating prefix chain script '/home/robot/pic2/install/setup.zsh'
