[1.102s] Invoking command in '/home/robot/pic2/build/rplidar_ros': CMAKE_PREFIX_PATH=${CMAKE_PREFIX_PATH}:/home/robot/pic2/install/converter_pkg:/opt/ros/jazzy /usr/bin/cmake --build /home/robot/pic2/build/rplidar_ros -- -j4 -l4
[2.170s] [ 47%] Built target rplidar_node
[2.181s] [ 52%] Built target rplidar_client
[2.192s] [100%] Built target rplidar_composition
[2.316s] Invoked command in '/home/robot/pic2/build/rplidar_ros' returned '0': CMAKE_PREFIX_PATH=${CMAKE_PREFIX_PATH}:/home/robot/pic2/install/converter_pkg:/opt/ros/jazzy /usr/bin/cmake --build /home/robot/pic2/build/rplidar_ros -- -j4 -l4
[2.328s] Invoking command in '/home/robot/pic2/build/rplidar_ros': CMAKE_PREFIX_PATH=${CMAKE_PREFIX_PATH}:/home/robot/pic2/install/converter_pkg:/opt/ros/jazzy /usr/bin/cmake --install /home/robot/pic2/build/rplidar_ros
[2.389s] -- Install configuration: ""
[2.394s] -- Execute custom install script
[2.397s] -- Up-to-date symlink: /home/robot/pic2/install/rplidar_ros/share/rplidar_ros/launch/rplidar_a1_launch.py
[2.398s] -- Up-to-date symlink: /home/robot/pic2/install/rplidar_ros/share/rplidar_ros/launch/rplidar_a2m12_launch.py
[2.399s] -- Up-to-date symlink: /home/robot/pic2/install/rplidar_ros/share/rplidar_ros/launch/rplidar_a2m7_launch.py
[2.399s] -- Up-to-date symlink: /home/robot/pic2/install/rplidar_ros/share/rplidar_ros/launch/rplidar_a2m8_launch.py
[2.400s] -- Up-to-date symlink: /home/robot/pic2/install/rplidar_ros/share/rplidar_ros/launch/rplidar_a3_launch.py
[2.401s] -- Up-to-date symlink: /home/robot/pic2/install/rplidar_ros/share/rplidar_ros/launch/rplidar_c1_launch.py
[2.403s] -- Up-to-date symlink: /home/robot/pic2/install/rplidar_ros/share/rplidar_ros/launch/rplidar_s1_launch.py
[2.403s] -- Up-to-date symlink: /home/robot/pic2/install/rplidar_ros/share/rplidar_ros/launch/rplidar_s1_tcp_launch.py
[2.405s] -- Up-to-date symlink: /home/robot/pic2/install/rplidar_ros/share/rplidar_ros/launch/rplidar_s2_launch.py
[2.405s] -- Up-to-date symlink: /home/robot/pic2/install/rplidar_ros/share/rplidar_ros/launch/rplidar_s2e_launch.py
[2.406s] -- Up-to-date symlink: /home/robot/pic2/install/rplidar_ros/share/rplidar_ros/launch/rplidar_s3_launch.py
[2.407s] -- Up-to-date symlink: /home/robot/pic2/install/rplidar_ros/share/rplidar_ros/launch/rplidar_t1_launch.py
[2.408s] -- Up-to-date symlink: /home/robot/pic2/install/rplidar_ros/share/rplidar_ros/launch/view_rplidar_a1_launch.py
[2.409s] -- Up-to-date symlink: /home/robot/pic2/install/rplidar_ros/share/rplidar_ros/launch/view_rplidar_a2m12_launch.py
[2.410s] -- Up-to-date symlink: /home/robot/pic2/install/rplidar_ros/share/rplidar_ros/launch/view_rplidar_a2m7_launch.py
[2.410s] -- Up-to-date symlink: /home/robot/pic2/install/rplidar_ros/share/rplidar_ros/launch/view_rplidar_a2m8_launch.py
[2.411s] -- Up-to-date symlink: /home/robot/pic2/install/rplidar_ros/share/rplidar_ros/launch/view_rplidar_a3_launch.py
[2.412s] -- Up-to-date symlink: /home/robot/pic2/install/rplidar_ros/share/rplidar_ros/launch/view_rplidar_c1_launch.py
[2.412s] -- Up-to-date symlink: /home/robot/pic2/install/rplidar_ros/share/rplidar_ros/launch/view_rplidar_s1_launch.py
[2.418s] -- Up-to-date symlink: /home/robot/pic2/install/rplidar_ros/share/rplidar_ros/launch/view_rplidar_s1_tcp_launch.py
[2.418s] -- Up-to-date symlink: /home/robot/pic2/install/rplidar_ros/share/rplidar_ros/launch/view_rplidar_s2_launch.py
[2.419s] -- Up-to-date symlink: /home/robot/pic2/install/rplidar_ros/share/rplidar_ros/launch/view_rplidar_s2e_launch.py
[2.420s] -- Up-to-date symlink: /home/robot/pic2/install/rplidar_ros/share/rplidar_ros/launch/view_rplidar_s3_launch.py
[2.421s] -- Up-to-date symlink: /home/robot/pic2/install/rplidar_ros/share/rplidar_ros/launch/view_rplidar_t1_launch.py
[2.422s] -- Up-to-date symlink: /home/robot/pic2/install/rplidar_ros/share/rplidar_ros/rviz/rplidar_ros.rviz
[2.424s] -- Up-to-date symlink: /home/robot/pic2/install/rplidar_ros/lib/rplidar_ros/rplidar_node
[2.426s] -- Up-to-date symlink: /home/robot/pic2/install/rplidar_ros/lib/rplidar_ros/rplidar_composition
[2.426s] -- Up-to-date symlink: /home/robot/pic2/install/rplidar_ros/lib/rplidar_ros/rplidar_client
[2.427s] -- Up-to-date symlink: /home/robot/pic2/install/rplidar_ros/share/ament_index/resource_index/package_run_dependencies/rplidar_ros
[2.429s] -- Up-to-date symlink: /home/robot/pic2/install/rplidar_ros/share/ament_index/resource_index/parent_prefix_path/rplidar_ros
[2.430s] -- Up-to-date symlink: /home/robot/pic2/install/rplidar_ros/share/rplidar_ros/environment/ament_prefix_path.sh
[2.432s] -- Up-to-date symlink: /home/robot/pic2/install/rplidar_ros/share/rplidar_ros/environment/ament_prefix_path.dsv
[2.435s] -- Up-to-date symlink: /home/robot/pic2/install/rplidar_ros/share/rplidar_ros/environment/path.sh
[2.437s] -- Up-to-date symlink: /home/robot/pic2/install/rplidar_ros/share/rplidar_ros/environment/path.dsv
[2.438s] -- Up-to-date symlink: /home/robot/pic2/install/rplidar_ros/share/rplidar_ros/local_setup.bash
[2.439s] -- Up-to-date symlink: /home/robot/pic2/install/rplidar_ros/share/rplidar_ros/local_setup.sh
[2.440s] -- Up-to-date symlink: /home/robot/pic2/install/rplidar_ros/share/rplidar_ros/local_setup.zsh
[2.441s] -- Up-to-date symlink: /home/robot/pic2/install/rplidar_ros/share/rplidar_ros/local_setup.dsv
[2.441s] -- Symlinking: /home/robot/pic2/install/rplidar_ros/share/rplidar_ros/package.dsv
[2.511s] -- Up-to-date symlink: /home/robot/pic2/install/rplidar_ros/share/ament_index/resource_index/packages/rplidar_ros
[2.512s] -- Up-to-date symlink: /home/robot/pic2/install/rplidar_ros/share/rplidar_ros/cmake/ament_cmake_export_dependencies-extras.cmake
[2.514s] -- Up-to-date symlink: /home/robot/pic2/install/rplidar_ros/share/rplidar_ros/cmake/ament_cmake_export_include_directories-extras.cmake
[2.515s] -- Up-to-date symlink: /home/robot/pic2/install/rplidar_ros/share/rplidar_ros/cmake/rplidar_rosConfig.cmake
[2.516s] -- Up-to-date symlink: /home/robot/pic2/install/rplidar_ros/share/rplidar_ros/cmake/rplidar_rosConfig-version.cmake
[2.517s] -- Up-to-date symlink: /home/robot/pic2/install/rplidar_ros/share/rplidar_ros/package.xml
[2.526s] Invoked command in '/home/robot/pic2/build/rplidar_ros' returned '0': CMAKE_PREFIX_PATH=${CMAKE_PREFIX_PATH}:/home/robot/pic2/install/converter_pkg:/opt/ros/jazzy /usr/bin/cmake --install /home/robot/pic2/build/rplidar_ros
