[1.075s] Invoking command in '/home/robot/pic2/build/rplidar_ros': CMAKE_PREFIX_PATH=${CMAKE_PREFIX_PATH}:/home/robot/pic2/install/converter_pkg:/opt/ros/jazzy /usr/bin/cmake --build /home/robot/pic2/build/rplidar_ros -- -j4 -l4
[1.535s] [  5%] Built target rplidar_client
[1.568s] [ 52%] Built target rplidar_composition
[1.633s] [100%] Built target rplidar_node
[1.716s] Invoked command in '/home/robot/pic2/build/rplidar_ros' returned '0': CMAKE_PREFIX_PATH=${CMAKE_PREFIX_PATH}:/home/robot/pic2/install/converter_pkg:/opt/ros/jazzy /usr/bin/cmake --build /home/robot/pic2/build/rplidar_ros -- -j4 -l4
[1.723s] Invoking command in '/home/robot/pic2/build/rplidar_ros': CMAKE_PREFIX_PATH=${CMAKE_PREFIX_PATH}:/home/robot/pic2/install/converter_pkg:/opt/ros/jazzy /usr/bin/cmake --install /home/robot/pic2/build/rplidar_ros
[1.788s] -- Install configuration: ""
[1.790s] -- Execute custom install script
[1.793s] -- Up-to-date symlink: /home/robot/pic2/install/rplidar_ros/share/rplidar_ros/launch/rplidar_a1_launch.py
[1.796s] -- Up-to-date symlink: /home/robot/pic2/install/rplidar_ros/share/rplidar_ros/launch/rplidar_a2m12_launch.py
[1.797s] -- Up-to-date symlink: /home/robot/pic2/install/rplidar_ros/share/rplidar_ros/launch/rplidar_a2m7_launch.py
[1.798s] -- Up-to-date symlink: /home/robot/pic2/install/rplidar_ros/share/rplidar_ros/launch/rplidar_a2m8_launch.py
[1.799s] -- Up-to-date symlink: /home/robot/pic2/install/rplidar_ros/share/rplidar_ros/launch/rplidar_a3_launch.py
[1.799s] -- Up-to-date symlink: /home/robot/pic2/install/rplidar_ros/share/rplidar_ros/launch/rplidar_c1_launch.py
[1.800s] -- Up-to-date symlink: /home/robot/pic2/install/rplidar_ros/share/rplidar_ros/launch/rplidar_s1_launch.py
[1.801s] -- Up-to-date symlink: /home/robot/pic2/install/rplidar_ros/share/rplidar_ros/launch/rplidar_s1_tcp_launch.py
[1.801s] -- Up-to-date symlink: /home/robot/pic2/install/rplidar_ros/share/rplidar_ros/launch/rplidar_s2_launch.py
[1.802s] -- Up-to-date symlink: /home/robot/pic2/install/rplidar_ros/share/rplidar_ros/launch/rplidar_s2e_launch.py
[1.803s] -- Up-to-date symlink: /home/robot/pic2/install/rplidar_ros/share/rplidar_ros/launch/rplidar_s3_launch.py
[1.804s] -- Up-to-date symlink: /home/robot/pic2/install/rplidar_ros/share/rplidar_ros/launch/rplidar_t1_launch.py
[1.805s] -- Up-to-date symlink: /home/robot/pic2/install/rplidar_ros/share/rplidar_ros/launch/view_rplidar_a1_launch.py
[1.805s] -- Up-to-date symlink: /home/robot/pic2/install/rplidar_ros/share/rplidar_ros/launch/view_rplidar_a2m12_launch.py
[1.806s] -- Up-to-date symlink: /home/robot/pic2/install/rplidar_ros/share/rplidar_ros/launch/view_rplidar_a2m7_launch.py
[1.807s] -- Up-to-date symlink: /home/robot/pic2/install/rplidar_ros/share/rplidar_ros/launch/view_rplidar_a2m8_launch.py
[1.808s] -- Up-to-date symlink: /home/robot/pic2/install/rplidar_ros/share/rplidar_ros/launch/view_rplidar_a3_launch.py
[1.809s] -- Up-to-date symlink: /home/robot/pic2/install/rplidar_ros/share/rplidar_ros/launch/view_rplidar_c1_launch.py
[1.810s] -- Up-to-date symlink: /home/robot/pic2/install/rplidar_ros/share/rplidar_ros/launch/view_rplidar_s1_launch.py
[1.811s] -- Up-to-date symlink: /home/robot/pic2/install/rplidar_ros/share/rplidar_ros/launch/view_rplidar_s1_tcp_launch.py
[1.812s] -- Up-to-date symlink: /home/robot/pic2/install/rplidar_ros/share/rplidar_ros/launch/view_rplidar_s2_launch.py
[1.813s] -- Up-to-date symlink: /home/robot/pic2/install/rplidar_ros/share/rplidar_ros/launch/view_rplidar_s2e_launch.py
[1.813s] -- Up-to-date symlink: /home/robot/pic2/install/rplidar_ros/share/rplidar_ros/launch/view_rplidar_s3_launch.py
[1.814s] -- Up-to-date symlink: /home/robot/pic2/install/rplidar_ros/share/rplidar_ros/launch/view_rplidar_t1_launch.py
[1.816s] -- Up-to-date symlink: /home/robot/pic2/install/rplidar_ros/share/rplidar_ros/rviz/rplidar_ros.rviz
[1.818s] -- Up-to-date symlink: /home/robot/pic2/install/rplidar_ros/lib/rplidar_ros/rplidar_node
[1.819s] -- Up-to-date symlink: /home/robot/pic2/install/rplidar_ros/lib/rplidar_ros/rplidar_composition
[1.820s] -- Up-to-date symlink: /home/robot/pic2/install/rplidar_ros/lib/rplidar_ros/rplidar_client
[1.821s] -- Up-to-date symlink: /home/robot/pic2/install/rplidar_ros/share/ament_index/resource_index/package_run_dependencies/rplidar_ros
[1.823s] -- Up-to-date symlink: /home/robot/pic2/install/rplidar_ros/share/ament_index/resource_index/parent_prefix_path/rplidar_ros
[1.824s] -- Up-to-date symlink: /home/robot/pic2/install/rplidar_ros/share/rplidar_ros/environment/ament_prefix_path.sh
[1.825s] -- Up-to-date symlink: /home/robot/pic2/install/rplidar_ros/share/rplidar_ros/environment/ament_prefix_path.dsv
[1.826s] -- Up-to-date symlink: /home/robot/pic2/install/rplidar_ros/share/rplidar_ros/environment/path.sh
[1.827s] -- Up-to-date symlink: /home/robot/pic2/install/rplidar_ros/share/rplidar_ros/environment/path.dsv
[1.829s] -- Up-to-date symlink: /home/robot/pic2/install/rplidar_ros/share/rplidar_ros/local_setup.bash
[1.830s] -- Up-to-date symlink: /home/robot/pic2/install/rplidar_ros/share/rplidar_ros/local_setup.sh
[1.831s] -- Up-to-date symlink: /home/robot/pic2/install/rplidar_ros/share/rplidar_ros/local_setup.zsh
[1.832s] -- Up-to-date symlink: /home/robot/pic2/install/rplidar_ros/share/rplidar_ros/local_setup.dsv
[1.833s] -- Symlinking: /home/robot/pic2/install/rplidar_ros/share/rplidar_ros/package.dsv
[1.906s] -- Up-to-date symlink: /home/robot/pic2/install/rplidar_ros/share/ament_index/resource_index/packages/rplidar_ros
[1.907s] -- Up-to-date symlink: /home/robot/pic2/install/rplidar_ros/share/rplidar_ros/cmake/ament_cmake_export_dependencies-extras.cmake
[1.910s] -- Up-to-date symlink: /home/robot/pic2/install/rplidar_ros/share/rplidar_ros/cmake/ament_cmake_export_include_directories-extras.cmake
[1.910s] -- Up-to-date symlink: /home/robot/pic2/install/rplidar_ros/share/rplidar_ros/cmake/rplidar_rosConfig.cmake
[1.911s] -- Up-to-date symlink: /home/robot/pic2/install/rplidar_ros/share/rplidar_ros/cmake/rplidar_rosConfig-version.cmake
[1.912s] -- Up-to-date symlink: /home/robot/pic2/install/rplidar_ros/share/rplidar_ros/package.xml
[2.002s] Invoked command in '/home/robot/pic2/build/rplidar_ros' returned '0': CMAKE_PREFIX_PATH=${CMAKE_PREFIX_PATH}:/home/robot/pic2/install/converter_pkg:/opt/ros/jazzy /usr/bin/cmake --install /home/robot/pic2/build/rplidar_ros
