[1.266s] DEBUG:colcon:Command line arguments: ['/usr/bin/colcon', 'build', '--symlink-install']
[1.267s] DEBUG:colcon:Parsed command line arguments: Namespace(log_base=None, log_level=None, verb_name='build', build_base='build', install_base='install', merge_install=False, symlink_install=True, test_result_base=None, continue_on_error=False, executor='parallel', parallel_workers=4, event_handlers=None, ignore_user_meta=False, metas=['./colcon.meta'], base_paths=['.'], packages_ignore=None, packages_ignore_regex=None, paths=None, packages_up_to=None, packages_up_to_regex=None, packages_above=None, packages_above_and_dependencies=None, packages_above_depth=None, packages_select_by_dep=None, packages_skip_by_dep=None, packages_skip_up_to=None, packages_select_build_failed=False, packages_skip_build_finished=False, packages_select_test_failures=False, packages_skip_test_passed=False, packages_select=None, packages_skip=None, packages_select_regex=None, packages_skip_regex=None, packages_start=None, packages_end=None, allow_overriding=[], cmake_args=None, cmake_target=None, cmake_target_skip_unavailable=False, cmake_clean_cache=False, cmake_clean_first=False, cmake_force_configure=False, ament_cmake_args=None, catkin_cmake_args=None, catkin_skip_building_tests=False, mixin_files=None, mixin=None, verb_parser=<colcon_mixin.mixin.mixin_argument.MixinArgumentDecorator object at 0xffff97dffe00>, verb_extension=<colcon_core.verb.build.BuildVerb object at 0xffff97fe0410>, main=<bound method BuildVerb.main of <colcon_core.verb.build.BuildVerb object at 0xffff97fe0410>>, mixin_verb=('build',))
[1.718s] Level 1:colcon.colcon_core.package_discovery:discover_packages(colcon_meta) check parameters
[1.719s] Level 1:colcon.colcon_core.package_discovery:discover_packages(recursive) check parameters
[1.720s] Level 1:colcon.colcon_core.package_discovery:discover_packages(ignore) check parameters
[1.720s] Level 1:colcon.colcon_core.package_discovery:discover_packages(path) check parameters
[1.720s] Level 1:colcon.colcon_core.package_discovery:discover_packages(colcon_meta) discover
[1.721s] Level 1:colcon.colcon_core.package_discovery:discover_packages(recursive) discover
[1.721s] INFO:colcon.colcon_core.package_discovery:Crawling recursively for packages in '/home/robot/pic2'
[1.722s] Level 1:colcon.colcon_core.package_identification:_identify(.) by extensions ['ignore', 'ignore_ament_install']
[1.723s] Level 1:colcon.colcon_core.package_identification:_identify(.) by extension 'ignore'
[1.724s] Level 1:colcon.colcon_core.package_identification:_identify(.) by extension 'ignore_ament_install'
[1.724s] Level 1:colcon.colcon_core.package_identification:_identify(.) by extensions ['colcon_pkg']
[1.725s] Level 1:colcon.colcon_core.package_identification:_identify(.) by extension 'colcon_pkg'
[1.725s] Level 1:colcon.colcon_core.package_identification:_identify(.) by extensions ['colcon_meta']
[1.725s] Level 1:colcon.colcon_core.package_identification:_identify(.) by extension 'colcon_meta'
[1.726s] Level 1:colcon.colcon_core.package_identification:_identify(.) by extensions ['ros']
[1.726s] Level 1:colcon.colcon_core.package_identification:_identify(.) by extension 'ros'
[1.998s] Level 1:colcon.colcon_core.package_identification:_identify(.) by extensions ['cmake', 'python']
[1.999s] Level 1:colcon.colcon_core.package_identification:_identify(.) by extension 'cmake'
[1.999s] Level 1:colcon.colcon_core.package_identification:_identify(.) by extension 'python'
[2.000s] Level 1:colcon.colcon_core.package_identification:_identify(.) by extensions ['python_setup_py']
[2.000s] Level 1:colcon.colcon_core.package_identification:_identify(.) by extension 'python_setup_py'
[2.002s] Level 1:colcon.colcon_core.package_identification:_identify(build) by extensions ['ignore', 'ignore_ament_install']
[2.003s] Level 1:colcon.colcon_core.package_identification:_identify(build) by extension 'ignore'
[2.003s] Level 1:colcon.colcon_core.package_identification:_identify(build) ignored
[2.005s] Level 1:colcon.colcon_core.package_identification:_identify(install) by extensions ['ignore', 'ignore_ament_install']
[2.006s] Level 1:colcon.colcon_core.package_identification:_identify(install) by extension 'ignore'
[2.006s] Level 1:colcon.colcon_core.package_identification:_identify(install) ignored
[2.007s] Level 1:colcon.colcon_core.package_identification:_identify(log) by extensions ['ignore', 'ignore_ament_install']
[2.008s] Level 1:colcon.colcon_core.package_identification:_identify(log) by extension 'ignore'
[2.009s] Level 1:colcon.colcon_core.package_identification:_identify(log) ignored
[2.009s] Level 1:colcon.colcon_core.package_identification:_identify(src) by extensions ['ignore', 'ignore_ament_install']
[2.010s] Level 1:colcon.colcon_core.package_identification:_identify(src) by extension 'ignore'
[2.011s] Level 1:colcon.colcon_core.package_identification:_identify(src) by extension 'ignore_ament_install'
[2.012s] Level 1:colcon.colcon_core.package_identification:_identify(src) by extensions ['colcon_pkg']
[2.012s] Level 1:colcon.colcon_core.package_identification:_identify(src) by extension 'colcon_pkg'
[2.012s] Level 1:colcon.colcon_core.package_identification:_identify(src) by extensions ['colcon_meta']
[2.013s] Level 1:colcon.colcon_core.package_identification:_identify(src) by extension 'colcon_meta'
[2.013s] Level 1:colcon.colcon_core.package_identification:_identify(src) by extensions ['ros']
[2.013s] Level 1:colcon.colcon_core.package_identification:_identify(src) by extension 'ros'
[2.014s] Level 1:colcon.colcon_core.package_identification:_identify(src) by extensions ['cmake', 'python']
[2.015s] Level 1:colcon.colcon_core.package_identification:_identify(src) by extension 'cmake'
[2.015s] Level 1:colcon.colcon_core.package_identification:_identify(src) by extension 'python'
[2.016s] Level 1:colcon.colcon_core.package_identification:_identify(src) by extensions ['python_setup_py']
[2.016s] Level 1:colcon.colcon_core.package_identification:_identify(src) by extension 'python_setup_py'
[2.017s] Level 1:colcon.colcon_core.package_identification:_identify(src/Packages) by extensions ['ignore', 'ignore_ament_install']
[2.018s] Level 1:colcon.colcon_core.package_identification:_identify(src/Packages) by extension 'ignore'
[2.019s] Level 1:colcon.colcon_core.package_identification:_identify(src/Packages) by extension 'ignore_ament_install'
[2.019s] Level 1:colcon.colcon_core.package_identification:_identify(src/Packages) by extensions ['colcon_pkg']
[2.020s] Level 1:colcon.colcon_core.package_identification:_identify(src/Packages) by extension 'colcon_pkg'
[2.020s] Level 1:colcon.colcon_core.package_identification:_identify(src/Packages) by extensions ['colcon_meta']
[2.020s] Level 1:colcon.colcon_core.package_identification:_identify(src/Packages) by extension 'colcon_meta'
[2.021s] Level 1:colcon.colcon_core.package_identification:_identify(src/Packages) by extensions ['ros']
[2.021s] Level 1:colcon.colcon_core.package_identification:_identify(src/Packages) by extension 'ros'
[2.022s] Level 1:colcon.colcon_core.package_identification:_identify(src/Packages) by extensions ['cmake', 'python']
[2.023s] Level 1:colcon.colcon_core.package_identification:_identify(src/Packages) by extension 'cmake'
[2.023s] Level 1:colcon.colcon_core.package_identification:_identify(src/Packages) by extension 'python'
[2.024s] Level 1:colcon.colcon_core.package_identification:_identify(src/Packages) by extensions ['python_setup_py']
[2.024s] Level 1:colcon.colcon_core.package_identification:_identify(src/Packages) by extension 'python_setup_py'
[2.025s] Level 1:colcon.colcon_core.package_identification:_identify(src/Packages/converter_pkg) by extensions ['ignore', 'ignore_ament_install']
[2.026s] Level 1:colcon.colcon_core.package_identification:_identify(src/Packages/converter_pkg) by extension 'ignore'
[2.027s] Level 1:colcon.colcon_core.package_identification:_identify(src/Packages/converter_pkg) by extension 'ignore_ament_install'
[2.027s] Level 1:colcon.colcon_core.package_identification:_identify(src/Packages/converter_pkg) by extensions ['colcon_pkg']
[2.028s] Level 1:colcon.colcon_core.package_identification:_identify(src/Packages/converter_pkg) by extension 'colcon_pkg'
[2.028s] Level 1:colcon.colcon_core.package_identification:_identify(src/Packages/converter_pkg) by extensions ['colcon_meta']
[2.029s] Level 1:colcon.colcon_core.package_identification:_identify(src/Packages/converter_pkg) by extension 'colcon_meta'
[2.029s] Level 1:colcon.colcon_core.package_identification:_identify(src/Packages/converter_pkg) by extensions ['ros']
[2.030s] Level 1:colcon.colcon_core.package_identification:_identify(src/Packages/converter_pkg) by extension 'ros'
[2.051s] DEBUG:colcon.colcon_core.package_identification:Package 'src/Packages/converter_pkg' with type 'ros.ament_python' and name 'converter_pkg'
[2.053s] Level 1:colcon.colcon_core.package_identification:_identify(src/Packages/diffdrive_arduino) by extensions ['ignore', 'ignore_ament_install']
[2.054s] Level 1:colcon.colcon_core.package_identification:_identify(src/Packages/diffdrive_arduino) by extension 'ignore'
[2.054s] Level 1:colcon.colcon_core.package_identification:_identify(src/Packages/diffdrive_arduino) by extension 'ignore_ament_install'
[2.055s] Level 1:colcon.colcon_core.package_identification:_identify(src/Packages/diffdrive_arduino) by extensions ['colcon_pkg']
[2.055s] Level 1:colcon.colcon_core.package_identification:_identify(src/Packages/diffdrive_arduino) by extension 'colcon_pkg'
[2.056s] Level 1:colcon.colcon_core.package_identification:_identify(src/Packages/diffdrive_arduino) by extensions ['colcon_meta']
[2.056s] Level 1:colcon.colcon_core.package_identification:_identify(src/Packages/diffdrive_arduino) by extension 'colcon_meta'
[2.057s] Level 1:colcon.colcon_core.package_identification:_identify(src/Packages/diffdrive_arduino) by extensions ['ros']
[2.057s] Level 1:colcon.colcon_core.package_identification:_identify(src/Packages/diffdrive_arduino) by extension 'ros'
[2.067s] DEBUG:colcon.colcon_core.package_identification:Package 'src/Packages/diffdrive_arduino' with type 'ros.ament_cmake' and name 'diffdrive_arduino'
[2.068s] Level 1:colcon.colcon_core.package_identification:_identify(src/Packages/rplidar_ros2) by extensions ['ignore', 'ignore_ament_install']
[2.069s] Level 1:colcon.colcon_core.package_identification:_identify(src/Packages/rplidar_ros2) by extension 'ignore'
[2.070s] Level 1:colcon.colcon_core.package_identification:_identify(src/Packages/rplidar_ros2) by extension 'ignore_ament_install'
[2.071s] Level 1:colcon.colcon_core.package_identification:_identify(src/Packages/rplidar_ros2) by extensions ['colcon_pkg']
[2.071s] Level 1:colcon.colcon_core.package_identification:_identify(src/Packages/rplidar_ros2) by extension 'colcon_pkg'
[2.072s] Level 1:colcon.colcon_core.package_identification:_identify(src/Packages/rplidar_ros2) by extensions ['colcon_meta']
[2.072s] Level 1:colcon.colcon_core.package_identification:_identify(src/Packages/rplidar_ros2) by extension 'colcon_meta'
[2.073s] Level 1:colcon.colcon_core.package_identification:_identify(src/Packages/rplidar_ros2) by extensions ['ros']
[2.073s] Level 1:colcon.colcon_core.package_identification:_identify(src/Packages/rplidar_ros2) by extension 'ros'
[2.078s] DEBUG:colcon.colcon_core.package_identification:Package 'src/Packages/rplidar_ros2' with type 'ros.ament_cmake' and name 'rplidar_ros'
[2.078s] Level 1:colcon.colcon_core.package_discovery:discover_packages(recursive) using defaults
[2.080s] Level 1:colcon.colcon_core.package_discovery:discover_packages(ignore) discover
[2.081s] Level 1:colcon.colcon_core.package_discovery:discover_packages(ignore) using defaults
[2.081s] Level 1:colcon.colcon_core.package_discovery:discover_packages(path) discover
[2.081s] Level 1:colcon.colcon_core.package_discovery:discover_packages(path) using defaults
[2.261s] Level 1:colcon.colcon_core.package_discovery:discover_packages(prefix_path) check parameters
[2.262s] Level 1:colcon.colcon_core.package_discovery:discover_packages(prefix_path) discover
[2.319s] DEBUG:colcon.colcon_installed_package_information.package_discovery:Found 383 installed packages in /opt/ros/jazzy
[2.339s] Level 1:colcon.colcon_core.package_discovery:discover_packages(prefix_path) using defaults
[3.054s] Level 5:colcon.colcon_core.verb:set package 'converter_pkg' build argument 'cmake_args' from command line to 'None'
[3.055s] Level 5:colcon.colcon_core.verb:set package 'converter_pkg' build argument 'cmake_target' from command line to 'None'
[3.055s] Level 5:colcon.colcon_core.verb:set package 'converter_pkg' build argument 'cmake_target_skip_unavailable' from command line to 'False'
[3.056s] Level 5:colcon.colcon_core.verb:set package 'converter_pkg' build argument 'cmake_clean_cache' from command line to 'False'
[3.056s] Level 5:colcon.colcon_core.verb:set package 'converter_pkg' build argument 'cmake_clean_first' from command line to 'False'
[3.056s] Level 5:colcon.colcon_core.verb:set package 'converter_pkg' build argument 'cmake_force_configure' from command line to 'False'
[3.056s] Level 5:colcon.colcon_core.verb:set package 'converter_pkg' build argument 'ament_cmake_args' from command line to 'None'
[3.057s] Level 5:colcon.colcon_core.verb:set package 'converter_pkg' build argument 'catkin_cmake_args' from command line to 'None'
[3.057s] Level 5:colcon.colcon_core.verb:set package 'converter_pkg' build argument 'catkin_skip_building_tests' from command line to 'False'
[3.057s] DEBUG:colcon.colcon_core.verb:Building package 'converter_pkg' with the following arguments: {'ament_cmake_args': None, 'build_base': '/home/robot/pic2/build/converter_pkg', 'catkin_cmake_args': None, 'catkin_skip_building_tests': False, 'cmake_args': None, 'cmake_clean_cache': False, 'cmake_clean_first': False, 'cmake_force_configure': False, 'cmake_target': None, 'cmake_target_skip_unavailable': False, 'install_base': '/home/robot/pic2/install/converter_pkg', 'merge_install': False, 'path': '/home/robot/pic2/src/Packages/converter_pkg', 'symlink_install': True, 'test_result_base': None}
[3.061s] Level 5:colcon.colcon_core.verb:set package 'diffdrive_arduino' build argument 'cmake_args' from command line to 'None'
[3.061s] Level 5:colcon.colcon_core.verb:set package 'diffdrive_arduino' build argument 'cmake_target' from command line to 'None'
[3.061s] Level 5:colcon.colcon_core.verb:set package 'diffdrive_arduino' build argument 'cmake_target_skip_unavailable' from command line to 'False'
[3.062s] Level 5:colcon.colcon_core.verb:set package 'diffdrive_arduino' build argument 'cmake_clean_cache' from command line to 'False'
[3.062s] Level 5:colcon.colcon_core.verb:set package 'diffdrive_arduino' build argument 'cmake_clean_first' from command line to 'False'
[3.062s] Level 5:colcon.colcon_core.verb:set package 'diffdrive_arduino' build argument 'cmake_force_configure' from command line to 'False'
[3.062s] Level 5:colcon.colcon_core.verb:set package 'diffdrive_arduino' build argument 'ament_cmake_args' from command line to 'None'
[3.063s] Level 5:colcon.colcon_core.verb:set package 'diffdrive_arduino' build argument 'catkin_cmake_args' from command line to 'None'
[3.063s] Level 5:colcon.colcon_core.verb:set package 'diffdrive_arduino' build argument 'catkin_skip_building_tests' from command line to 'False'
[3.063s] DEBUG:colcon.colcon_core.verb:Building package 'diffdrive_arduino' with the following arguments: {'ament_cmake_args': None, 'build_base': '/home/robot/pic2/build/diffdrive_arduino', 'catkin_cmake_args': None, 'catkin_skip_building_tests': False, 'cmake_args': None, 'cmake_clean_cache': False, 'cmake_clean_first': False, 'cmake_force_configure': False, 'cmake_target': None, 'cmake_target_skip_unavailable': False, 'install_base': '/home/robot/pic2/install/diffdrive_arduino', 'merge_install': False, 'path': '/home/robot/pic2/src/Packages/diffdrive_arduino', 'symlink_install': True, 'test_result_base': None}
[3.067s] Level 5:colcon.colcon_core.verb:set package 'rplidar_ros' build argument 'cmake_args' from command line to 'None'
[3.067s] Level 5:colcon.colcon_core.verb:set package 'rplidar_ros' build argument 'cmake_target' from command line to 'None'
[3.067s] Level 5:colcon.colcon_core.verb:set package 'rplidar_ros' build argument 'cmake_target_skip_unavailable' from command line to 'False'
[3.068s] Level 5:colcon.colcon_core.verb:set package 'rplidar_ros' build argument 'cmake_clean_cache' from command line to 'False'
[3.068s] Level 5:colcon.colcon_core.verb:set package 'rplidar_ros' build argument 'cmake_clean_first' from command line to 'False'
[3.068s] Level 5:colcon.colcon_core.verb:set package 'rplidar_ros' build argument 'cmake_force_configure' from command line to 'False'
[3.069s] Level 5:colcon.colcon_core.verb:set package 'rplidar_ros' build argument 'ament_cmake_args' from command line to 'None'
[3.069s] Level 5:colcon.colcon_core.verb:set package 'rplidar_ros' build argument 'catkin_cmake_args' from command line to 'None'
[3.069s] Level 5:colcon.colcon_core.verb:set package 'rplidar_ros' build argument 'catkin_skip_building_tests' from command line to 'False'
[3.069s] DEBUG:colcon.colcon_core.verb:Building package 'rplidar_ros' with the following arguments: {'ament_cmake_args': None, 'build_base': '/home/robot/pic2/build/rplidar_ros', 'catkin_cmake_args': None, 'catkin_skip_building_tests': False, 'cmake_args': None, 'cmake_clean_cache': False, 'cmake_clean_first': False, 'cmake_force_configure': False, 'cmake_target': None, 'cmake_target_skip_unavailable': False, 'install_base': '/home/robot/pic2/install/rplidar_ros', 'merge_install': False, 'path': '/home/robot/pic2/src/Packages/rplidar_ros2', 'symlink_install': True, 'test_result_base': None}
[3.070s] INFO:colcon.colcon_core.executor:Executing jobs using 'parallel' executor
[3.077s] DEBUG:colcon.colcon_parallel_executor.executor.parallel:run_until_complete
[3.079s] INFO:colcon.colcon_ros.task.ament_python.build:Building ROS package in '/home/robot/pic2/src/Packages/converter_pkg' with build type 'ament_python'
[3.081s] Level 1:colcon.colcon_core.shell:create_environment_hook('converter_pkg', 'ament_prefix_path')
[3.101s] INFO:colcon.colcon_core.plugin_system:Skipping extension 'colcon_core.shell.bat': Not used on non-Windows systems
[3.103s] INFO:colcon.colcon_core.shell:Creating environment hook '/home/robot/pic2/install/converter_pkg/share/converter_pkg/hook/ament_prefix_path.ps1'
[3.109s] INFO:colcon.colcon_core.shell:Creating environment descriptor '/home/robot/pic2/install/converter_pkg/share/converter_pkg/hook/ament_prefix_path.dsv'
[3.113s] INFO:colcon.colcon_core.shell:Creating environment hook '/home/robot/pic2/install/converter_pkg/share/converter_pkg/hook/ament_prefix_path.sh'
[3.120s] INFO:colcon.colcon_core.shell:Skip shell extension 'powershell' for command environment: Not usable outside of PowerShell
[3.120s] DEBUG:colcon.colcon_core.shell:Skip shell extension 'dsv' for command environment
[3.179s] INFO:colcon.colcon_ros.task.ament_cmake.build:Building ROS package in '/home/robot/pic2/src/Packages/diffdrive_arduino' with build type 'ament_cmake'
[3.181s] INFO:colcon.colcon_cmake.task.cmake.build:Building CMake package in '/home/robot/pic2/src/Packages/diffdrive_arduino'
[3.182s] INFO:colcon.colcon_core.shell:Skip shell extension 'powershell' for command environment: Not usable outside of PowerShell
[3.183s] DEBUG:colcon.colcon_core.shell:Skip shell extension 'dsv' for command environment
[3.241s] INFO:colcon.colcon_ros.task.ament_cmake.build:Building ROS package in '/home/robot/pic2/src/Packages/rplidar_ros2' with build type 'ament_cmake'
[3.242s] INFO:colcon.colcon_cmake.task.cmake.build:Building CMake package in '/home/robot/pic2/src/Packages/rplidar_ros2'
[3.244s] INFO:colcon.colcon_core.shell:Skip shell extension 'powershell' for command environment: Not usable outside of PowerShell
[3.244s] DEBUG:colcon.colcon_core.shell:Skip shell extension 'dsv' for command environment
[5.856s] INFO:colcon.colcon_core.task.python.build:Building Python package in '/home/robot/pic2/src/Packages/converter_pkg'
[5.858s] INFO:colcon.colcon_core.shell:Skip shell extension 'powershell' for command environment: Not usable outside of PowerShell
[5.859s] DEBUG:colcon.colcon_core.shell:Skip shell extension 'dsv' for command environment
[5.953s] DEBUG:colcon.colcon_core.event_handler.log_command:Invoking command in '/home/robot/pic2/build/diffdrive_arduino': CMAKE_PREFIX_PATH=${CMAKE_PREFIX_PATH}:/opt/ros/jazzy /usr/bin/cmake --build /home/robot/pic2/build/diffdrive_arduino -- -j4 -l4
[5.993s] DEBUG:colcon.colcon_core.event_handler.log_command:Invoking command in '/home/robot/pic2/build/rplidar_ros': CMAKE_PREFIX_PATH=${CMAKE_PREFIX_PATH}:/opt/ros/jazzy /usr/bin/cmake --build /home/robot/pic2/build/rplidar_ros -- -j4 -l4
[7.561s] DEBUG:colcon.colcon_core.event_handler.log_command:Invoked command in '/home/robot/pic2/build/diffdrive_arduino' returned '0': CMAKE_PREFIX_PATH=${CMAKE_PREFIX_PATH}:/opt/ros/jazzy /usr/bin/cmake --build /home/robot/pic2/build/diffdrive_arduino -- -j4 -l4
[7.751s] DEBUG:colcon.colcon_core.event_handler.log_command:Invoking command in '/home/robot/pic2/build/diffdrive_arduino': CMAKE_PREFIX_PATH=${CMAKE_PREFIX_PATH}:/opt/ros/jazzy /usr/bin/cmake --install /home/robot/pic2/build/diffdrive_arduino
[7.756s] DEBUG:colcon.colcon_core.event_handler.log_command:Invoked command in '/home/robot/pic2/build/rplidar_ros' returned '0': CMAKE_PREFIX_PATH=${CMAKE_PREFIX_PATH}:/opt/ros/jazzy /usr/bin/cmake --build /home/robot/pic2/build/rplidar_ros -- -j4 -l4
[7.772s] DEBUG:colcon.colcon_core.event_handler.log_command:Invoking command in '/home/robot/pic2/build/rplidar_ros': CMAKE_PREFIX_PATH=${CMAKE_PREFIX_PATH}:/opt/ros/jazzy /usr/bin/cmake --install /home/robot/pic2/build/rplidar_ros
[8.275s] Level 1:colcon.colcon_core.environment:create_environment_scripts_only(diffdrive_arduino)
[8.279s] DEBUG:colcon.colcon_core.event_handler.log_command:Invoked command in '/home/robot/pic2/build/diffdrive_arduino' returned '0': CMAKE_PREFIX_PATH=${CMAKE_PREFIX_PATH}:/opt/ros/jazzy /usr/bin/cmake --install /home/robot/pic2/build/diffdrive_arduino
[8.304s] Level 1:colcon.colcon_core.environment:checking '/home/robot/pic2/install/diffdrive_arduino' for CMake module files
[8.315s] Level 1:colcon.colcon_core.environment:checking '/home/robot/pic2/install/diffdrive_arduino' for CMake config files
[8.328s] Level 1:colcon.colcon_core.shell:create_environment_hook('diffdrive_arduino', 'cmake_prefix_path')
[8.330s] INFO:colcon.colcon_core.shell:Creating environment hook '/home/robot/pic2/install/diffdrive_arduino/share/diffdrive_arduino/hook/cmake_prefix_path.ps1'
[8.334s] INFO:colcon.colcon_core.shell:Creating environment descriptor '/home/robot/pic2/install/diffdrive_arduino/share/diffdrive_arduino/hook/cmake_prefix_path.dsv'
[8.338s] INFO:colcon.colcon_core.shell:Creating environment hook '/home/robot/pic2/install/diffdrive_arduino/share/diffdrive_arduino/hook/cmake_prefix_path.sh'
[8.345s] Level 1:colcon.colcon_core.environment:checking '/home/robot/pic2/install/diffdrive_arduino/lib'
[8.347s] Level 1:colcon.colcon_core.shell:create_environment_hook('diffdrive_arduino', 'ld_library_path_lib')
[8.348s] INFO:colcon.colcon_core.shell:Creating environment hook '/home/robot/pic2/install/diffdrive_arduino/share/diffdrive_arduino/hook/ld_library_path_lib.ps1'
[8.352s] INFO:colcon.colcon_core.shell:Creating environment descriptor '/home/robot/pic2/install/diffdrive_arduino/share/diffdrive_arduino/hook/ld_library_path_lib.dsv'
[8.356s] INFO:colcon.colcon_core.shell:Creating environment hook '/home/robot/pic2/install/diffdrive_arduino/share/diffdrive_arduino/hook/ld_library_path_lib.sh'
[8.362s] Level 1:colcon.colcon_core.environment:checking '/home/robot/pic2/install/diffdrive_arduino/bin'
[8.363s] Level 1:colcon.colcon_core.environment:checking '/home/robot/pic2/install/diffdrive_arduino/lib/pkgconfig/diffdrive_arduino.pc'
[8.365s] Level 1:colcon.colcon_core.environment:checking '/home/robot/pic2/install/diffdrive_arduino/lib/python3.12/site-packages'
[8.369s] Level 1:colcon.colcon_core.environment:checking '/home/robot/pic2/install/diffdrive_arduino/bin'
[8.372s] INFO:colcon.colcon_core.shell:Creating package script '/home/robot/pic2/install/diffdrive_arduino/share/diffdrive_arduino/package.ps1'
[8.383s] INFO:colcon.colcon_core.shell:Creating package descriptor '/home/robot/pic2/install/diffdrive_arduino/share/diffdrive_arduino/package.dsv'
[8.389s] INFO:colcon.colcon_core.shell:Creating package script '/home/robot/pic2/install/diffdrive_arduino/share/diffdrive_arduino/package.sh'
[8.396s] INFO:colcon.colcon_core.shell:Creating package script '/home/robot/pic2/install/diffdrive_arduino/share/diffdrive_arduino/package.bash'
[8.402s] INFO:colcon.colcon_core.shell:Creating package script '/home/robot/pic2/install/diffdrive_arduino/share/diffdrive_arduino/package.zsh'
[8.409s] Level 1:colcon.colcon_core.environment:create_file_with_runtime_dependencies(/home/robot/pic2/install/diffdrive_arduino/share/colcon-core/packages/diffdrive_arduino)
[8.414s] Level 1:colcon.colcon_core.environment:create_environment_scripts_only(diffdrive_arduino)
[8.416s] Level 1:colcon.colcon_core.environment:checking '/home/robot/pic2/install/diffdrive_arduino' for CMake module files
[8.427s] Level 1:colcon.colcon_core.environment:checking '/home/robot/pic2/install/diffdrive_arduino' for CMake config files
[8.439s] Level 1:colcon.colcon_core.shell:create_environment_hook('diffdrive_arduino', 'cmake_prefix_path')
[8.441s] INFO:colcon.colcon_core.shell:Creating environment hook '/home/robot/pic2/install/diffdrive_arduino/share/diffdrive_arduino/hook/cmake_prefix_path.ps1'
[8.445s] INFO:colcon.colcon_core.shell:Creating environment descriptor '/home/robot/pic2/install/diffdrive_arduino/share/diffdrive_arduino/hook/cmake_prefix_path.dsv'
[8.449s] INFO:colcon.colcon_core.shell:Creating environment hook '/home/robot/pic2/install/diffdrive_arduino/share/diffdrive_arduino/hook/cmake_prefix_path.sh'
[8.455s] Level 1:colcon.colcon_core.environment:checking '/home/robot/pic2/install/diffdrive_arduino/lib'
[8.456s] Level 1:colcon.colcon_core.shell:create_environment_hook('diffdrive_arduino', 'ld_library_path_lib')
[8.458s] INFO:colcon.colcon_core.shell:Creating environment hook '/home/robot/pic2/install/diffdrive_arduino/share/diffdrive_arduino/hook/ld_library_path_lib.ps1'
[8.463s] INFO:colcon.colcon_core.shell:Creating environment descriptor '/home/robot/pic2/install/diffdrive_arduino/share/diffdrive_arduino/hook/ld_library_path_lib.dsv'
[8.467s] INFO:colcon.colcon_core.shell:Creating environment hook '/home/robot/pic2/install/diffdrive_arduino/share/diffdrive_arduino/hook/ld_library_path_lib.sh'
[8.471s] Level 1:colcon.colcon_core.environment:checking '/home/robot/pic2/install/diffdrive_arduino/bin'
[8.472s] Level 1:colcon.colcon_core.environment:checking '/home/robot/pic2/install/diffdrive_arduino/lib/pkgconfig/diffdrive_arduino.pc'
[8.474s] Level 1:colcon.colcon_core.environment:checking '/home/robot/pic2/install/diffdrive_arduino/lib/python3.12/site-packages'
[8.478s] Level 1:colcon.colcon_core.environment:checking '/home/robot/pic2/install/diffdrive_arduino/bin'
[8.481s] INFO:colcon.colcon_core.shell:Creating package script '/home/robot/pic2/install/diffdrive_arduino/share/diffdrive_arduino/package.ps1'
[8.489s] INFO:colcon.colcon_core.shell:Creating package descriptor '/home/robot/pic2/install/diffdrive_arduino/share/diffdrive_arduino/package.dsv'
[8.495s] INFO:colcon.colcon_core.shell:Creating package script '/home/robot/pic2/install/diffdrive_arduino/share/diffdrive_arduino/package.sh'
[8.500s] INFO:colcon.colcon_core.shell:Creating package script '/home/robot/pic2/install/diffdrive_arduino/share/diffdrive_arduino/package.bash'
[8.505s] INFO:colcon.colcon_core.shell:Creating package script '/home/robot/pic2/install/diffdrive_arduino/share/diffdrive_arduino/package.zsh'
[8.509s] Level 1:colcon.colcon_core.environment:create_file_with_runtime_dependencies(/home/robot/pic2/install/diffdrive_arduino/share/colcon-core/packages/diffdrive_arduino)
[8.519s] Level 1:colcon.colcon_core.environment:create_environment_scripts_only(rplidar_ros)
[8.521s] Level 1:colcon.colcon_core.environment:checking '/home/robot/pic2/install/rplidar_ros' for CMake module files
[8.526s] DEBUG:colcon.colcon_core.event_handler.log_command:Invoked command in '/home/robot/pic2/build/rplidar_ros' returned '0': CMAKE_PREFIX_PATH=${CMAKE_PREFIX_PATH}:/opt/ros/jazzy /usr/bin/cmake --install /home/robot/pic2/build/rplidar_ros
[8.534s] Level 1:colcon.colcon_core.environment:checking '/home/robot/pic2/install/rplidar_ros' for CMake config files
[8.546s] Level 1:colcon.colcon_core.shell:create_environment_hook('rplidar_ros', 'cmake_prefix_path')
[8.548s] INFO:colcon.colcon_core.shell:Creating environment hook '/home/robot/pic2/install/rplidar_ros/share/rplidar_ros/hook/cmake_prefix_path.ps1'
[8.552s] INFO:colcon.colcon_core.shell:Creating environment descriptor '/home/robot/pic2/install/rplidar_ros/share/rplidar_ros/hook/cmake_prefix_path.dsv'
[8.556s] INFO:colcon.colcon_core.shell:Creating environment hook '/home/robot/pic2/install/rplidar_ros/share/rplidar_ros/hook/cmake_prefix_path.sh'
[8.563s] Level 1:colcon.colcon_core.environment:checking '/home/robot/pic2/install/rplidar_ros/lib'
[8.564s] Level 1:colcon.colcon_core.shell:create_environment_hook('rplidar_ros', 'ld_library_path_lib')
[8.566s] INFO:colcon.colcon_core.shell:Creating environment hook '/home/robot/pic2/install/rplidar_ros/share/rplidar_ros/hook/ld_library_path_lib.ps1'
[8.570s] INFO:colcon.colcon_core.shell:Creating environment descriptor '/home/robot/pic2/install/rplidar_ros/share/rplidar_ros/hook/ld_library_path_lib.dsv'
[8.574s] INFO:colcon.colcon_core.shell:Creating environment hook '/home/robot/pic2/install/rplidar_ros/share/rplidar_ros/hook/ld_library_path_lib.sh'
[8.578s] Level 1:colcon.colcon_core.environment:checking '/home/robot/pic2/install/rplidar_ros/bin'
[8.579s] Level 1:colcon.colcon_core.environment:checking '/home/robot/pic2/install/rplidar_ros/lib/pkgconfig/rplidar_ros.pc'
[8.581s] Level 1:colcon.colcon_core.environment:checking '/home/robot/pic2/install/rplidar_ros/lib/python3.12/site-packages'
[8.585s] Level 1:colcon.colcon_core.environment:checking '/home/robot/pic2/install/rplidar_ros/bin'
[8.588s] INFO:colcon.colcon_core.shell:Creating package script '/home/robot/pic2/install/rplidar_ros/share/rplidar_ros/package.ps1'
[8.595s] INFO:colcon.colcon_core.shell:Creating package descriptor '/home/robot/pic2/install/rplidar_ros/share/rplidar_ros/package.dsv'
[8.599s] INFO:colcon.colcon_core.shell:Creating package script '/home/robot/pic2/install/rplidar_ros/share/rplidar_ros/package.sh'
[8.604s] INFO:colcon.colcon_core.shell:Creating package script '/home/robot/pic2/install/rplidar_ros/share/rplidar_ros/package.bash'
[8.608s] INFO:colcon.colcon_core.shell:Creating package script '/home/robot/pic2/install/rplidar_ros/share/rplidar_ros/package.zsh'
[8.612s] Level 1:colcon.colcon_core.environment:create_file_with_runtime_dependencies(/home/robot/pic2/install/rplidar_ros/share/colcon-core/packages/rplidar_ros)
[8.618s] Level 1:colcon.colcon_core.environment:create_environment_scripts_only(rplidar_ros)
[8.619s] Level 1:colcon.colcon_core.environment:checking '/home/robot/pic2/install/rplidar_ros' for CMake module files
[8.629s] Level 1:colcon.colcon_core.environment:checking '/home/robot/pic2/install/rplidar_ros' for CMake config files
[8.642s] Level 1:colcon.colcon_core.shell:create_environment_hook('rplidar_ros', 'cmake_prefix_path')
[8.644s] INFO:colcon.colcon_core.shell:Creating environment hook '/home/robot/pic2/install/rplidar_ros/share/rplidar_ros/hook/cmake_prefix_path.ps1'
[8.648s] INFO:colcon.colcon_core.shell:Creating environment descriptor '/home/robot/pic2/install/rplidar_ros/share/rplidar_ros/hook/cmake_prefix_path.dsv'
[8.652s] INFO:colcon.colcon_core.shell:Creating environment hook '/home/robot/pic2/install/rplidar_ros/share/rplidar_ros/hook/cmake_prefix_path.sh'
[8.658s] Level 1:colcon.colcon_core.environment:checking '/home/robot/pic2/install/rplidar_ros/lib'
[8.659s] Level 1:colcon.colcon_core.shell:create_environment_hook('rplidar_ros', 'ld_library_path_lib')
[8.660s] INFO:colcon.colcon_core.shell:Creating environment hook '/home/robot/pic2/install/rplidar_ros/share/rplidar_ros/hook/ld_library_path_lib.ps1'
[8.666s] INFO:colcon.colcon_core.shell:Creating environment descriptor '/home/robot/pic2/install/rplidar_ros/share/rplidar_ros/hook/ld_library_path_lib.dsv'
[8.669s] INFO:colcon.colcon_core.shell:Creating environment hook '/home/robot/pic2/install/rplidar_ros/share/rplidar_ros/hook/ld_library_path_lib.sh'
[8.674s] Level 1:colcon.colcon_core.environment:checking '/home/robot/pic2/install/rplidar_ros/bin'
[8.675s] Level 1:colcon.colcon_core.environment:checking '/home/robot/pic2/install/rplidar_ros/lib/pkgconfig/rplidar_ros.pc'
[8.677s] Level 1:colcon.colcon_core.environment:checking '/home/robot/pic2/install/rplidar_ros/lib/python3.12/site-packages'
[8.681s] Level 1:colcon.colcon_core.environment:checking '/home/robot/pic2/install/rplidar_ros/bin'
[8.683s] INFO:colcon.colcon_core.shell:Creating package script '/home/robot/pic2/install/rplidar_ros/share/rplidar_ros/package.ps1'
[8.691s] INFO:colcon.colcon_core.shell:Creating package descriptor '/home/robot/pic2/install/rplidar_ros/share/rplidar_ros/package.dsv'
[8.696s] INFO:colcon.colcon_core.shell:Creating package script '/home/robot/pic2/install/rplidar_ros/share/rplidar_ros/package.sh'
[8.701s] INFO:colcon.colcon_core.shell:Creating package script '/home/robot/pic2/install/rplidar_ros/share/rplidar_ros/package.bash'
[8.706s] INFO:colcon.colcon_core.shell:Creating package script '/home/robot/pic2/install/rplidar_ros/share/rplidar_ros/package.zsh'
[8.710s] Level 1:colcon.colcon_core.environment:create_file_with_runtime_dependencies(/home/robot/pic2/install/rplidar_ros/share/colcon-core/packages/rplidar_ros)
[14.093s] DEBUG:colcon.colcon_core.event_handler.log_command:Invoking command in '/home/robot/pic2/build/converter_pkg': PYTHONPATH=/home/robot/pic2/build/converter_pkg/prefix_override:/usr/lib/python3/dist-packages/colcon_core/task/python/colcon_distutils_commands:/home/robot/pic2/install/converter_pkg/lib/python3.12/site-packages:${PYTHONPATH} /usr/bin/python3 -W ignore:setup.py install is deprecated -W ignore:easy_install command is deprecated setup.py develop --editable --build-directory /home/robot/pic2/build/converter_pkg/build --no-deps symlink_data
[23.188s] Level 1:colcon.colcon_core.shell:create_environment_hook('converter_pkg', 'pythonpath_develop')
[23.190s] INFO:colcon.colcon_core.shell:Creating environment hook '/home/robot/pic2/build/converter_pkg/share/converter_pkg/hook/pythonpath_develop.ps1'
[23.192s] DEBUG:colcon.colcon_core.event_handler.log_command:Invoked command in '/home/robot/pic2/build/converter_pkg' returned '0': PYTHONPATH=/home/robot/pic2/build/converter_pkg/prefix_override:/usr/lib/python3/dist-packages/colcon_core/task/python/colcon_distutils_commands:/home/robot/pic2/install/converter_pkg/lib/python3.12/site-packages:${PYTHONPATH} /usr/bin/python3 -W ignore:setup.py install is deprecated -W ignore:easy_install command is deprecated setup.py develop --editable --build-directory /home/robot/pic2/build/converter_pkg/build --no-deps symlink_data
[23.196s] INFO:colcon.colcon_core.shell:Creating environment descriptor '/home/robot/pic2/build/converter_pkg/share/converter_pkg/hook/pythonpath_develop.dsv'
[23.207s] INFO:colcon.colcon_core.shell:Creating environment hook '/home/robot/pic2/build/converter_pkg/share/converter_pkg/hook/pythonpath_develop.sh'
[23.218s] Level 1:colcon.colcon_core.environment:checking '/home/robot/pic2/install/converter_pkg' for CMake module files
[23.225s] Level 1:colcon.colcon_core.environment:checking '/home/robot/pic2/install/converter_pkg' for CMake config files
[23.233s] Level 1:colcon.colcon_core.environment:checking '/home/robot/pic2/install/converter_pkg/lib'
[23.234s] Level 1:colcon.colcon_core.environment:checking '/home/robot/pic2/install/converter_pkg/bin'
[23.234s] Level 1:colcon.colcon_core.environment:checking '/home/robot/pic2/install/converter_pkg/lib/pkgconfig/converter_pkg.pc'
[23.236s] Level 1:colcon.colcon_core.environment:checking '/home/robot/pic2/install/converter_pkg/lib/python3.12/site-packages'
[23.238s] Level 1:colcon.colcon_core.shell:create_environment_hook('converter_pkg', 'pythonpath')
[23.239s] INFO:colcon.colcon_core.shell:Creating environment hook '/home/robot/pic2/install/converter_pkg/share/converter_pkg/hook/pythonpath.ps1'
[23.243s] INFO:colcon.colcon_core.shell:Creating environment descriptor '/home/robot/pic2/install/converter_pkg/share/converter_pkg/hook/pythonpath.dsv'
[23.252s] INFO:colcon.colcon_core.shell:Creating environment hook '/home/robot/pic2/install/converter_pkg/share/converter_pkg/hook/pythonpath.sh'
[23.261s] Level 1:colcon.colcon_core.environment:checking '/home/robot/pic2/install/converter_pkg/bin'
[23.262s] Level 1:colcon.colcon_core.environment:create_environment_scripts_only(converter_pkg)
[23.265s] INFO:colcon.colcon_core.shell:Creating package script '/home/robot/pic2/install/converter_pkg/share/converter_pkg/package.ps1'
[23.272s] INFO:colcon.colcon_core.shell:Creating package descriptor '/home/robot/pic2/install/converter_pkg/share/converter_pkg/package.dsv'
[23.277s] INFO:colcon.colcon_core.shell:Creating package script '/home/robot/pic2/install/converter_pkg/share/converter_pkg/package.sh'
[23.283s] INFO:colcon.colcon_core.shell:Creating package script '/home/robot/pic2/install/converter_pkg/share/converter_pkg/package.bash'
[23.289s] INFO:colcon.colcon_core.shell:Creating package script '/home/robot/pic2/install/converter_pkg/share/converter_pkg/package.zsh'
[23.295s] Level 1:colcon.colcon_core.environment:create_file_with_runtime_dependencies(/home/robot/pic2/install/converter_pkg/share/colcon-core/packages/converter_pkg)
[23.304s] DEBUG:colcon.colcon_parallel_executor.executor.parallel:closing loop
[23.305s] DEBUG:colcon.colcon_parallel_executor.executor.parallel:loop closed
[23.306s] DEBUG:colcon.colcon_parallel_executor.executor.parallel:run_until_complete finished with '0'
[23.306s] DEBUG:colcon.colcon_core.event_reactor:joining thread
[23.310s] DEBUG:colcon.colcon_core.event_reactor:joined thread
[23.312s] INFO:colcon.colcon_core.shell:Creating prefix script '/home/robot/pic2/install/local_setup.ps1'
[23.320s] INFO:colcon.colcon_core.shell:Creating prefix util module '/home/robot/pic2/install/_local_setup_util_ps1.py'
[23.332s] INFO:colcon.colcon_core.shell:Creating prefix chain script '/home/robot/pic2/install/setup.ps1'
[23.343s] INFO:colcon.colcon_core.shell:Creating prefix script '/home/robot/pic2/install/local_setup.sh'
[23.349s] INFO:colcon.colcon_core.shell:Creating prefix util module '/home/robot/pic2/install/_local_setup_util_sh.py'
[23.355s] INFO:colcon.colcon_core.shell:Creating prefix chain script '/home/robot/pic2/install/setup.sh'
[23.366s] INFO:colcon.colcon_core.shell:Creating prefix script '/home/robot/pic2/install/local_setup.bash'
[23.372s] INFO:colcon.colcon_core.shell:Creating prefix chain script '/home/robot/pic2/install/setup.bash'
[23.382s] INFO:colcon.colcon_core.shell:Creating prefix script '/home/robot/pic2/install/local_setup.zsh'
[23.388s] INFO:colcon.colcon_core.shell:Creating prefix chain script '/home/robot/pic2/install/setup.zsh'
