[4.021s] Invoking command in '/home/robot/pic2/src/Packages/converter_pkg': PYTHONPATH=/home/robot/pic2/build/converter_pkg/prefix_override:/usr/lib/python3/dist-packages/colcon_core/task/python/colcon_distutils_commands:/home/robot/pic2/install/converter_pkg/lib/python3.12/site-packages:${PYTHONPATH} /usr/bin/python3 -W ignore:setup.py install is deprecated -W ignore:easy_install command is deprecated setup.py egg_info --egg-base ../../../build/converter_pkg build --build-base /home/robot/pic2/build/converter_pkg/build install --record /home/robot/pic2/build/converter_pkg/install.log --single-version-externally-managed install_data
[5.251s] running egg_info
[5.344s] writing ../../../build/converter_pkg/converter_pkg.egg-info/PKG-INFO
[5.346s] writing dependency_links to ../../../build/converter_pkg/converter_pkg.egg-info/dependency_links.txt
[5.346s] writing entry points to ../../../build/converter_pkg/converter_pkg.egg-info/entry_points.txt
[5.347s] writing requirements to ../../../build/converter_pkg/converter_pkg.egg-info/requires.txt
[5.348s] writing top-level names to ../../../build/converter_pkg/converter_pkg.egg-info/top_level.txt
[5.537s] reading manifest file '../../../build/converter_pkg/converter_pkg.egg-info/SOURCES.txt'
[5.540s] writing manifest file '../../../build/converter_pkg/converter_pkg.egg-info/SOURCES.txt'
[5.541s] running build
[5.541s] running build_py
[5.543s] running install
[5.567s] running install_lib
[5.663s] running install_data
[5.664s] running install_egg_info
[5.763s] removing '/home/robot/pic2/install/converter_pkg/lib/python3.12/site-packages/converter_pkg-0.0.0-py3.12.egg-info' (and everything under it)
[5.764s] Copying ../../../build/converter_pkg/converter_pkg.egg-info to /home/robot/pic2/install/converter_pkg/lib/python3.12/site-packages/converter_pkg-0.0.0-py3.12.egg-info
[5.770s] running install_scripts
[6.463s] Installing nav2_cmd_to_arduino script to /home/robot/pic2/install/converter_pkg/lib/converter_pkg
[6.465s] writing list of installed files to '/home/robot/pic2/build/converter_pkg/install.log'
[6.620s] Invoked command in '/home/robot/pic2/src/Packages/converter_pkg' returned '0': PYTHONPATH=/home/robot/pic2/build/converter_pkg/prefix_override:/usr/lib/python3/dist-packages/colcon_core/task/python/colcon_distutils_commands:/home/robot/pic2/install/converter_pkg/lib/python3.12/site-packages:${PYTHONPATH} /usr/bin/python3 -W ignore:setup.py install is deprecated -W ignore:easy_install command is deprecated setup.py egg_info --egg-base ../../../build/converter_pkg build --build-base /home/robot/pic2/build/converter_pkg/build install --record /home/robot/pic2/build/converter_pkg/install.log --single-version-externally-managed install_data
