[1.034s] Invoking command in '/home/robot/pic2/build/rplidar_ros': CMAKE_PREFIX_PATH=${CMAKE_PREFIX_PATH}:/opt/ros/jazzy /usr/bin/cmake --build /home/robot/pic2/build/rplidar_ros -- -j4 -l4
[1.486s] [ 77%] Built target rplidar_composition_node
[1.704s] [100%] Built target rplidar_composition
[1.812s] Invoked command in '/home/robot/pic2/build/rplidar_ros' returned '0': CMAKE_PREFIX_PATH=${CMAKE_PREFIX_PATH}:/opt/ros/jazzy /usr/bin/cmake --build /home/robot/pic2/build/rplidar_ros -- -j4 -l4
[1.818s] Invoking command in '/home/robot/pic2/build/rplidar_ros': CMAKE_PREFIX_PATH=${CMAKE_PREFIX_PATH}:/opt/ros/jazzy /usr/bin/cmake --install /home/robot/pic2/build/rplidar_ros
[1.871s] -- Install configuration: ""
[1.872s] -- Up-to-date: /home/robot/pic2/install/rplidar_ros/lib/rplidar_ros/rplidar_composition
[1.873s] -- Up-to-date: /home/robot/pic2/install/rplidar_ros/share/rplidar_ros/launch
[1.874s] -- Up-to-date: /home/robot/pic2/install/rplidar_ros/share/rplidar_ros/launch/rplidar.launch.py
[1.875s] -- Up-to-date: /home/robot/pic2/install/rplidar_ros/share/rplidar_ros/launch/rplidar_s1_tcp.launch.py
[1.875s] -- Up-to-date: /home/robot/pic2/install/rplidar_ros/share/rplidar_ros/launch/rplidar_s1.launch.py
[1.876s] -- Up-to-date: /home/robot/pic2/install/rplidar_ros/share/rplidar_ros/launch/view_rplidar_s1_tcp.launch.py
[1.876s] -- Up-to-date: /home/robot/pic2/install/rplidar_ros/share/rplidar_ros/launch/rplidar_a3.launch.py
[1.877s] -- Up-to-date: /home/robot/pic2/install/rplidar_ros/share/rplidar_ros/launch/view_rplidar.launch.py
[1.878s] -- Up-to-date: /home/robot/pic2/install/rplidar_ros/share/rplidar_ros/launch/view_rplidar_a3.launch.py
[1.878s] -- Up-to-date: /home/robot/pic2/install/rplidar_ros/share/rplidar_ros/launch/view_rplidar_s1.launch.py
[1.879s] -- Up-to-date: /home/robot/pic2/install/rplidar_ros/share/rplidar_ros/launch/test_rplidar_a3.launch.py
[1.880s] -- Up-to-date: /home/robot/pic2/install/rplidar_ros/share/rplidar_ros/rviz
[1.880s] -- Up-to-date: /home/robot/pic2/install/rplidar_ros/share/rplidar_ros/rviz/rplidar.rviz
[1.881s] -- Up-to-date: /home/robot/pic2/install/rplidar_ros/lib/librplidar_composition_node.so
[1.881s] -- Up-to-date: /home/robot/pic2/install/rplidar_ros/include
[1.882s] -- Up-to-date: /home/robot/pic2/install/rplidar_ros/include/rplidar_node.hpp
[1.883s] -- Up-to-date: /home/robot/pic2/install/rplidar_ros/include/visibility.h
[1.884s] -- Up-to-date: /home/robot/pic2/install/rplidar_ros/lib/rplidar_ros/rplidar_composition
[1.884s] -- Up-to-date: /home/robot/pic2/install/rplidar_ros/share/ament_index/resource_index/package_run_dependencies/rplidar_ros
[1.885s] -- Up-to-date: /home/robot/pic2/install/rplidar_ros/share/ament_index/resource_index/parent_prefix_path/rplidar_ros
[1.886s] -- Up-to-date: /home/robot/pic2/install/rplidar_ros/share/rplidar_ros/environment/ament_prefix_path.sh
[1.886s] -- Up-to-date: /home/robot/pic2/install/rplidar_ros/share/rplidar_ros/environment/ament_prefix_path.dsv
[1.887s] -- Up-to-date: /home/robot/pic2/install/rplidar_ros/share/rplidar_ros/environment/path.sh
[1.888s] -- Up-to-date: /home/robot/pic2/install/rplidar_ros/share/rplidar_ros/environment/path.dsv
[1.888s] -- Up-to-date: /home/robot/pic2/install/rplidar_ros/share/rplidar_ros/local_setup.bash
[1.889s] -- Up-to-date: /home/robot/pic2/install/rplidar_ros/share/rplidar_ros/local_setup.sh
[1.889s] -- Up-to-date: /home/robot/pic2/install/rplidar_ros/share/rplidar_ros/local_setup.zsh
[1.889s] -- Up-to-date: /home/robot/pic2/install/rplidar_ros/share/rplidar_ros/local_setup.dsv
[1.890s] -- Installing: /home/robot/pic2/install/rplidar_ros/share/rplidar_ros/package.dsv
[1.890s] -- Up-to-date: /home/robot/pic2/install/rplidar_ros/share/ament_index/resource_index/packages/rplidar_ros
[1.891s] -- Up-to-date: /home/robot/pic2/install/rplidar_ros/share/ament_index/resource_index/rclcpp_components/rplidar_ros
[1.892s] -- Up-to-date: /home/robot/pic2/install/rplidar_ros/share/rplidar_ros/cmake/ament_cmake_export_dependencies-extras.cmake
[1.892s] -- Up-to-date: /home/robot/pic2/install/rplidar_ros/share/rplidar_ros/cmake/ament_cmake_export_include_directories-extras.cmake
[1.893s] -- Up-to-date: /home/robot/pic2/install/rplidar_ros/share/rplidar_ros/cmake/rplidar_rosConfig.cmake
[1.894s] -- Up-to-date: /home/robot/pic2/install/rplidar_ros/share/rplidar_ros/cmake/rplidar_rosConfig-version.cmake
[1.894s] -- Up-to-date: /home/robot/pic2/install/rplidar_ros/share/rplidar_ros/package.xml
[1.898s] Invoked command in '/home/robot/pic2/build/rplidar_ros' returned '0': CMAKE_PREFIX_PATH=${CMAKE_PREFIX_PATH}:/opt/ros/jazzy /usr/bin/cmake --install /home/robot/pic2/build/rplidar_ros
