[0.485s] DEBUG:colcon:Command line arguments: ['/usr/bin/colcon', 'build', '--symlink-install']
[0.485s] DEBUG:colcon:Parsed command line arguments: Namespace(log_base=None, log_level=None, verb_name='build', build_base='build', install_base='install', merge_install=False, symlink_install=True, test_result_base=None, continue_on_error=False, executor='parallel', parallel_workers=4, event_handlers=None, ignore_user_meta=False, metas=['./colcon.meta'], base_paths=['.'], packages_ignore=None, packages_ignore_regex=None, paths=None, packages_up_to=None, packages_up_to_regex=None, packages_above=None, packages_above_and_dependencies=None, packages_above_depth=None, packages_select_by_dep=None, packages_skip_by_dep=None, packages_skip_up_to=None, packages_select_build_failed=False, packages_skip_build_finished=False, packages_select_test_failures=False, packages_skip_test_passed=False, packages_select=None, packages_skip=None, packages_select_regex=None, packages_skip_regex=None, packages_start=None, packages_end=None, allow_overriding=[], cmake_args=None, cmake_target=None, cmake_target_skip_unavailable=False, cmake_clean_cache=False, cmake_clean_first=False, cmake_force_configure=False, ament_cmake_args=None, catkin_cmake_args=None, catkin_skip_building_tests=False, mixin_files=None, mixin=None, verb_parser=<colcon_mixin.mixin.mixin_argument.MixinArgumentDecorator object at 0xffff8554c440>, verb_extension=<colcon_core.verb.build.BuildVerb object at 0xffff85f99610>, main=<bound method BuildVerb.main of <colcon_core.verb.build.BuildVerb object at 0xffff85f99610>>, mixin_verb=('build',))
[0.658s] Level 1:colcon.colcon_core.package_discovery:discover_packages(colcon_meta) check parameters
[0.658s] Level 1:colcon.colcon_core.package_discovery:discover_packages(recursive) check parameters
[0.658s] Level 1:colcon.colcon_core.package_discovery:discover_packages(ignore) check parameters
[0.658s] Level 1:colcon.colcon_core.package_discovery:discover_packages(path) check parameters
[0.659s] Level 1:colcon.colcon_core.package_discovery:discover_packages(colcon_meta) discover
[0.659s] Level 1:colcon.colcon_core.package_discovery:discover_packages(recursive) discover
[0.659s] INFO:colcon.colcon_core.package_discovery:Crawling recursively for packages in '/home/robot/pic2'
[0.659s] Level 1:colcon.colcon_core.package_identification:_identify(.) by extensions ['ignore', 'ignore_ament_install']
[0.660s] Level 1:colcon.colcon_core.package_identification:_identify(.) by extension 'ignore'
[0.660s] Level 1:colcon.colcon_core.package_identification:_identify(.) by extension 'ignore_ament_install'
[0.660s] Level 1:colcon.colcon_core.package_identification:_identify(.) by extensions ['colcon_pkg']
[0.660s] Level 1:colcon.colcon_core.package_identification:_identify(.) by extension 'colcon_pkg'
[0.660s] Level 1:colcon.colcon_core.package_identification:_identify(.) by extensions ['colcon_meta']
[0.661s] Level 1:colcon.colcon_core.package_identification:_identify(.) by extension 'colcon_meta'
[0.661s] Level 1:colcon.colcon_core.package_identification:_identify(.) by extensions ['ros']
[0.661s] Level 1:colcon.colcon_core.package_identification:_identify(.) by extension 'ros'
[0.767s] Level 1:colcon.colcon_core.package_identification:_identify(.) by extensions ['cmake', 'python']
[0.767s] Level 1:colcon.colcon_core.package_identification:_identify(.) by extension 'cmake'
[0.768s] Level 1:colcon.colcon_core.package_identification:_identify(.) by extension 'python'
[0.768s] Level 1:colcon.colcon_core.package_identification:_identify(.) by extensions ['python_setup_py']
[0.768s] Level 1:colcon.colcon_core.package_identification:_identify(.) by extension 'python_setup_py'
[0.768s] Level 1:colcon.colcon_core.package_identification:_identify(build) by extensions ['ignore', 'ignore_ament_install']
[0.769s] Level 1:colcon.colcon_core.package_identification:_identify(build) by extension 'ignore'
[0.769s] Level 1:colcon.colcon_core.package_identification:_identify(build) ignored
[0.769s] Level 1:colcon.colcon_core.package_identification:_identify(install) by extensions ['ignore', 'ignore_ament_install']
[0.770s] Level 1:colcon.colcon_core.package_identification:_identify(install) by extension 'ignore'
[0.770s] Level 1:colcon.colcon_core.package_identification:_identify(install) ignored
[0.771s] Level 1:colcon.colcon_core.package_identification:_identify(log) by extensions ['ignore', 'ignore_ament_install']
[0.771s] Level 1:colcon.colcon_core.package_identification:_identify(log) by extension 'ignore'
[0.771s] Level 1:colcon.colcon_core.package_identification:_identify(log) ignored
[0.771s] Level 1:colcon.colcon_core.package_identification:_identify(src) by extensions ['ignore', 'ignore_ament_install']
[0.772s] Level 1:colcon.colcon_core.package_identification:_identify(src) by extension 'ignore'
[0.772s] Level 1:colcon.colcon_core.package_identification:_identify(src) by extension 'ignore_ament_install'
[0.772s] Level 1:colcon.colcon_core.package_identification:_identify(src) by extensions ['colcon_pkg']
[0.772s] Level 1:colcon.colcon_core.package_identification:_identify(src) by extension 'colcon_pkg'
[0.772s] Level 1:colcon.colcon_core.package_identification:_identify(src) by extensions ['colcon_meta']
[0.772s] Level 1:colcon.colcon_core.package_identification:_identify(src) by extension 'colcon_meta'
[0.772s] Level 1:colcon.colcon_core.package_identification:_identify(src) by extensions ['ros']
[0.773s] Level 1:colcon.colcon_core.package_identification:_identify(src) by extension 'ros'
[0.773s] Level 1:colcon.colcon_core.package_identification:_identify(src) by extensions ['cmake', 'python']
[0.773s] Level 1:colcon.colcon_core.package_identification:_identify(src) by extension 'cmake'
[0.773s] Level 1:colcon.colcon_core.package_identification:_identify(src) by extension 'python'
[0.773s] Level 1:colcon.colcon_core.package_identification:_identify(src) by extensions ['python_setup_py']
[0.773s] Level 1:colcon.colcon_core.package_identification:_identify(src) by extension 'python_setup_py'
[0.774s] Level 1:colcon.colcon_core.package_identification:_identify(src/Packages) by extensions ['ignore', 'ignore_ament_install']
[0.774s] Level 1:colcon.colcon_core.package_identification:_identify(src/Packages) by extension 'ignore'
[0.774s] Level 1:colcon.colcon_core.package_identification:_identify(src/Packages) by extension 'ignore_ament_install'
[0.775s] Level 1:colcon.colcon_core.package_identification:_identify(src/Packages) by extensions ['colcon_pkg']
[0.775s] Level 1:colcon.colcon_core.package_identification:_identify(src/Packages) by extension 'colcon_pkg'
[0.775s] Level 1:colcon.colcon_core.package_identification:_identify(src/Packages) by extensions ['colcon_meta']
[0.775s] Level 1:colcon.colcon_core.package_identification:_identify(src/Packages) by extension 'colcon_meta'
[0.775s] Level 1:colcon.colcon_core.package_identification:_identify(src/Packages) by extensions ['ros']
[0.775s] Level 1:colcon.colcon_core.package_identification:_identify(src/Packages) by extension 'ros'
[0.776s] Level 1:colcon.colcon_core.package_identification:_identify(src/Packages) by extensions ['cmake', 'python']
[0.776s] Level 1:colcon.colcon_core.package_identification:_identify(src/Packages) by extension 'cmake'
[0.776s] Level 1:colcon.colcon_core.package_identification:_identify(src/Packages) by extension 'python'
[0.776s] Level 1:colcon.colcon_core.package_identification:_identify(src/Packages) by extensions ['python_setup_py']
[0.776s] Level 1:colcon.colcon_core.package_identification:_identify(src/Packages) by extension 'python_setup_py'
[0.777s] Level 1:colcon.colcon_core.package_identification:_identify(src/Packages/converter_pkg) by extensions ['ignore', 'ignore_ament_install']
[0.777s] Level 1:colcon.colcon_core.package_identification:_identify(src/Packages/converter_pkg) by extension 'ignore'
[0.777s] Level 1:colcon.colcon_core.package_identification:_identify(src/Packages/converter_pkg) by extension 'ignore_ament_install'
[0.777s] Level 1:colcon.colcon_core.package_identification:_identify(src/Packages/converter_pkg) by extensions ['colcon_pkg']
[0.778s] Level 1:colcon.colcon_core.package_identification:_identify(src/Packages/converter_pkg) by extension 'colcon_pkg'
[0.778s] Level 1:colcon.colcon_core.package_identification:_identify(src/Packages/converter_pkg) by extensions ['colcon_meta']
[0.778s] Level 1:colcon.colcon_core.package_identification:_identify(src/Packages/converter_pkg) by extension 'colcon_meta'
[0.778s] Level 1:colcon.colcon_core.package_identification:_identify(src/Packages/converter_pkg) by extensions ['ros']
[0.778s] Level 1:colcon.colcon_core.package_identification:_identify(src/Packages/converter_pkg) by extension 'ros'
[0.787s] DEBUG:colcon.colcon_core.package_identification:Package 'src/Packages/converter_pkg' with type 'ros.ament_python' and name 'converter_pkg'
[0.787s] Level 1:colcon.colcon_core.package_identification:_identify(src/Packages/diffdrive_arduino) by extensions ['ignore', 'ignore_ament_install']
[0.788s] Level 1:colcon.colcon_core.package_identification:_identify(src/Packages/diffdrive_arduino) by extension 'ignore'
[0.788s] Level 1:colcon.colcon_core.package_identification:_identify(src/Packages/diffdrive_arduino) by extension 'ignore_ament_install'
[0.788s] Level 1:colcon.colcon_core.package_identification:_identify(src/Packages/diffdrive_arduino) by extensions ['colcon_pkg']
[0.788s] Level 1:colcon.colcon_core.package_identification:_identify(src/Packages/diffdrive_arduino) by extension 'colcon_pkg'
[0.789s] Level 1:colcon.colcon_core.package_identification:_identify(src/Packages/diffdrive_arduino) by extensions ['colcon_meta']
[0.789s] Level 1:colcon.colcon_core.package_identification:_identify(src/Packages/diffdrive_arduino) by extension 'colcon_meta'
[0.789s] Level 1:colcon.colcon_core.package_identification:_identify(src/Packages/diffdrive_arduino) by extensions ['ros']
[0.789s] Level 1:colcon.colcon_core.package_identification:_identify(src/Packages/diffdrive_arduino) by extension 'ros'
[0.792s] DEBUG:colcon.colcon_core.package_identification:Package 'src/Packages/diffdrive_arduino' with type 'ros.ament_cmake' and name 'diffdrive_arduino'
[0.793s] Level 1:colcon.colcon_core.package_identification:_identify(src/Packages/rplidar_ros2) by extensions ['ignore', 'ignore_ament_install']
[0.793s] Level 1:colcon.colcon_core.package_identification:_identify(src/Packages/rplidar_ros2) by extension 'ignore'
[0.794s] Level 1:colcon.colcon_core.package_identification:_identify(src/Packages/rplidar_ros2) by extension 'ignore_ament_install'
[0.794s] Level 1:colcon.colcon_core.package_identification:_identify(src/Packages/rplidar_ros2) by extensions ['colcon_pkg']
[0.794s] Level 1:colcon.colcon_core.package_identification:_identify(src/Packages/rplidar_ros2) by extension 'colcon_pkg'
[0.794s] Level 1:colcon.colcon_core.package_identification:_identify(src/Packages/rplidar_ros2) by extensions ['colcon_meta']
[0.794s] Level 1:colcon.colcon_core.package_identification:_identify(src/Packages/rplidar_ros2) by extension 'colcon_meta'
[0.794s] Level 1:colcon.colcon_core.package_identification:_identify(src/Packages/rplidar_ros2) by extensions ['ros']
[0.795s] Level 1:colcon.colcon_core.package_identification:_identify(src/Packages/rplidar_ros2) by extension 'ros'
[0.797s] DEBUG:colcon.colcon_core.package_identification:Package 'src/Packages/rplidar_ros2' with type 'ros.ament_cmake' and name 'rplidar_ros'
[0.797s] Level 1:colcon.colcon_core.package_discovery:discover_packages(recursive) using defaults
[0.797s] Level 1:colcon.colcon_core.package_discovery:discover_packages(ignore) discover
[0.798s] Level 1:colcon.colcon_core.package_discovery:discover_packages(ignore) using defaults
[0.798s] Level 1:colcon.colcon_core.package_discovery:discover_packages(path) discover
[0.798s] Level 1:colcon.colcon_core.package_discovery:discover_packages(path) using defaults
[0.869s] Level 1:colcon.colcon_core.package_discovery:discover_packages(prefix_path) check parameters
[0.869s] Level 1:colcon.colcon_core.package_discovery:discover_packages(prefix_path) discover
[0.879s] DEBUG:colcon.colcon_installed_package_information.package_discovery:Found 3 installed packages in /home/robot/pic2/install
[0.895s] DEBUG:colcon.colcon_installed_package_information.package_discovery:Found 427 installed packages in /opt/ros/jazzy
[0.904s] Level 1:colcon.colcon_core.package_discovery:discover_packages(prefix_path) using defaults
[1.180s] Level 5:colcon.colcon_core.verb:set package 'converter_pkg' build argument 'cmake_args' from command line to 'None'
[1.181s] Level 5:colcon.colcon_core.verb:set package 'converter_pkg' build argument 'cmake_target' from command line to 'None'
[1.181s] Level 5:colcon.colcon_core.verb:set package 'converter_pkg' build argument 'cmake_target_skip_unavailable' from command line to 'False'
[1.181s] Level 5:colcon.colcon_core.verb:set package 'converter_pkg' build argument 'cmake_clean_cache' from command line to 'False'
[1.181s] Level 5:colcon.colcon_core.verb:set package 'converter_pkg' build argument 'cmake_clean_first' from command line to 'False'
[1.181s] Level 5:colcon.colcon_core.verb:set package 'converter_pkg' build argument 'cmake_force_configure' from command line to 'False'
[1.181s] Level 5:colcon.colcon_core.verb:set package 'converter_pkg' build argument 'ament_cmake_args' from command line to 'None'
[1.181s] Level 5:colcon.colcon_core.verb:set package 'converter_pkg' build argument 'catkin_cmake_args' from command line to 'None'
[1.181s] Level 5:colcon.colcon_core.verb:set package 'converter_pkg' build argument 'catkin_skip_building_tests' from command line to 'False'
[1.181s] DEBUG:colcon.colcon_core.verb:Building package 'converter_pkg' with the following arguments: {'ament_cmake_args': None, 'build_base': '/home/robot/pic2/build/converter_pkg', 'catkin_cmake_args': None, 'catkin_skip_building_tests': False, 'cmake_args': None, 'cmake_clean_cache': False, 'cmake_clean_first': False, 'cmake_force_configure': False, 'cmake_target': None, 'cmake_target_skip_unavailable': False, 'install_base': '/home/robot/pic2/install/converter_pkg', 'merge_install': False, 'path': '/home/robot/pic2/src/Packages/converter_pkg', 'symlink_install': True, 'test_result_base': None}
[1.183s] Level 5:colcon.colcon_core.verb:set package 'diffdrive_arduino' build argument 'cmake_args' from command line to 'None'
[1.183s] Level 5:colcon.colcon_core.verb:set package 'diffdrive_arduino' build argument 'cmake_target' from command line to 'None'
[1.183s] Level 5:colcon.colcon_core.verb:set package 'diffdrive_arduino' build argument 'cmake_target_skip_unavailable' from command line to 'False'
[1.183s] Level 5:colcon.colcon_core.verb:set package 'diffdrive_arduino' build argument 'cmake_clean_cache' from command line to 'False'
[1.183s] Level 5:colcon.colcon_core.verb:set package 'diffdrive_arduino' build argument 'cmake_clean_first' from command line to 'False'
[1.183s] Level 5:colcon.colcon_core.verb:set package 'diffdrive_arduino' build argument 'cmake_force_configure' from command line to 'False'
[1.183s] Level 5:colcon.colcon_core.verb:set package 'diffdrive_arduino' build argument 'ament_cmake_args' from command line to 'None'
[1.183s] Level 5:colcon.colcon_core.verb:set package 'diffdrive_arduino' build argument 'catkin_cmake_args' from command line to 'None'
[1.184s] Level 5:colcon.colcon_core.verb:set package 'diffdrive_arduino' build argument 'catkin_skip_building_tests' from command line to 'False'
[1.184s] DEBUG:colcon.colcon_core.verb:Building package 'diffdrive_arduino' with the following arguments: {'ament_cmake_args': None, 'build_base': '/home/robot/pic2/build/diffdrive_arduino', 'catkin_cmake_args': None, 'catkin_skip_building_tests': False, 'cmake_args': None, 'cmake_clean_cache': False, 'cmake_clean_first': False, 'cmake_force_configure': False, 'cmake_target': None, 'cmake_target_skip_unavailable': False, 'install_base': '/home/robot/pic2/install/diffdrive_arduino', 'merge_install': False, 'path': '/home/robot/pic2/src/Packages/diffdrive_arduino', 'symlink_install': True, 'test_result_base': None}
[1.185s] Level 5:colcon.colcon_core.verb:set package 'rplidar_ros' build argument 'cmake_args' from command line to 'None'
[1.185s] Level 5:colcon.colcon_core.verb:set package 'rplidar_ros' build argument 'cmake_target' from command line to 'None'
[1.185s] Level 5:colcon.colcon_core.verb:set package 'rplidar_ros' build argument 'cmake_target_skip_unavailable' from command line to 'False'
[1.185s] Level 5:colcon.colcon_core.verb:set package 'rplidar_ros' build argument 'cmake_clean_cache' from command line to 'False'
[1.185s] Level 5:colcon.colcon_core.verb:set package 'rplidar_ros' build argument 'cmake_clean_first' from command line to 'False'
[1.185s] Level 5:colcon.colcon_core.verb:set package 'rplidar_ros' build argument 'cmake_force_configure' from command line to 'False'
[1.185s] Level 5:colcon.colcon_core.verb:set package 'rplidar_ros' build argument 'ament_cmake_args' from command line to 'None'
[1.186s] Level 5:colcon.colcon_core.verb:set package 'rplidar_ros' build argument 'catkin_cmake_args' from command line to 'None'
[1.186s] Level 5:colcon.colcon_core.verb:set package 'rplidar_ros' build argument 'catkin_skip_building_tests' from command line to 'False'
[1.186s] DEBUG:colcon.colcon_core.verb:Building package 'rplidar_ros' with the following arguments: {'ament_cmake_args': None, 'build_base': '/home/robot/pic2/build/rplidar_ros', 'catkin_cmake_args': None, 'catkin_skip_building_tests': False, 'cmake_args': None, 'cmake_clean_cache': False, 'cmake_clean_first': False, 'cmake_force_configure': False, 'cmake_target': None, 'cmake_target_skip_unavailable': False, 'install_base': '/home/robot/pic2/install/rplidar_ros', 'merge_install': False, 'path': '/home/robot/pic2/src/Packages/rplidar_ros2', 'symlink_install': True, 'test_result_base': None}
[1.186s] INFO:colcon.colcon_core.executor:Executing jobs using 'parallel' executor
[1.189s] DEBUG:colcon.colcon_parallel_executor.executor.parallel:run_until_complete
[1.190s] INFO:colcon.colcon_ros.task.ament_python.build:Building ROS package in '/home/robot/pic2/src/Packages/converter_pkg' with build type 'ament_python'
[1.191s] Level 1:colcon.colcon_core.shell:create_environment_hook('converter_pkg', 'ament_prefix_path')
[1.199s] INFO:colcon.colcon_core.plugin_system:Skipping extension 'colcon_core.shell.bat': Not used on non-Windows systems
[1.200s] INFO:colcon.colcon_core.shell:Creating environment hook '/home/robot/pic2/install/converter_pkg/share/converter_pkg/hook/ament_prefix_path.ps1'
[1.203s] INFO:colcon.colcon_core.shell:Creating environment descriptor '/home/robot/pic2/install/converter_pkg/share/converter_pkg/hook/ament_prefix_path.dsv'
[1.206s] INFO:colcon.colcon_core.shell:Creating environment hook '/home/robot/pic2/install/converter_pkg/share/converter_pkg/hook/ament_prefix_path.sh'
[1.209s] INFO:colcon.colcon_core.shell:Skip shell extension 'powershell' for command environment: Not usable outside of PowerShell
[1.209s] DEBUG:colcon.colcon_core.shell:Skip shell extension 'dsv' for command environment
[1.236s] INFO:colcon.colcon_ros.task.ament_cmake.build:Building ROS package in '/home/robot/pic2/src/Packages/diffdrive_arduino' with build type 'ament_cmake'
[1.237s] INFO:colcon.colcon_cmake.task.cmake.build:Building CMake package in '/home/robot/pic2/src/Packages/diffdrive_arduino'
[1.237s] INFO:colcon.colcon_core.shell:Skip shell extension 'powershell' for command environment: Not usable outside of PowerShell
[1.238s] DEBUG:colcon.colcon_core.shell:Skip shell extension 'dsv' for command environment
[1.265s] INFO:colcon.colcon_ros.task.ament_cmake.build:Building ROS package in '/home/robot/pic2/src/Packages/rplidar_ros2' with build type 'ament_cmake'
[1.265s] INFO:colcon.colcon_cmake.task.cmake.build:Building CMake package in '/home/robot/pic2/src/Packages/rplidar_ros2'
[1.266s] INFO:colcon.colcon_core.shell:Skip shell extension 'powershell' for command environment: Not usable outside of PowerShell
[1.267s] DEBUG:colcon.colcon_core.shell:Skip shell extension 'dsv' for command environment
[2.283s] INFO:colcon.colcon_core.task.python.build:Building Python package in '/home/robot/pic2/src/Packages/converter_pkg'
[2.284s] INFO:colcon.colcon_core.shell:Skip shell extension 'powershell' for command environment: Not usable outside of PowerShell
[2.284s] DEBUG:colcon.colcon_core.shell:Skip shell extension 'dsv' for command environment
[2.328s] DEBUG:colcon.colcon_core.event_handler.log_command:Invoking command in '/home/robot/pic2/build/diffdrive_arduino': CMAKE_PREFIX_PATH=${CMAKE_PREFIX_PATH}:/home/robot/pic2/install/converter_pkg:/opt/ros/jazzy /usr/bin/cmake --build /home/robot/pic2/build/diffdrive_arduino -- -j4 -l4
[2.348s] DEBUG:colcon.colcon_core.event_handler.log_command:Invoking command in '/home/robot/pic2/build/rplidar_ros': CMAKE_PREFIX_PATH=${CMAKE_PREFIX_PATH}:/home/robot/pic2/install/converter_pkg:/opt/ros/jazzy /usr/bin/cmake --build /home/robot/pic2/build/rplidar_ros -- -j4 -l4
[2.944s] DEBUG:colcon.colcon_core.event_handler.log_command:Invoked command in '/home/robot/pic2/build/diffdrive_arduino' returned '0': CMAKE_PREFIX_PATH=${CMAKE_PREFIX_PATH}:/home/robot/pic2/install/converter_pkg:/opt/ros/jazzy /usr/bin/cmake --build /home/robot/pic2/build/diffdrive_arduino -- -j4 -l4
[3.017s] DEBUG:colcon.colcon_core.event_handler.log_command:Invoking command in '/home/robot/pic2/build/diffdrive_arduino': CMAKE_PREFIX_PATH=${CMAKE_PREFIX_PATH}:/home/robot/pic2/install/converter_pkg:/opt/ros/jazzy /usr/bin/cmake --install /home/robot/pic2/build/diffdrive_arduino
[3.022s] DEBUG:colcon.colcon_core.event_handler.log_command:Invoked command in '/home/robot/pic2/build/rplidar_ros' returned '0': CMAKE_PREFIX_PATH=${CMAKE_PREFIX_PATH}:/home/robot/pic2/install/converter_pkg:/opt/ros/jazzy /usr/bin/cmake --build /home/robot/pic2/build/rplidar_ros -- -j4 -l4
[3.028s] DEBUG:colcon.colcon_core.event_handler.log_command:Invoking command in '/home/robot/pic2/build/rplidar_ros': CMAKE_PREFIX_PATH=${CMAKE_PREFIX_PATH}:/home/robot/pic2/install/converter_pkg:/opt/ros/jazzy /usr/bin/cmake --install /home/robot/pic2/build/rplidar_ros
[3.221s] Level 1:colcon.colcon_core.environment:create_environment_scripts_only(rplidar_ros)
[3.223s] DEBUG:colcon.colcon_core.event_handler.log_command:Invoked command in '/home/robot/pic2/build/rplidar_ros' returned '0': CMAKE_PREFIX_PATH=${CMAKE_PREFIX_PATH}:/home/robot/pic2/install/converter_pkg:/opt/ros/jazzy /usr/bin/cmake --install /home/robot/pic2/build/rplidar_ros
[3.233s] Level 1:colcon.colcon_core.environment:checking '/home/robot/pic2/install/rplidar_ros' for CMake module files
[3.237s] Level 1:colcon.colcon_core.environment:checking '/home/robot/pic2/install/rplidar_ros' for CMake config files
[3.241s] Level 1:colcon.colcon_core.shell:create_environment_hook('rplidar_ros', 'cmake_prefix_path')
[3.242s] INFO:colcon.colcon_core.shell:Creating environment hook '/home/robot/pic2/install/rplidar_ros/share/rplidar_ros/hook/cmake_prefix_path.ps1'
[3.244s] INFO:colcon.colcon_core.shell:Creating environment descriptor '/home/robot/pic2/install/rplidar_ros/share/rplidar_ros/hook/cmake_prefix_path.dsv'
[3.248s] INFO:colcon.colcon_core.shell:Creating environment hook '/home/robot/pic2/install/rplidar_ros/share/rplidar_ros/hook/cmake_prefix_path.sh'
[3.251s] Level 1:colcon.colcon_core.environment:checking '/home/robot/pic2/install/rplidar_ros/lib'
[3.252s] Level 1:colcon.colcon_core.shell:create_environment_hook('rplidar_ros', 'ld_library_path_lib')
[3.252s] INFO:colcon.colcon_core.shell:Creating environment hook '/home/robot/pic2/install/rplidar_ros/share/rplidar_ros/hook/ld_library_path_lib.ps1'
[3.254s] INFO:colcon.colcon_core.shell:Creating environment descriptor '/home/robot/pic2/install/rplidar_ros/share/rplidar_ros/hook/ld_library_path_lib.dsv'
[3.256s] INFO:colcon.colcon_core.shell:Creating environment hook '/home/robot/pic2/install/rplidar_ros/share/rplidar_ros/hook/ld_library_path_lib.sh'
[3.258s] Level 1:colcon.colcon_core.environment:checking '/home/robot/pic2/install/rplidar_ros/bin'
[3.258s] Level 1:colcon.colcon_core.environment:checking '/home/robot/pic2/install/rplidar_ros/lib/pkgconfig/rplidar_ros.pc'
[3.259s] Level 1:colcon.colcon_core.environment:checking '/home/robot/pic2/install/rplidar_ros/lib/python3.12/site-packages'
[3.261s] Level 1:colcon.colcon_core.environment:checking '/home/robot/pic2/install/rplidar_ros/bin'
[3.262s] INFO:colcon.colcon_core.shell:Creating package script '/home/robot/pic2/install/rplidar_ros/share/rplidar_ros/package.ps1'
[3.266s] INFO:colcon.colcon_core.shell:Creating package descriptor '/home/robot/pic2/install/rplidar_ros/share/rplidar_ros/package.dsv'
[3.269s] INFO:colcon.colcon_core.shell:Creating package script '/home/robot/pic2/install/rplidar_ros/share/rplidar_ros/package.sh'
[3.271s] INFO:colcon.colcon_core.shell:Creating package script '/home/robot/pic2/install/rplidar_ros/share/rplidar_ros/package.bash'
[3.274s] INFO:colcon.colcon_core.shell:Creating package script '/home/robot/pic2/install/rplidar_ros/share/rplidar_ros/package.zsh'
[3.277s] Level 1:colcon.colcon_core.environment:create_file_with_runtime_dependencies(/home/robot/pic2/install/rplidar_ros/share/colcon-core/packages/rplidar_ros)
[3.280s] Level 1:colcon.colcon_core.environment:create_environment_scripts_only(rplidar_ros)
[3.280s] Level 1:colcon.colcon_core.environment:checking '/home/robot/pic2/install/rplidar_ros' for CMake module files
[3.284s] Level 1:colcon.colcon_core.environment:checking '/home/robot/pic2/install/rplidar_ros' for CMake config files
[3.288s] Level 1:colcon.colcon_core.shell:create_environment_hook('rplidar_ros', 'cmake_prefix_path')
[3.289s] INFO:colcon.colcon_core.shell:Creating environment hook '/home/robot/pic2/install/rplidar_ros/share/rplidar_ros/hook/cmake_prefix_path.ps1'
[3.291s] INFO:colcon.colcon_core.shell:Creating environment descriptor '/home/robot/pic2/install/rplidar_ros/share/rplidar_ros/hook/cmake_prefix_path.dsv'
[3.295s] INFO:colcon.colcon_core.shell:Creating environment hook '/home/robot/pic2/install/rplidar_ros/share/rplidar_ros/hook/cmake_prefix_path.sh'
[3.297s] Level 1:colcon.colcon_core.environment:checking '/home/robot/pic2/install/rplidar_ros/lib'
[3.298s] Level 1:colcon.colcon_core.shell:create_environment_hook('rplidar_ros', 'ld_library_path_lib')
[3.298s] INFO:colcon.colcon_core.shell:Creating environment hook '/home/robot/pic2/install/rplidar_ros/share/rplidar_ros/hook/ld_library_path_lib.ps1'
[3.300s] INFO:colcon.colcon_core.shell:Creating environment descriptor '/home/robot/pic2/install/rplidar_ros/share/rplidar_ros/hook/ld_library_path_lib.dsv'
[3.302s] INFO:colcon.colcon_core.shell:Creating environment hook '/home/robot/pic2/install/rplidar_ros/share/rplidar_ros/hook/ld_library_path_lib.sh'
[3.304s] Level 1:colcon.colcon_core.environment:checking '/home/robot/pic2/install/rplidar_ros/bin'
[3.304s] Level 1:colcon.colcon_core.environment:checking '/home/robot/pic2/install/rplidar_ros/lib/pkgconfig/rplidar_ros.pc'
[3.305s] Level 1:colcon.colcon_core.environment:checking '/home/robot/pic2/install/rplidar_ros/lib/python3.12/site-packages'
[3.308s] Level 1:colcon.colcon_core.environment:checking '/home/robot/pic2/install/rplidar_ros/bin'
[3.309s] INFO:colcon.colcon_core.shell:Creating package script '/home/robot/pic2/install/rplidar_ros/share/rplidar_ros/package.ps1'
[3.313s] INFO:colcon.colcon_core.shell:Creating package descriptor '/home/robot/pic2/install/rplidar_ros/share/rplidar_ros/package.dsv'
[3.317s] INFO:colcon.colcon_core.shell:Creating package script '/home/robot/pic2/install/rplidar_ros/share/rplidar_ros/package.sh'
[3.319s] INFO:colcon.colcon_core.shell:Creating package script '/home/robot/pic2/install/rplidar_ros/share/rplidar_ros/package.bash'
[3.321s] INFO:colcon.colcon_core.shell:Creating package script '/home/robot/pic2/install/rplidar_ros/share/rplidar_ros/package.zsh'
[3.323s] Level 1:colcon.colcon_core.environment:create_file_with_runtime_dependencies(/home/robot/pic2/install/rplidar_ros/share/colcon-core/packages/rplidar_ros)
[3.327s] Level 1:colcon.colcon_core.environment:create_environment_scripts_only(diffdrive_arduino)
[3.329s] Level 1:colcon.colcon_core.environment:checking '/home/robot/pic2/install/diffdrive_arduino' for CMake module files
[3.330s] DEBUG:colcon.colcon_core.event_handler.log_command:Invoked command in '/home/robot/pic2/build/diffdrive_arduino' returned '0': CMAKE_PREFIX_PATH=${CMAKE_PREFIX_PATH}:/home/robot/pic2/install/converter_pkg:/opt/ros/jazzy /usr/bin/cmake --install /home/robot/pic2/build/diffdrive_arduino
[3.333s] Level 1:colcon.colcon_core.environment:checking '/home/robot/pic2/install/diffdrive_arduino' for CMake config files
[3.338s] Level 1:colcon.colcon_core.shell:create_environment_hook('diffdrive_arduino', 'cmake_prefix_path')
[3.339s] INFO:colcon.colcon_core.shell:Creating environment hook '/home/robot/pic2/install/diffdrive_arduino/share/diffdrive_arduino/hook/cmake_prefix_path.ps1'
[3.341s] INFO:colcon.colcon_core.shell:Creating environment descriptor '/home/robot/pic2/install/diffdrive_arduino/share/diffdrive_arduino/hook/cmake_prefix_path.dsv'
[3.345s] INFO:colcon.colcon_core.shell:Creating environment hook '/home/robot/pic2/install/diffdrive_arduino/share/diffdrive_arduino/hook/cmake_prefix_path.sh'
[3.348s] Level 1:colcon.colcon_core.environment:checking '/home/robot/pic2/install/diffdrive_arduino/lib'
[3.349s] Level 1:colcon.colcon_core.shell:create_environment_hook('diffdrive_arduino', 'ld_library_path_lib')
[3.349s] INFO:colcon.colcon_core.shell:Creating environment hook '/home/robot/pic2/install/diffdrive_arduino/share/diffdrive_arduino/hook/ld_library_path_lib.ps1'
[3.351s] INFO:colcon.colcon_core.shell:Creating environment descriptor '/home/robot/pic2/install/diffdrive_arduino/share/diffdrive_arduino/hook/ld_library_path_lib.dsv'
[3.353s] INFO:colcon.colcon_core.shell:Creating environment hook '/home/robot/pic2/install/diffdrive_arduino/share/diffdrive_arduino/hook/ld_library_path_lib.sh'
[3.355s] Level 1:colcon.colcon_core.environment:checking '/home/robot/pic2/install/diffdrive_arduino/bin'
[3.355s] Level 1:colcon.colcon_core.environment:checking '/home/robot/pic2/install/diffdrive_arduino/lib/pkgconfig/diffdrive_arduino.pc'
[3.356s] Level 1:colcon.colcon_core.environment:checking '/home/robot/pic2/install/diffdrive_arduino/lib/python3.12/site-packages'
[3.357s] Level 1:colcon.colcon_core.environment:checking '/home/robot/pic2/install/diffdrive_arduino/bin'
[3.359s] INFO:colcon.colcon_core.shell:Creating package script '/home/robot/pic2/install/diffdrive_arduino/share/diffdrive_arduino/package.ps1'
[3.361s] INFO:colcon.colcon_core.shell:Creating package descriptor '/home/robot/pic2/install/diffdrive_arduino/share/diffdrive_arduino/package.dsv'
[3.363s] INFO:colcon.colcon_core.shell:Creating package script '/home/robot/pic2/install/diffdrive_arduino/share/diffdrive_arduino/package.sh'
[3.365s] INFO:colcon.colcon_core.shell:Creating package script '/home/robot/pic2/install/diffdrive_arduino/share/diffdrive_arduino/package.bash'
[3.367s] INFO:colcon.colcon_core.shell:Creating package script '/home/robot/pic2/install/diffdrive_arduino/share/diffdrive_arduino/package.zsh'
[3.369s] Level 1:colcon.colcon_core.environment:create_file_with_runtime_dependencies(/home/robot/pic2/install/diffdrive_arduino/share/colcon-core/packages/diffdrive_arduino)
[3.372s] Level 1:colcon.colcon_core.environment:create_environment_scripts_only(diffdrive_arduino)
[3.372s] Level 1:colcon.colcon_core.environment:checking '/home/robot/pic2/install/diffdrive_arduino' for CMake module files
[3.376s] Level 1:colcon.colcon_core.environment:checking '/home/robot/pic2/install/diffdrive_arduino' for CMake config files
[3.381s] Level 1:colcon.colcon_core.shell:create_environment_hook('diffdrive_arduino', 'cmake_prefix_path')
[3.381s] INFO:colcon.colcon_core.shell:Creating environment hook '/home/robot/pic2/install/diffdrive_arduino/share/diffdrive_arduino/hook/cmake_prefix_path.ps1'
[3.383s] INFO:colcon.colcon_core.shell:Creating environment descriptor '/home/robot/pic2/install/diffdrive_arduino/share/diffdrive_arduino/hook/cmake_prefix_path.dsv'
[3.387s] INFO:colcon.colcon_core.shell:Creating environment hook '/home/robot/pic2/install/diffdrive_arduino/share/diffdrive_arduino/hook/cmake_prefix_path.sh'
[3.390s] Level 1:colcon.colcon_core.environment:checking '/home/robot/pic2/install/diffdrive_arduino/lib'
[3.391s] Level 1:colcon.colcon_core.shell:create_environment_hook('diffdrive_arduino', 'ld_library_path_lib')
[3.392s] INFO:colcon.colcon_core.shell:Creating environment hook '/home/robot/pic2/install/diffdrive_arduino/share/diffdrive_arduino/hook/ld_library_path_lib.ps1'
[3.394s] INFO:colcon.colcon_core.shell:Creating environment descriptor '/home/robot/pic2/install/diffdrive_arduino/share/diffdrive_arduino/hook/ld_library_path_lib.dsv'
[3.396s] INFO:colcon.colcon_core.shell:Creating environment hook '/home/robot/pic2/install/diffdrive_arduino/share/diffdrive_arduino/hook/ld_library_path_lib.sh'
[3.398s] Level 1:colcon.colcon_core.environment:checking '/home/robot/pic2/install/diffdrive_arduino/bin'
[3.398s] Level 1:colcon.colcon_core.environment:checking '/home/robot/pic2/install/diffdrive_arduino/lib/pkgconfig/diffdrive_arduino.pc'
[3.399s] Level 1:colcon.colcon_core.environment:checking '/home/robot/pic2/install/diffdrive_arduino/lib/python3.12/site-packages'
[3.400s] Level 1:colcon.colcon_core.environment:checking '/home/robot/pic2/install/diffdrive_arduino/bin'
[3.402s] INFO:colcon.colcon_core.shell:Creating package script '/home/robot/pic2/install/diffdrive_arduino/share/diffdrive_arduino/package.ps1'
[3.405s] INFO:colcon.colcon_core.shell:Creating package descriptor '/home/robot/pic2/install/diffdrive_arduino/share/diffdrive_arduino/package.dsv'
[3.408s] INFO:colcon.colcon_core.shell:Creating package script '/home/robot/pic2/install/diffdrive_arduino/share/diffdrive_arduino/package.sh'
[3.410s] INFO:colcon.colcon_core.shell:Creating package script '/home/robot/pic2/install/diffdrive_arduino/share/diffdrive_arduino/package.bash'
[3.412s] INFO:colcon.colcon_core.shell:Creating package script '/home/robot/pic2/install/diffdrive_arduino/share/diffdrive_arduino/package.zsh'
[3.414s] Level 1:colcon.colcon_core.environment:create_file_with_runtime_dependencies(/home/robot/pic2/install/diffdrive_arduino/share/colcon-core/packages/diffdrive_arduino)
[5.405s] DEBUG:colcon.colcon_core.task.python.build:Available setuptools commands: bdist, upload, setopt, build_ext, upload_docs, bdist_egg, build_clib, rotate, compile_catalog, dist_info, install_egg_info, saveopts, sdist, build, egg_info, update_catalog, alias, develop, install, editable_wheel, test, extract_messages, build_scripts, symlink_data, clean, install_lib, init_catalog, build_py, install_data, install_headers, check, register, bdist_dumb, easy_install, bdist_rpm, install_scripts
[7.040s] DEBUG:colcon.colcon_core.task.python.build:Available setuptools 'develop' options: --local-snapshots-ok, --upgrade, --no-find-links, --always-unzip, --no-deps, --install-layout, --no-user-cfg, --install-dir, --multi-version, --exclude-scripts, --egg-path, --index-url, --site-dirs, --zip-ok, --version, --force-installation-into-system-dir, --uninstall, --editable, --always-copy, --prefix, --allow-hosts, --build-directory, --verbose, --dry-run, --optimize, --help, --record, --quiet, --user, --script-dir, --find-links
[7.046s] DEBUG:colcon.colcon_core.event_handler.log_command:Invoking command in '/home/robot/pic2/build/converter_pkg': PYTHONPATH=/home/robot/pic2/build/converter_pkg/prefix_override:/usr/lib/python3/dist-packages/colcon_core/task/python/colcon_distutils_commands:/home/robot/pic2/install/converter_pkg/lib/python3.12/site-packages:${PYTHONPATH} /usr/bin/python3 -W ignore:setup.py install is deprecated -W ignore:easy_install command is deprecated setup.py develop --editable --build-directory /home/robot/pic2/build/converter_pkg/build --no-deps symlink_data
[10.289s] Level 1:colcon.colcon_core.shell:create_environment_hook('converter_pkg', 'pythonpath_develop')
[10.290s] INFO:colcon.colcon_core.shell:Creating environment hook '/home/robot/pic2/build/converter_pkg/share/converter_pkg/hook/pythonpath_develop.ps1'
[10.291s] DEBUG:colcon.colcon_core.event_handler.log_command:Invoked command in '/home/robot/pic2/build/converter_pkg' returned '0': PYTHONPATH=/home/robot/pic2/build/converter_pkg/prefix_override:/usr/lib/python3/dist-packages/colcon_core/task/python/colcon_distutils_commands:/home/robot/pic2/install/converter_pkg/lib/python3.12/site-packages:${PYTHONPATH} /usr/bin/python3 -W ignore:setup.py install is deprecated -W ignore:easy_install command is deprecated setup.py develop --editable --build-directory /home/robot/pic2/build/converter_pkg/build --no-deps symlink_data
[10.293s] INFO:colcon.colcon_core.shell:Creating environment descriptor '/home/robot/pic2/build/converter_pkg/share/converter_pkg/hook/pythonpath_develop.dsv'
[10.296s] INFO:colcon.colcon_core.shell:Creating environment hook '/home/robot/pic2/build/converter_pkg/share/converter_pkg/hook/pythonpath_develop.sh'
[10.299s] Level 1:colcon.colcon_core.environment:checking '/home/robot/pic2/install/converter_pkg' for CMake module files
[10.301s] Level 1:colcon.colcon_core.environment:checking '/home/robot/pic2/install/converter_pkg' for CMake config files
[10.304s] Level 1:colcon.colcon_core.environment:checking '/home/robot/pic2/install/converter_pkg/lib'
[10.305s] Level 1:colcon.colcon_core.environment:checking '/home/robot/pic2/install/converter_pkg/bin'
[10.305s] Level 1:colcon.colcon_core.environment:checking '/home/robot/pic2/install/converter_pkg/lib/pkgconfig/converter_pkg.pc'
[10.306s] Level 1:colcon.colcon_core.environment:checking '/home/robot/pic2/install/converter_pkg/lib/python3.12/site-packages'
[10.307s] Level 1:colcon.colcon_core.shell:create_environment_hook('converter_pkg', 'pythonpath')
[10.307s] INFO:colcon.colcon_core.shell:Creating environment hook '/home/robot/pic2/install/converter_pkg/share/converter_pkg/hook/pythonpath.ps1'
[10.309s] INFO:colcon.colcon_core.shell:Creating environment descriptor '/home/robot/pic2/install/converter_pkg/share/converter_pkg/hook/pythonpath.dsv'
[10.313s] INFO:colcon.colcon_core.shell:Creating environment hook '/home/robot/pic2/install/converter_pkg/share/converter_pkg/hook/pythonpath.sh'
[10.316s] Level 1:colcon.colcon_core.environment:checking '/home/robot/pic2/install/converter_pkg/bin'
[10.316s] Level 1:colcon.colcon_core.environment:create_environment_scripts_only(converter_pkg)
[10.317s] INFO:colcon.colcon_core.shell:Creating package script '/home/robot/pic2/install/converter_pkg/share/converter_pkg/package.ps1'
[10.320s] INFO:colcon.colcon_core.shell:Creating package descriptor '/home/robot/pic2/install/converter_pkg/share/converter_pkg/package.dsv'
[10.322s] INFO:colcon.colcon_core.shell:Creating package script '/home/robot/pic2/install/converter_pkg/share/converter_pkg/package.sh'
[10.324s] INFO:colcon.colcon_core.shell:Creating package script '/home/robot/pic2/install/converter_pkg/share/converter_pkg/package.bash'
[10.326s] INFO:colcon.colcon_core.shell:Creating package script '/home/robot/pic2/install/converter_pkg/share/converter_pkg/package.zsh'
[10.328s] Level 1:colcon.colcon_core.environment:create_file_with_runtime_dependencies(/home/robot/pic2/install/converter_pkg/share/colcon-core/packages/converter_pkg)
[10.329s] DEBUG:colcon.colcon_parallel_executor.executor.parallel:closing loop
[10.330s] DEBUG:colcon.colcon_parallel_executor.executor.parallel:loop closed
[10.331s] DEBUG:colcon.colcon_parallel_executor.executor.parallel:run_until_complete finished with '0'
[10.331s] DEBUG:colcon.colcon_core.event_reactor:joining thread
[10.333s] DEBUG:colcon.colcon_core.event_reactor:joined thread
[10.334s] INFO:colcon.colcon_core.shell:Creating prefix script '/home/robot/pic2/install/local_setup.ps1'
[10.337s] INFO:colcon.colcon_core.shell:Creating prefix util module '/home/robot/pic2/install/_local_setup_util_ps1.py'
[10.341s] INFO:colcon.colcon_core.shell:Creating prefix chain script '/home/robot/pic2/install/setup.ps1'
[10.347s] INFO:colcon.colcon_core.shell:Creating prefix script '/home/robot/pic2/install/local_setup.sh'
[10.349s] INFO:colcon.colcon_core.shell:Creating prefix util module '/home/robot/pic2/install/_local_setup_util_sh.py'
[10.352s] INFO:colcon.colcon_core.shell:Creating prefix chain script '/home/robot/pic2/install/setup.sh'
[10.358s] INFO:colcon.colcon_core.shell:Creating prefix script '/home/robot/pic2/install/local_setup.bash'
[10.360s] INFO:colcon.colcon_core.shell:Creating prefix chain script '/home/robot/pic2/install/setup.bash'
[10.365s] INFO:colcon.colcon_core.shell:Creating prefix script '/home/robot/pic2/install/local_setup.zsh'
[10.367s] INFO:colcon.colcon_core.shell:Creating prefix chain script '/home/robot/pic2/install/setup.zsh'
