[0.838s] DEBUG:colcon:Command line arguments: ['/usr/bin/colcon', 'build', '--symlink-install']
[0.838s] DEBUG:colcon:Parsed command line arguments: Namespace(log_base=None, log_level=None, verb_name='build', build_base='build', install_base='install', merge_install=False, symlink_install=True, test_result_base=None, continue_on_error=False, executor='parallel', parallel_workers=4, event_handlers=None, ignore_user_meta=False, metas=['./colcon.meta'], base_paths=['.'], packages_ignore=None, packages_ignore_regex=None, paths=None, packages_up_to=None, packages_up_to_regex=None, packages_above=None, packages_above_and_dependencies=None, packages_above_depth=None, packages_select_by_dep=None, packages_skip_by_dep=None, packages_skip_up_to=None, packages_select_build_failed=False, packages_skip_build_finished=False, packages_select_test_failures=False, packages_skip_test_passed=False, packages_select=None, packages_skip=None, packages_select_regex=None, packages_skip_regex=None, packages_start=None, packages_end=None, allow_overriding=[], cmake_args=None, cmake_target=None, cmake_target_skip_unavailable=False, cmake_clean_cache=False, cmake_clean_first=False, cmake_force_configure=False, ament_cmake_args=None, catkin_cmake_args=None, catkin_skip_building_tests=False, mixin_files=None, mixin=None, verb_parser=<colcon_mixin.mixin.mixin_argument.MixinArgumentDecorator object at 0xffffb2ecede0>, verb_extension=<colcon_core.verb.build.BuildVerb object at 0xffffb2eccc80>, main=<bound method BuildVerb.main of <colcon_core.verb.build.BuildVerb object at 0xffffb2eccc80>>, mixin_verb=('build',))
[1.141s] Level 1:colcon.colcon_core.package_discovery:discover_packages(colcon_meta) check parameters
[1.142s] Level 1:colcon.colcon_core.package_discovery:discover_packages(recursive) check parameters
[1.142s] Level 1:colcon.colcon_core.package_discovery:discover_packages(ignore) check parameters
[1.142s] Level 1:colcon.colcon_core.package_discovery:discover_packages(path) check parameters
[1.142s] Level 1:colcon.colcon_core.package_discovery:discover_packages(colcon_meta) discover
[1.143s] Level 1:colcon.colcon_core.package_discovery:discover_packages(recursive) discover
[1.143s] INFO:colcon.colcon_core.package_discovery:Crawling recursively for packages in '/home/robot/pic2'
[1.143s] Level 1:colcon.colcon_core.package_identification:_identify(.) by extensions ['ignore', 'ignore_ament_install']
[1.144s] Level 1:colcon.colcon_core.package_identification:_identify(.) by extension 'ignore'
[1.144s] Level 1:colcon.colcon_core.package_identification:_identify(.) by extension 'ignore_ament_install'
[1.144s] Level 1:colcon.colcon_core.package_identification:_identify(.) by extensions ['colcon_pkg']
[1.145s] Level 1:colcon.colcon_core.package_identification:_identify(.) by extension 'colcon_pkg'
[1.145s] Level 1:colcon.colcon_core.package_identification:_identify(.) by extensions ['colcon_meta']
[1.145s] Level 1:colcon.colcon_core.package_identification:_identify(.) by extension 'colcon_meta'
[1.145s] Level 1:colcon.colcon_core.package_identification:_identify(.) by extensions ['ros']
[1.145s] Level 1:colcon.colcon_core.package_identification:_identify(.) by extension 'ros'
[1.312s] Level 1:colcon.colcon_core.package_identification:_identify(.) by extensions ['cmake', 'python']
[1.312s] Level 1:colcon.colcon_core.package_identification:_identify(.) by extension 'cmake'
[1.312s] Level 1:colcon.colcon_core.package_identification:_identify(.) by extension 'python'
[1.312s] Level 1:colcon.colcon_core.package_identification:_identify(.) by extensions ['python_setup_py']
[1.313s] Level 1:colcon.colcon_core.package_identification:_identify(.) by extension 'python_setup_py'
[1.313s] Level 1:colcon.colcon_core.package_identification:_identify(build) by extensions ['ignore', 'ignore_ament_install']
[1.314s] Level 1:colcon.colcon_core.package_identification:_identify(build) by extension 'ignore'
[1.314s] Level 1:colcon.colcon_core.package_identification:_identify(build) ignored
[1.314s] Level 1:colcon.colcon_core.package_identification:_identify(install) by extensions ['ignore', 'ignore_ament_install']
[1.315s] Level 1:colcon.colcon_core.package_identification:_identify(install) by extension 'ignore'
[1.315s] Level 1:colcon.colcon_core.package_identification:_identify(install) ignored
[1.316s] Level 1:colcon.colcon_core.package_identification:_identify(log) by extensions ['ignore', 'ignore_ament_install']
[1.316s] Level 1:colcon.colcon_core.package_identification:_identify(log) by extension 'ignore'
[1.316s] Level 1:colcon.colcon_core.package_identification:_identify(log) ignored
[1.316s] Level 1:colcon.colcon_core.package_identification:_identify(src) by extensions ['ignore', 'ignore_ament_install']
[1.317s] Level 1:colcon.colcon_core.package_identification:_identify(src) by extension 'ignore'
[1.317s] Level 1:colcon.colcon_core.package_identification:_identify(src) by extension 'ignore_ament_install'
[1.317s] Level 1:colcon.colcon_core.package_identification:_identify(src) by extensions ['colcon_pkg']
[1.317s] Level 1:colcon.colcon_core.package_identification:_identify(src) by extension 'colcon_pkg'
[1.317s] Level 1:colcon.colcon_core.package_identification:_identify(src) by extensions ['colcon_meta']
[1.317s] Level 1:colcon.colcon_core.package_identification:_identify(src) by extension 'colcon_meta'
[1.318s] Level 1:colcon.colcon_core.package_identification:_identify(src) by extensions ['ros']
[1.318s] Level 1:colcon.colcon_core.package_identification:_identify(src) by extension 'ros'
[1.318s] Level 1:colcon.colcon_core.package_identification:_identify(src) by extensions ['cmake', 'python']
[1.318s] Level 1:colcon.colcon_core.package_identification:_identify(src) by extension 'cmake'
[1.318s] Level 1:colcon.colcon_core.package_identification:_identify(src) by extension 'python'
[1.319s] Level 1:colcon.colcon_core.package_identification:_identify(src) by extensions ['python_setup_py']
[1.319s] Level 1:colcon.colcon_core.package_identification:_identify(src) by extension 'python_setup_py'
[1.319s] Level 1:colcon.colcon_core.package_identification:_identify(src/Packages) by extensions ['ignore', 'ignore_ament_install']
[1.319s] Level 1:colcon.colcon_core.package_identification:_identify(src/Packages) by extension 'ignore'
[1.320s] Level 1:colcon.colcon_core.package_identification:_identify(src/Packages) by extension 'ignore_ament_install'
[1.320s] Level 1:colcon.colcon_core.package_identification:_identify(src/Packages) by extensions ['colcon_pkg']
[1.320s] Level 1:colcon.colcon_core.package_identification:_identify(src/Packages) by extension 'colcon_pkg'
[1.320s] Level 1:colcon.colcon_core.package_identification:_identify(src/Packages) by extensions ['colcon_meta']
[1.320s] Level 1:colcon.colcon_core.package_identification:_identify(src/Packages) by extension 'colcon_meta'
[1.320s] Level 1:colcon.colcon_core.package_identification:_identify(src/Packages) by extensions ['ros']
[1.320s] Level 1:colcon.colcon_core.package_identification:_identify(src/Packages) by extension 'ros'
[1.321s] Level 1:colcon.colcon_core.package_identification:_identify(src/Packages) by extensions ['cmake', 'python']
[1.321s] Level 1:colcon.colcon_core.package_identification:_identify(src/Packages) by extension 'cmake'
[1.321s] Level 1:colcon.colcon_core.package_identification:_identify(src/Packages) by extension 'python'
[1.321s] Level 1:colcon.colcon_core.package_identification:_identify(src/Packages) by extensions ['python_setup_py']
[1.321s] Level 1:colcon.colcon_core.package_identification:_identify(src/Packages) by extension 'python_setup_py'
[1.325s] Level 1:colcon.colcon_core.package_identification:_identify(src/Packages/converter_pkg) by extensions ['ignore', 'ignore_ament_install']
[1.326s] Level 1:colcon.colcon_core.package_identification:_identify(src/Packages/converter_pkg) by extension 'ignore'
[1.326s] Level 1:colcon.colcon_core.package_identification:_identify(src/Packages/converter_pkg) by extension 'ignore_ament_install'
[1.326s] Level 1:colcon.colcon_core.package_identification:_identify(src/Packages/converter_pkg) by extensions ['colcon_pkg']
[1.326s] Level 1:colcon.colcon_core.package_identification:_identify(src/Packages/converter_pkg) by extension 'colcon_pkg'
[1.327s] Level 1:colcon.colcon_core.package_identification:_identify(src/Packages/converter_pkg) by extensions ['colcon_meta']
[1.327s] Level 1:colcon.colcon_core.package_identification:_identify(src/Packages/converter_pkg) by extension 'colcon_meta'
[1.327s] Level 1:colcon.colcon_core.package_identification:_identify(src/Packages/converter_pkg) by extensions ['ros']
[1.327s] Level 1:colcon.colcon_core.package_identification:_identify(src/Packages/converter_pkg) by extension 'ros'
[1.339s] DEBUG:colcon.colcon_core.package_identification:Package 'src/Packages/converter_pkg' with type 'ros.ament_python' and name 'converter_pkg'
[1.340s] Level 1:colcon.colcon_core.package_identification:_identify(src/Packages/diffdrive_arduino) by extensions ['ignore', 'ignore_ament_install']
[1.340s] Level 1:colcon.colcon_core.package_identification:_identify(src/Packages/diffdrive_arduino) by extension 'ignore'
[1.340s] Level 1:colcon.colcon_core.package_identification:_identify(src/Packages/diffdrive_arduino) by extension 'ignore_ament_install'
[1.341s] Level 1:colcon.colcon_core.package_identification:_identify(src/Packages/diffdrive_arduino) by extensions ['colcon_pkg']
[1.341s] Level 1:colcon.colcon_core.package_identification:_identify(src/Packages/diffdrive_arduino) by extension 'colcon_pkg'
[1.341s] Level 1:colcon.colcon_core.package_identification:_identify(src/Packages/diffdrive_arduino) by extensions ['colcon_meta']
[1.341s] Level 1:colcon.colcon_core.package_identification:_identify(src/Packages/diffdrive_arduino) by extension 'colcon_meta'
[1.341s] Level 1:colcon.colcon_core.package_identification:_identify(src/Packages/diffdrive_arduino) by extensions ['ros']
[1.342s] Level 1:colcon.colcon_core.package_identification:_identify(src/Packages/diffdrive_arduino) by extension 'ros'
[1.345s] DEBUG:colcon.colcon_core.package_identification:Package 'src/Packages/diffdrive_arduino' with type 'ros.ament_cmake' and name 'diffdrive_arduino'
[1.346s] Level 1:colcon.colcon_core.package_identification:_identify(src/Packages/rplidar_ros2) by extensions ['ignore', 'ignore_ament_install']
[1.346s] Level 1:colcon.colcon_core.package_identification:_identify(src/Packages/rplidar_ros2) by extension 'ignore'
[1.347s] Level 1:colcon.colcon_core.package_identification:_identify(src/Packages/rplidar_ros2) by extension 'ignore_ament_install'
[1.347s] Level 1:colcon.colcon_core.package_identification:_identify(src/Packages/rplidar_ros2) by extensions ['colcon_pkg']
[1.347s] Level 1:colcon.colcon_core.package_identification:_identify(src/Packages/rplidar_ros2) by extension 'colcon_pkg'
[1.347s] Level 1:colcon.colcon_core.package_identification:_identify(src/Packages/rplidar_ros2) by extensions ['colcon_meta']
[1.347s] Level 1:colcon.colcon_core.package_identification:_identify(src/Packages/rplidar_ros2) by extension 'colcon_meta'
[1.348s] Level 1:colcon.colcon_core.package_identification:_identify(src/Packages/rplidar_ros2) by extensions ['ros']
[1.348s] Level 1:colcon.colcon_core.package_identification:_identify(src/Packages/rplidar_ros2) by extension 'ros'
[1.353s] DEBUG:colcon.colcon_core.package_identification:Package 'src/Packages/rplidar_ros2' with type 'ros.ament_cmake' and name 'rplidar_ros'
[1.354s] Level 1:colcon.colcon_core.package_discovery:discover_packages(recursive) using defaults
[1.354s] Level 1:colcon.colcon_core.package_discovery:discover_packages(ignore) discover
[1.354s] Level 1:colcon.colcon_core.package_discovery:discover_packages(ignore) using defaults
[1.354s] Level 1:colcon.colcon_core.package_discovery:discover_packages(path) discover
[1.355s] Level 1:colcon.colcon_core.package_discovery:discover_packages(path) using defaults
[1.479s] Level 1:colcon.colcon_core.package_discovery:discover_packages(prefix_path) check parameters
[1.479s] Level 1:colcon.colcon_core.package_discovery:discover_packages(prefix_path) discover
[1.497s] DEBUG:colcon.colcon_installed_package_information.package_discovery:Found 3 installed packages in /home/robot/pic2/install
[1.515s] DEBUG:colcon.colcon_installed_package_information.package_discovery:Found 427 installed packages in /opt/ros/jazzy
[1.524s] Level 1:colcon.colcon_core.package_discovery:discover_packages(prefix_path) using defaults
[1.837s] Level 5:colcon.colcon_core.verb:set package 'converter_pkg' build argument 'cmake_args' from command line to 'None'
[1.838s] Level 5:colcon.colcon_core.verb:set package 'converter_pkg' build argument 'cmake_target' from command line to 'None'
[1.838s] Level 5:colcon.colcon_core.verb:set package 'converter_pkg' build argument 'cmake_target_skip_unavailable' from command line to 'False'
[1.838s] Level 5:colcon.colcon_core.verb:set package 'converter_pkg' build argument 'cmake_clean_cache' from command line to 'False'
[1.838s] Level 5:colcon.colcon_core.verb:set package 'converter_pkg' build argument 'cmake_clean_first' from command line to 'False'
[1.838s] Level 5:colcon.colcon_core.verb:set package 'converter_pkg' build argument 'cmake_force_configure' from command line to 'False'
[1.838s] Level 5:colcon.colcon_core.verb:set package 'converter_pkg' build argument 'ament_cmake_args' from command line to 'None'
[1.838s] Level 5:colcon.colcon_core.verb:set package 'converter_pkg' build argument 'catkin_cmake_args' from command line to 'None'
[1.838s] Level 5:colcon.colcon_core.verb:set package 'converter_pkg' build argument 'catkin_skip_building_tests' from command line to 'False'
[1.839s] DEBUG:colcon.colcon_core.verb:Building package 'converter_pkg' with the following arguments: {'ament_cmake_args': None, 'build_base': '/home/robot/pic2/build/converter_pkg', 'catkin_cmake_args': None, 'catkin_skip_building_tests': False, 'cmake_args': None, 'cmake_clean_cache': False, 'cmake_clean_first': False, 'cmake_force_configure': False, 'cmake_target': None, 'cmake_target_skip_unavailable': False, 'install_base': '/home/robot/pic2/install/converter_pkg', 'merge_install': False, 'path': '/home/robot/pic2/src/Packages/converter_pkg', 'symlink_install': True, 'test_result_base': None}
[1.840s] Level 5:colcon.colcon_core.verb:set package 'diffdrive_arduino' build argument 'cmake_args' from command line to 'None'
[1.840s] Level 5:colcon.colcon_core.verb:set package 'diffdrive_arduino' build argument 'cmake_target' from command line to 'None'
[1.840s] Level 5:colcon.colcon_core.verb:set package 'diffdrive_arduino' build argument 'cmake_target_skip_unavailable' from command line to 'False'
[1.840s] Level 5:colcon.colcon_core.verb:set package 'diffdrive_arduino' build argument 'cmake_clean_cache' from command line to 'False'
[1.840s] Level 5:colcon.colcon_core.verb:set package 'diffdrive_arduino' build argument 'cmake_clean_first' from command line to 'False'
[1.840s] Level 5:colcon.colcon_core.verb:set package 'diffdrive_arduino' build argument 'cmake_force_configure' from command line to 'False'
[1.840s] Level 5:colcon.colcon_core.verb:set package 'diffdrive_arduino' build argument 'ament_cmake_args' from command line to 'None'
[1.841s] Level 5:colcon.colcon_core.verb:set package 'diffdrive_arduino' build argument 'catkin_cmake_args' from command line to 'None'
[1.841s] Level 5:colcon.colcon_core.verb:set package 'diffdrive_arduino' build argument 'catkin_skip_building_tests' from command line to 'False'
[1.841s] DEBUG:colcon.colcon_core.verb:Building package 'diffdrive_arduino' with the following arguments: {'ament_cmake_args': None, 'build_base': '/home/robot/pic2/build/diffdrive_arduino', 'catkin_cmake_args': None, 'catkin_skip_building_tests': False, 'cmake_args': None, 'cmake_clean_cache': False, 'cmake_clean_first': False, 'cmake_force_configure': False, 'cmake_target': None, 'cmake_target_skip_unavailable': False, 'install_base': '/home/robot/pic2/install/diffdrive_arduino', 'merge_install': False, 'path': '/home/robot/pic2/src/Packages/diffdrive_arduino', 'symlink_install': True, 'test_result_base': None}
[1.842s] Level 5:colcon.colcon_core.verb:set package 'rplidar_ros' build argument 'cmake_args' from command line to 'None'
[1.842s] Level 5:colcon.colcon_core.verb:set package 'rplidar_ros' build argument 'cmake_target' from command line to 'None'
[1.842s] Level 5:colcon.colcon_core.verb:set package 'rplidar_ros' build argument 'cmake_target_skip_unavailable' from command line to 'False'
[1.842s] Level 5:colcon.colcon_core.verb:set package 'rplidar_ros' build argument 'cmake_clean_cache' from command line to 'False'
[1.842s] Level 5:colcon.colcon_core.verb:set package 'rplidar_ros' build argument 'cmake_clean_first' from command line to 'False'
[1.842s] Level 5:colcon.colcon_core.verb:set package 'rplidar_ros' build argument 'cmake_force_configure' from command line to 'False'
[1.843s] Level 5:colcon.colcon_core.verb:set package 'rplidar_ros' build argument 'ament_cmake_args' from command line to 'None'
[1.843s] Level 5:colcon.colcon_core.verb:set package 'rplidar_ros' build argument 'catkin_cmake_args' from command line to 'None'
[1.843s] Level 5:colcon.colcon_core.verb:set package 'rplidar_ros' build argument 'catkin_skip_building_tests' from command line to 'False'
[1.843s] DEBUG:colcon.colcon_core.verb:Building package 'rplidar_ros' with the following arguments: {'ament_cmake_args': None, 'build_base': '/home/robot/pic2/build/rplidar_ros', 'catkin_cmake_args': None, 'catkin_skip_building_tests': False, 'cmake_args': None, 'cmake_clean_cache': False, 'cmake_clean_first': False, 'cmake_force_configure': False, 'cmake_target': None, 'cmake_target_skip_unavailable': False, 'install_base': '/home/robot/pic2/install/rplidar_ros', 'merge_install': False, 'path': '/home/robot/pic2/src/Packages/rplidar_ros2', 'symlink_install': True, 'test_result_base': None}
[1.843s] INFO:colcon.colcon_core.executor:Executing jobs using 'parallel' executor
[1.846s] DEBUG:colcon.colcon_parallel_executor.executor.parallel:run_until_complete
[1.847s] INFO:colcon.colcon_ros.task.ament_python.build:Building ROS package in '/home/robot/pic2/src/Packages/converter_pkg' with build type 'ament_python'
[1.848s] Level 1:colcon.colcon_core.shell:create_environment_hook('converter_pkg', 'ament_prefix_path')
[1.874s] INFO:colcon.colcon_core.plugin_system:Skipping extension 'colcon_core.shell.bat': Not used on non-Windows systems
[1.875s] INFO:colcon.colcon_core.shell:Creating environment hook '/home/robot/pic2/install/converter_pkg/share/converter_pkg/hook/ament_prefix_path.ps1'
[1.879s] INFO:colcon.colcon_core.shell:Creating environment descriptor '/home/robot/pic2/install/converter_pkg/share/converter_pkg/hook/ament_prefix_path.dsv'
[1.882s] INFO:colcon.colcon_core.shell:Creating environment hook '/home/robot/pic2/install/converter_pkg/share/converter_pkg/hook/ament_prefix_path.sh'
[1.886s] INFO:colcon.colcon_core.shell:Skip shell extension 'powershell' for command environment: Not usable outside of PowerShell
[1.887s] DEBUG:colcon.colcon_core.shell:Skip shell extension 'dsv' for command environment
[1.917s] INFO:colcon.colcon_ros.task.ament_cmake.build:Building ROS package in '/home/robot/pic2/src/Packages/diffdrive_arduino' with build type 'ament_cmake'
[1.918s] INFO:colcon.colcon_cmake.task.cmake.build:Building CMake package in '/home/robot/pic2/src/Packages/diffdrive_arduino'
[1.919s] INFO:colcon.colcon_core.shell:Skip shell extension 'powershell' for command environment: Not usable outside of PowerShell
[1.919s] DEBUG:colcon.colcon_core.shell:Skip shell extension 'dsv' for command environment
[1.948s] INFO:colcon.colcon_ros.task.ament_cmake.build:Building ROS package in '/home/robot/pic2/src/Packages/rplidar_ros2' with build type 'ament_cmake'
[1.949s] INFO:colcon.colcon_cmake.task.cmake.build:Building CMake package in '/home/robot/pic2/src/Packages/rplidar_ros2'
[1.950s] INFO:colcon.colcon_core.shell:Skip shell extension 'powershell' for command environment: Not usable outside of PowerShell
[1.950s] DEBUG:colcon.colcon_core.shell:Skip shell extension 'dsv' for command environment
[3.006s] INFO:colcon.colcon_core.task.python.build:Building Python package in '/home/robot/pic2/src/Packages/converter_pkg'
[3.007s] INFO:colcon.colcon_core.shell:Skip shell extension 'powershell' for command environment: Not usable outside of PowerShell
[3.007s] DEBUG:colcon.colcon_core.shell:Skip shell extension 'dsv' for command environment
[3.054s] DEBUG:colcon.colcon_core.event_handler.log_command:Invoking command in '/home/robot/pic2/build/diffdrive_arduino': CMAKE_PREFIX_PATH=${CMAKE_PREFIX_PATH}:/home/robot/pic2/install/converter_pkg:/opt/ros/jazzy /usr/bin/cmake --build /home/robot/pic2/build/diffdrive_arduino -- -j4 -l4
[3.086s] DEBUG:colcon.colcon_core.event_handler.log_command:Invoking command in '/home/robot/pic2/build/rplidar_ros': CMAKE_PREFIX_PATH=${CMAKE_PREFIX_PATH}:/home/robot/pic2/install/converter_pkg:/opt/ros/jazzy /usr/bin/cmake --build /home/robot/pic2/build/rplidar_ros -- -j4 -l4
[4.061s] DEBUG:colcon.colcon_core.event_handler.log_command:Invoked command in '/home/robot/pic2/build/rplidar_ros' returned '0': CMAKE_PREFIX_PATH=${CMAKE_PREFIX_PATH}:/home/robot/pic2/install/converter_pkg:/opt/ros/jazzy /usr/bin/cmake --build /home/robot/pic2/build/rplidar_ros -- -j4 -l4
[4.149s] DEBUG:colcon.colcon_core.event_handler.log_command:Invoking command in '/home/robot/pic2/build/rplidar_ros': CMAKE_PREFIX_PATH=${CMAKE_PREFIX_PATH}:/home/robot/pic2/install/converter_pkg:/opt/ros/jazzy /usr/bin/cmake --install /home/robot/pic2/build/rplidar_ros
[4.427s] Level 1:colcon.colcon_core.environment:create_environment_scripts_only(rplidar_ros)
[4.429s] DEBUG:colcon.colcon_core.event_handler.log_command:Invoked command in '/home/robot/pic2/build/rplidar_ros' returned '0': CMAKE_PREFIX_PATH=${CMAKE_PREFIX_PATH}:/home/robot/pic2/install/converter_pkg:/opt/ros/jazzy /usr/bin/cmake --install /home/robot/pic2/build/rplidar_ros
[4.473s] Level 1:colcon.colcon_core.environment:checking '/home/robot/pic2/install/rplidar_ros' for CMake module files
[4.477s] Level 1:colcon.colcon_core.environment:checking '/home/robot/pic2/install/rplidar_ros' for CMake config files
[4.484s] Level 1:colcon.colcon_core.shell:create_environment_hook('rplidar_ros', 'cmake_prefix_path')
[4.484s] INFO:colcon.colcon_core.shell:Creating environment hook '/home/robot/pic2/install/rplidar_ros/share/rplidar_ros/hook/cmake_prefix_path.ps1'
[4.487s] INFO:colcon.colcon_core.shell:Creating environment descriptor '/home/robot/pic2/install/rplidar_ros/share/rplidar_ros/hook/cmake_prefix_path.dsv'
[4.489s] INFO:colcon.colcon_core.shell:Creating environment hook '/home/robot/pic2/install/rplidar_ros/share/rplidar_ros/hook/cmake_prefix_path.sh'
[4.492s] Level 1:colcon.colcon_core.environment:checking '/home/robot/pic2/install/rplidar_ros/lib'
[4.493s] Level 1:colcon.colcon_core.shell:create_environment_hook('rplidar_ros', 'ld_library_path_lib')
[4.494s] INFO:colcon.colcon_core.shell:Creating environment hook '/home/robot/pic2/install/rplidar_ros/share/rplidar_ros/hook/ld_library_path_lib.ps1'
[4.496s] INFO:colcon.colcon_core.shell:Creating environment descriptor '/home/robot/pic2/install/rplidar_ros/share/rplidar_ros/hook/ld_library_path_lib.dsv'
[4.499s] INFO:colcon.colcon_core.shell:Creating environment hook '/home/robot/pic2/install/rplidar_ros/share/rplidar_ros/hook/ld_library_path_lib.sh'
[4.501s] Level 1:colcon.colcon_core.environment:checking '/home/robot/pic2/install/rplidar_ros/bin'
[4.502s] Level 1:colcon.colcon_core.environment:checking '/home/robot/pic2/install/rplidar_ros/lib/pkgconfig/rplidar_ros.pc'
[4.503s] Level 1:colcon.colcon_core.environment:checking '/home/robot/pic2/install/rplidar_ros/lib/python3.12/site-packages'
[4.504s] Level 1:colcon.colcon_core.environment:checking '/home/robot/pic2/install/rplidar_ros/bin'
[4.506s] INFO:colcon.colcon_core.shell:Creating package script '/home/robot/pic2/install/rplidar_ros/share/rplidar_ros/package.ps1'
[4.512s] INFO:colcon.colcon_core.shell:Creating package descriptor '/home/robot/pic2/install/rplidar_ros/share/rplidar_ros/package.dsv'
[4.516s] INFO:colcon.colcon_core.shell:Creating package script '/home/robot/pic2/install/rplidar_ros/share/rplidar_ros/package.sh'
[4.520s] INFO:colcon.colcon_core.shell:Creating package script '/home/robot/pic2/install/rplidar_ros/share/rplidar_ros/package.bash'
[4.525s] INFO:colcon.colcon_core.shell:Creating package script '/home/robot/pic2/install/rplidar_ros/share/rplidar_ros/package.zsh'
[4.530s] Level 1:colcon.colcon_core.environment:create_file_with_runtime_dependencies(/home/robot/pic2/install/rplidar_ros/share/colcon-core/packages/rplidar_ros)
[4.533s] Level 1:colcon.colcon_core.environment:create_environment_scripts_only(rplidar_ros)
[4.534s] Level 1:colcon.colcon_core.environment:checking '/home/robot/pic2/install/rplidar_ros' for CMake module files
[4.538s] Level 1:colcon.colcon_core.environment:checking '/home/robot/pic2/install/rplidar_ros' for CMake config files
[4.542s] Level 1:colcon.colcon_core.shell:create_environment_hook('rplidar_ros', 'cmake_prefix_path')
[4.543s] INFO:colcon.colcon_core.shell:Creating environment hook '/home/robot/pic2/install/rplidar_ros/share/rplidar_ros/hook/cmake_prefix_path.ps1'
[4.545s] INFO:colcon.colcon_core.shell:Creating environment descriptor '/home/robot/pic2/install/rplidar_ros/share/rplidar_ros/hook/cmake_prefix_path.dsv'
[4.547s] INFO:colcon.colcon_core.shell:Creating environment hook '/home/robot/pic2/install/rplidar_ros/share/rplidar_ros/hook/cmake_prefix_path.sh'
[4.552s] Level 1:colcon.colcon_core.environment:checking '/home/robot/pic2/install/rplidar_ros/lib'
[4.553s] Level 1:colcon.colcon_core.shell:create_environment_hook('rplidar_ros', 'ld_library_path_lib')
[4.553s] INFO:colcon.colcon_core.shell:Creating environment hook '/home/robot/pic2/install/rplidar_ros/share/rplidar_ros/hook/ld_library_path_lib.ps1'
[4.555s] INFO:colcon.colcon_core.shell:Creating environment descriptor '/home/robot/pic2/install/rplidar_ros/share/rplidar_ros/hook/ld_library_path_lib.dsv'
[4.557s] INFO:colcon.colcon_core.shell:Creating environment hook '/home/robot/pic2/install/rplidar_ros/share/rplidar_ros/hook/ld_library_path_lib.sh'
[4.560s] Level 1:colcon.colcon_core.environment:checking '/home/robot/pic2/install/rplidar_ros/bin'
[4.560s] Level 1:colcon.colcon_core.environment:checking '/home/robot/pic2/install/rplidar_ros/lib/pkgconfig/rplidar_ros.pc'
[4.561s] Level 1:colcon.colcon_core.environment:checking '/home/robot/pic2/install/rplidar_ros/lib/python3.12/site-packages'
[4.563s] Level 1:colcon.colcon_core.environment:checking '/home/robot/pic2/install/rplidar_ros/bin'
[4.564s] INFO:colcon.colcon_core.shell:Creating package script '/home/robot/pic2/install/rplidar_ros/share/rplidar_ros/package.ps1'
[4.568s] INFO:colcon.colcon_core.shell:Creating package descriptor '/home/robot/pic2/install/rplidar_ros/share/rplidar_ros/package.dsv'
[4.571s] INFO:colcon.colcon_core.shell:Creating package script '/home/robot/pic2/install/rplidar_ros/share/rplidar_ros/package.sh'
[4.573s] INFO:colcon.colcon_core.shell:Creating package script '/home/robot/pic2/install/rplidar_ros/share/rplidar_ros/package.bash'
[4.575s] INFO:colcon.colcon_core.shell:Creating package script '/home/robot/pic2/install/rplidar_ros/share/rplidar_ros/package.zsh'
[4.577s] Level 1:colcon.colcon_core.environment:create_file_with_runtime_dependencies(/home/robot/pic2/install/rplidar_ros/share/colcon-core/packages/rplidar_ros)
[7.230s] DEBUG:colcon.colcon_core.task.python.build:Available setuptools commands: install_scripts, install_lib, update_catalog, check, egg_info, init_catalog, clean, develop, install, install_data, rotate, build, install_headers, bdist_dumb, test, bdist, build_py, symlink_data, alias, build_ext, upload, dist_info, compile_catalog, register, saveopts, bdist_egg, build_clib, sdist, editable_wheel, install_egg_info, extract_messages, bdist_rpm, setopt, easy_install, upload_docs, build_scripts
[9.204s] DEBUG:colcon.colcon_core.task.python.build:Available setuptools 'develop' options: --always-unzip, --user, --force-installation-into-system-dir, --script-dir, --exclude-scripts, --editable, --local-snapshots-ok, --record, --no-find-links, --egg-path, --index-url, --help, --site-dirs, --build-directory, --install-dir, --no-user-cfg, --optimize, --always-copy, --verbose, --install-layout, --version, --uninstall, --prefix, --upgrade, --find-links, --dry-run, --zip-ok, --no-deps, --quiet, --multi-version, --allow-hosts
[9.216s] DEBUG:colcon.colcon_core.event_handler.log_command:Invoking command in '/home/robot/pic2/build/converter_pkg': PYTHONPATH=/home/robot/pic2/build/converter_pkg/prefix_override:/usr/lib/python3/dist-packages/colcon_core/task/python/colcon_distutils_commands:/home/robot/pic2/install/converter_pkg/lib/python3.12/site-packages:${PYTHONPATH} /usr/bin/python3 -W ignore:setup.py install is deprecated -W ignore:easy_install command is deprecated setup.py develop --editable --build-directory /home/robot/pic2/build/converter_pkg/build --no-deps symlink_data
[14.078s] Level 1:colcon.colcon_core.shell:create_environment_hook('converter_pkg', 'pythonpath_develop')
[14.080s] INFO:colcon.colcon_core.shell:Creating environment hook '/home/robot/pic2/build/converter_pkg/share/converter_pkg/hook/pythonpath_develop.ps1'
[14.080s] DEBUG:colcon.colcon_core.event_handler.log_command:Invoked command in '/home/robot/pic2/build/converter_pkg' returned '0': PYTHONPATH=/home/robot/pic2/build/converter_pkg/prefix_override:/usr/lib/python3/dist-packages/colcon_core/task/python/colcon_distutils_commands:/home/robot/pic2/install/converter_pkg/lib/python3.12/site-packages:${PYTHONPATH} /usr/bin/python3 -W ignore:setup.py install is deprecated -W ignore:easy_install command is deprecated setup.py develop --editable --build-directory /home/robot/pic2/build/converter_pkg/build --no-deps symlink_data
[14.083s] INFO:colcon.colcon_core.shell:Creating environment descriptor '/home/robot/pic2/build/converter_pkg/share/converter_pkg/hook/pythonpath_develop.dsv'
[14.087s] INFO:colcon.colcon_core.shell:Creating environment hook '/home/robot/pic2/build/converter_pkg/share/converter_pkg/hook/pythonpath_develop.sh'
[14.090s] Level 1:colcon.colcon_core.environment:checking '/home/robot/pic2/install/converter_pkg' for CMake module files
[14.093s] Level 1:colcon.colcon_core.environment:checking '/home/robot/pic2/install/converter_pkg' for CMake config files
[14.096s] Level 1:colcon.colcon_core.environment:checking '/home/robot/pic2/install/converter_pkg/lib'
[14.096s] Level 1:colcon.colcon_core.environment:checking '/home/robot/pic2/install/converter_pkg/bin'
[14.097s] Level 1:colcon.colcon_core.environment:checking '/home/robot/pic2/install/converter_pkg/lib/pkgconfig/converter_pkg.pc'
[14.098s] Level 1:colcon.colcon_core.environment:checking '/home/robot/pic2/install/converter_pkg/lib/python3.12/site-packages'
[14.098s] Level 1:colcon.colcon_core.shell:create_environment_hook('converter_pkg', 'pythonpath')
[14.099s] INFO:colcon.colcon_core.shell:Creating environment hook '/home/robot/pic2/install/converter_pkg/share/converter_pkg/hook/pythonpath.ps1'
[14.102s] INFO:colcon.colcon_core.shell:Creating environment descriptor '/home/robot/pic2/install/converter_pkg/share/converter_pkg/hook/pythonpath.dsv'
[14.105s] INFO:colcon.colcon_core.shell:Creating environment hook '/home/robot/pic2/install/converter_pkg/share/converter_pkg/hook/pythonpath.sh'
[14.109s] Level 1:colcon.colcon_core.environment:checking '/home/robot/pic2/install/converter_pkg/bin'
[14.109s] Level 1:colcon.colcon_core.environment:create_environment_scripts_only(converter_pkg)
[14.111s] INFO:colcon.colcon_core.shell:Creating package script '/home/robot/pic2/install/converter_pkg/share/converter_pkg/package.ps1'
[14.114s] INFO:colcon.colcon_core.shell:Creating package descriptor '/home/robot/pic2/install/converter_pkg/share/converter_pkg/package.dsv'
[14.117s] INFO:colcon.colcon_core.shell:Creating package script '/home/robot/pic2/install/converter_pkg/share/converter_pkg/package.sh'
[14.122s] INFO:colcon.colcon_core.shell:Creating package script '/home/robot/pic2/install/converter_pkg/share/converter_pkg/package.bash'
[14.124s] INFO:colcon.colcon_core.shell:Creating package script '/home/robot/pic2/install/converter_pkg/share/converter_pkg/package.zsh'
[14.127s] Level 1:colcon.colcon_core.environment:create_file_with_runtime_dependencies(/home/robot/pic2/install/converter_pkg/share/colcon-core/packages/converter_pkg)
[28.536s] DEBUG:colcon.colcon_core.event_handler.log_command:Invoked command in '/home/robot/pic2/build/diffdrive_arduino' returned '0': CMAKE_PREFIX_PATH=${CMAKE_PREFIX_PATH}:/home/robot/pic2/install/converter_pkg:/opt/ros/jazzy /usr/bin/cmake --build /home/robot/pic2/build/diffdrive_arduino -- -j4 -l4
[28.549s] DEBUG:colcon.colcon_core.event_handler.log_command:Invoking command in '/home/robot/pic2/build/diffdrive_arduino': CMAKE_PREFIX_PATH=${CMAKE_PREFIX_PATH}:/home/robot/pic2/install/converter_pkg:/opt/ros/jazzy /usr/bin/cmake --install /home/robot/pic2/build/diffdrive_arduino
[28.769s] Level 1:colcon.colcon_core.environment:create_environment_scripts_only(diffdrive_arduino)
[28.770s] Level 1:colcon.colcon_core.environment:checking '/home/robot/pic2/install/diffdrive_arduino' for CMake module files
[28.771s] DEBUG:colcon.colcon_core.event_handler.log_command:Invoked command in '/home/robot/pic2/build/diffdrive_arduino' returned '0': CMAKE_PREFIX_PATH=${CMAKE_PREFIX_PATH}:/home/robot/pic2/install/converter_pkg:/opt/ros/jazzy /usr/bin/cmake --install /home/robot/pic2/build/diffdrive_arduino
[28.775s] Level 1:colcon.colcon_core.environment:checking '/home/robot/pic2/install/diffdrive_arduino' for CMake config files
[28.779s] Level 1:colcon.colcon_core.shell:create_environment_hook('diffdrive_arduino', 'cmake_prefix_path')
[28.780s] INFO:colcon.colcon_core.shell:Creating environment hook '/home/robot/pic2/install/diffdrive_arduino/share/diffdrive_arduino/hook/cmake_prefix_path.ps1'
[28.782s] INFO:colcon.colcon_core.shell:Creating environment descriptor '/home/robot/pic2/install/diffdrive_arduino/share/diffdrive_arduino/hook/cmake_prefix_path.dsv'
[28.786s] INFO:colcon.colcon_core.shell:Creating environment hook '/home/robot/pic2/install/diffdrive_arduino/share/diffdrive_arduino/hook/cmake_prefix_path.sh'
[28.788s] Level 1:colcon.colcon_core.environment:checking '/home/robot/pic2/install/diffdrive_arduino/lib'
[28.789s] Level 1:colcon.colcon_core.shell:create_environment_hook('diffdrive_arduino', 'ld_library_path_lib')
[28.789s] INFO:colcon.colcon_core.shell:Creating environment hook '/home/robot/pic2/install/diffdrive_arduino/share/diffdrive_arduino/hook/ld_library_path_lib.ps1'
[28.791s] INFO:colcon.colcon_core.shell:Creating environment descriptor '/home/robot/pic2/install/diffdrive_arduino/share/diffdrive_arduino/hook/ld_library_path_lib.dsv'
[28.793s] INFO:colcon.colcon_core.shell:Creating environment hook '/home/robot/pic2/install/diffdrive_arduino/share/diffdrive_arduino/hook/ld_library_path_lib.sh'
[28.795s] Level 1:colcon.colcon_core.environment:checking '/home/robot/pic2/install/diffdrive_arduino/bin'
[28.796s] Level 1:colcon.colcon_core.environment:checking '/home/robot/pic2/install/diffdrive_arduino/lib/pkgconfig/diffdrive_arduino.pc'
[28.797s] Level 1:colcon.colcon_core.environment:checking '/home/robot/pic2/install/diffdrive_arduino/lib/python3.12/site-packages'
[28.798s] Level 1:colcon.colcon_core.environment:checking '/home/robot/pic2/install/diffdrive_arduino/bin'
[28.799s] INFO:colcon.colcon_core.shell:Creating package script '/home/robot/pic2/install/diffdrive_arduino/share/diffdrive_arduino/package.ps1'
[28.802s] INFO:colcon.colcon_core.shell:Creating package descriptor '/home/robot/pic2/install/diffdrive_arduino/share/diffdrive_arduino/package.dsv'
[28.804s] INFO:colcon.colcon_core.shell:Creating package script '/home/robot/pic2/install/diffdrive_arduino/share/diffdrive_arduino/package.sh'
[28.806s] INFO:colcon.colcon_core.shell:Creating package script '/home/robot/pic2/install/diffdrive_arduino/share/diffdrive_arduino/package.bash'
[28.808s] INFO:colcon.colcon_core.shell:Creating package script '/home/robot/pic2/install/diffdrive_arduino/share/diffdrive_arduino/package.zsh'
[28.809s] Level 1:colcon.colcon_core.environment:create_file_with_runtime_dependencies(/home/robot/pic2/install/diffdrive_arduino/share/colcon-core/packages/diffdrive_arduino)
[28.812s] Level 1:colcon.colcon_core.environment:create_environment_scripts_only(diffdrive_arduino)
[28.812s] Level 1:colcon.colcon_core.environment:checking '/home/robot/pic2/install/diffdrive_arduino' for CMake module files
[28.816s] Level 1:colcon.colcon_core.environment:checking '/home/robot/pic2/install/diffdrive_arduino' for CMake config files
[28.820s] Level 1:colcon.colcon_core.shell:create_environment_hook('diffdrive_arduino', 'cmake_prefix_path')
[28.821s] INFO:colcon.colcon_core.shell:Creating environment hook '/home/robot/pic2/install/diffdrive_arduino/share/diffdrive_arduino/hook/cmake_prefix_path.ps1'
[28.823s] INFO:colcon.colcon_core.shell:Creating environment descriptor '/home/robot/pic2/install/diffdrive_arduino/share/diffdrive_arduino/hook/cmake_prefix_path.dsv'
[28.826s] INFO:colcon.colcon_core.shell:Creating environment hook '/home/robot/pic2/install/diffdrive_arduino/share/diffdrive_arduino/hook/cmake_prefix_path.sh'
[28.829s] Level 1:colcon.colcon_core.environment:checking '/home/robot/pic2/install/diffdrive_arduino/lib'
[28.830s] Level 1:colcon.colcon_core.shell:create_environment_hook('diffdrive_arduino', 'ld_library_path_lib')
[28.830s] INFO:colcon.colcon_core.shell:Creating environment hook '/home/robot/pic2/install/diffdrive_arduino/share/diffdrive_arduino/hook/ld_library_path_lib.ps1'
[28.832s] INFO:colcon.colcon_core.shell:Creating environment descriptor '/home/robot/pic2/install/diffdrive_arduino/share/diffdrive_arduino/hook/ld_library_path_lib.dsv'
[28.834s] INFO:colcon.colcon_core.shell:Creating environment hook '/home/robot/pic2/install/diffdrive_arduino/share/diffdrive_arduino/hook/ld_library_path_lib.sh'
[28.836s] Level 1:colcon.colcon_core.environment:checking '/home/robot/pic2/install/diffdrive_arduino/bin'
[28.836s] Level 1:colcon.colcon_core.environment:checking '/home/robot/pic2/install/diffdrive_arduino/lib/pkgconfig/diffdrive_arduino.pc'
[28.837s] Level 1:colcon.colcon_core.environment:checking '/home/robot/pic2/install/diffdrive_arduino/lib/python3.12/site-packages'
[28.839s] Level 1:colcon.colcon_core.environment:checking '/home/robot/pic2/install/diffdrive_arduino/bin'
[28.840s] INFO:colcon.colcon_core.shell:Creating package script '/home/robot/pic2/install/diffdrive_arduino/share/diffdrive_arduino/package.ps1'
[28.843s] INFO:colcon.colcon_core.shell:Creating package descriptor '/home/robot/pic2/install/diffdrive_arduino/share/diffdrive_arduino/package.dsv'
[28.847s] INFO:colcon.colcon_core.shell:Creating package script '/home/robot/pic2/install/diffdrive_arduino/share/diffdrive_arduino/package.sh'
[28.849s] INFO:colcon.colcon_core.shell:Creating package script '/home/robot/pic2/install/diffdrive_arduino/share/diffdrive_arduino/package.bash'
[28.850s] INFO:colcon.colcon_core.shell:Creating package script '/home/robot/pic2/install/diffdrive_arduino/share/diffdrive_arduino/package.zsh'
[28.852s] Level 1:colcon.colcon_core.environment:create_file_with_runtime_dependencies(/home/robot/pic2/install/diffdrive_arduino/share/colcon-core/packages/diffdrive_arduino)
[28.853s] DEBUG:colcon.colcon_parallel_executor.executor.parallel:closing loop
[28.854s] DEBUG:colcon.colcon_parallel_executor.executor.parallel:loop closed
[28.855s] DEBUG:colcon.colcon_parallel_executor.executor.parallel:run_until_complete finished with '0'
[28.855s] DEBUG:colcon.colcon_core.event_reactor:joining thread
[28.858s] DEBUG:colcon.colcon_core.event_reactor:joined thread
[28.859s] INFO:colcon.colcon_core.shell:Creating prefix script '/home/robot/pic2/install/local_setup.ps1'
[28.863s] INFO:colcon.colcon_core.shell:Creating prefix util module '/home/robot/pic2/install/_local_setup_util_ps1.py'
[28.870s] INFO:colcon.colcon_core.shell:Creating prefix chain script '/home/robot/pic2/install/setup.ps1'
[28.877s] INFO:colcon.colcon_core.shell:Creating prefix script '/home/robot/pic2/install/local_setup.sh'
[28.880s] INFO:colcon.colcon_core.shell:Creating prefix util module '/home/robot/pic2/install/_local_setup_util_sh.py'
[28.883s] INFO:colcon.colcon_core.shell:Creating prefix chain script '/home/robot/pic2/install/setup.sh'
[28.889s] INFO:colcon.colcon_core.shell:Creating prefix script '/home/robot/pic2/install/local_setup.bash'
[28.892s] INFO:colcon.colcon_core.shell:Creating prefix chain script '/home/robot/pic2/install/setup.bash'
[28.897s] INFO:colcon.colcon_core.shell:Creating prefix script '/home/robot/pic2/install/local_setup.zsh'
[28.900s] INFO:colcon.colcon_core.shell:Creating prefix chain script '/home/robot/pic2/install/setup.zsh'
