running egg_info
creating ../../../build/converter_pkg/converter_pkg.egg-info
writing ../../../build/converter_pkg/converter_pkg.egg-info/PKG-INFO
writing dependency_links to ../../../build/converter_pkg/converter_pkg.egg-info/dependency_links.txt
writing entry points to ../../../build/converter_pkg/converter_pkg.egg-info/entry_points.txt
writing requirements to ../../../build/converter_pkg/converter_pkg.egg-info/requires.txt
writing top-level names to ../../../build/converter_pkg/converter_pkg.egg-info/top_level.txt
writing manifest file '../../../build/converter_pkg/converter_pkg.egg-info/SOURCES.txt'
reading manifest file '../../../build/converter_pkg/converter_pkg.egg-info/SOURCES.txt'
writing manifest file '../../../build/converter_pkg/converter_pkg.egg-info/SOURCES.txt'
running build
running build_py
creating /home/robot/pic2/build/converter_pkg/build
creating /home/robot/pic2/build/converter_pkg/build/lib
creating /home/robot/pic2/build/converter_pkg/build/lib/converter_pkg
copying converter_pkg/__init__.py -> /home/robot/pic2/build/converter_pkg/build/lib/converter_pkg
copying converter_pkg/nav2_cmd_to_arduino.py -> /home/robot/pic2/build/converter_pkg/build/lib/converter_pkg
running install
running install_lib
creating /home/robot/pic2/install/converter_pkg/lib/python3.12/site-packages/converter_pkg
copying /home/robot/pic2/build/converter_pkg/build/lib/converter_pkg/__init__.py -> /home/robot/pic2/install/converter_pkg/lib/python3.12/site-packages/converter_pkg
copying /home/robot/pic2/build/converter_pkg/build/lib/converter_pkg/nav2_cmd_to_arduino.py -> /home/robot/pic2/install/converter_pkg/lib/python3.12/site-packages/converter_pkg
byte-compiling /home/robot/pic2/install/converter_pkg/lib/python3.12/site-packages/converter_pkg/__init__.py to __init__.cpython-312.pyc
byte-compiling /home/robot/pic2/install/converter_pkg/lib/python3.12/site-packages/converter_pkg/nav2_cmd_to_arduino.py to nav2_cmd_to_arduino.cpython-312.pyc
running install_data
creating /home/robot/pic2/install/converter_pkg/share
creating /home/robot/pic2/install/converter_pkg/share/ament_index
creating /home/robot/pic2/install/converter_pkg/share/ament_index/resource_index
creating /home/robot/pic2/install/converter_pkg/share/ament_index/resource_index/packages
copying resource/converter_pkg -> /home/robot/pic2/install/converter_pkg/share/ament_index/resource_index/packages
creating /home/robot/pic2/install/converter_pkg/share/converter_pkg
copying package.xml -> /home/robot/pic2/install/converter_pkg/share/converter_pkg
running install_egg_info
Copying ../../../build/converter_pkg/converter_pkg.egg-info to /home/robot/pic2/install/converter_pkg/lib/python3.12/site-packages/converter_pkg-0.0.0-py3.12.egg-info
running install_scripts
Installing nav2_cmd_to_arduino script to /home/robot/pic2/install/converter_pkg/lib/converter_pkg
writing list of installed files to '/home/robot/pic2/build/converter_pkg/install.log'
