running egg_info
writing ../../../build/converter_pkg/converter_pkg.egg-info/PKG-INFO
writing dependency_links to ../../../build/converter_pkg/converter_pkg.egg-info/dependency_links.txt
writing entry points to ../../../build/converter_pkg/converter_pkg.egg-info/entry_points.txt
writing requirements to ../../../build/converter_pkg/converter_pkg.egg-info/requires.txt
writing top-level names to ../../../build/converter_pkg/converter_pkg.egg-info/top_level.txt
reading manifest file '../../../build/converter_pkg/converter_pkg.egg-info/SOURCES.txt'
writing manifest file '../../../build/converter_pkg/converter_pkg.egg-info/SOURCES.txt'
running build
running build_py
running install
running install_lib
running install_data
copying package.xml -> /home/robot/pic2/install/converter_pkg/share/converter_pkg
running install_egg_info
removing '/home/robot/pic2/install/converter_pkg/lib/python3.12/site-packages/converter_pkg-0.0.0-py3.12.egg-info' (and everything under it)
Copying ../../../build/converter_pkg/converter_pkg.egg-info to /home/robot/pic2/install/converter_pkg/lib/python3.12/site-packages/converter_pkg-0.0.0-py3.12.egg-info
running install_scripts
Installing nav2_cmd_to_arduino script to /home/robot/pic2/install/converter_pkg/lib/converter_pkg
writing list of installed files to '/home/robot/pic2/build/converter_pkg/install.log'
