[1.067s] Invoking command in '/home/robot/pic2/build/rplidar_ros': CMAKE_PREFIX_PATH=${CMAKE_PREFIX_PATH}:/home/robot/pic2/install/converter_pkg:/opt/ros/jazzy /usr/bin/cmake --build /home/robot/pic2/build/rplidar_ros -- -j4 -l4
[1.496s] [ 77%] Built target rplidar_composition_node
[1.707s] [100%] Built target rplidar_composition
[1.833s] Invoked command in '/home/robot/pic2/build/rplidar_ros' returned '0': CMAKE_PREFIX_PATH=${CMAKE_PREFIX_PATH}:/home/robot/pic2/install/converter_pkg:/opt/ros/jazzy /usr/bin/cmake --build /home/robot/pic2/build/rplidar_ros -- -j4 -l4
[1.838s] Invoking command in '/home/robot/pic2/build/rplidar_ros': CMAKE_PREFIX_PATH=${CMAKE_PREFIX_PATH}:/home/robot/pic2/install/converter_pkg:/opt/ros/jazzy /usr/bin/cmake --install /home/robot/pic2/build/rplidar_ros
[1.893s] -- Install configuration: ""
[1.894s] -- Up-to-date: /home/robot/pic2/install/rplidar_ros/lib/rplidar_ros/rplidar_composition
[1.896s] -- Up-to-date: /home/robot/pic2/install/rplidar_ros/share/rplidar_ros/launch
[1.896s] -- Up-to-date: /home/robot/pic2/install/rplidar_ros/share/rplidar_ros/launch/rplidar.launch.py
[1.897s] -- Up-to-date: /home/robot/pic2/install/rplidar_ros/share/rplidar_ros/launch/rplidar_s1_tcp.launch.py
[1.897s] -- Up-to-date: /home/robot/pic2/install/rplidar_ros/share/rplidar_ros/launch/rplidar_s1.launch.py
[1.899s] -- Up-to-date: /home/robot/pic2/install/rplidar_ros/share/rplidar_ros/launch/view_rplidar_s1_tcp.launch.py
[1.900s] -- Up-to-date: /home/robot/pic2/install/rplidar_ros/share/rplidar_ros/launch/rplidar_a3.launch.py
[1.900s] -- Up-to-date: /home/robot/pic2/install/rplidar_ros/share/rplidar_ros/launch/view_rplidar.launch.py
[1.901s] -- Up-to-date: /home/robot/pic2/install/rplidar_ros/share/rplidar_ros/launch/view_rplidar_a3.launch.py
[1.901s] -- Up-to-date: /home/robot/pic2/install/rplidar_ros/share/rplidar_ros/launch/view_rplidar_s1.launch.py
[1.902s] -- Up-to-date: /home/robot/pic2/install/rplidar_ros/share/rplidar_ros/launch/test_rplidar_a3.launch.py
[1.902s] -- Up-to-date: /home/robot/pic2/install/rplidar_ros/share/rplidar_ros/rviz
[1.902s] -- Up-to-date: /home/robot/pic2/install/rplidar_ros/share/rplidar_ros/rviz/rplidar.rviz
[1.903s] -- Up-to-date: /home/robot/pic2/install/rplidar_ros/lib/librplidar_composition_node.so
[1.903s] -- Up-to-date: /home/robot/pic2/install/rplidar_ros/include
[1.904s] -- Up-to-date: /home/robot/pic2/install/rplidar_ros/include/rplidar_node.hpp
[1.904s] -- Up-to-date: /home/robot/pic2/install/rplidar_ros/include/visibility.h
[1.905s] -- Up-to-date: /home/robot/pic2/install/rplidar_ros/lib/rplidar_ros/rplidar_composition
[1.906s] -- Up-to-date: /home/robot/pic2/install/rplidar_ros/share/ament_index/resource_index/package_run_dependencies/rplidar_ros
[1.906s] -- Up-to-date: /home/robot/pic2/install/rplidar_ros/share/ament_index/resource_index/parent_prefix_path/rplidar_ros
[1.907s] -- Up-to-date: /home/robot/pic2/install/rplidar_ros/share/rplidar_ros/environment/ament_prefix_path.sh
[1.907s] -- Up-to-date: /home/robot/pic2/install/rplidar_ros/share/rplidar_ros/environment/ament_prefix_path.dsv
[1.908s] -- Up-to-date: /home/robot/pic2/install/rplidar_ros/share/rplidar_ros/environment/path.sh
[1.908s] -- Up-to-date: /home/robot/pic2/install/rplidar_ros/share/rplidar_ros/environment/path.dsv
[1.909s] -- Up-to-date: /home/robot/pic2/install/rplidar_ros/share/rplidar_ros/local_setup.bash
[1.909s] -- Up-to-date: /home/robot/pic2/install/rplidar_ros/share/rplidar_ros/local_setup.sh
[1.910s] -- Up-to-date: /home/robot/pic2/install/rplidar_ros/share/rplidar_ros/local_setup.zsh
[1.910s] -- Up-to-date: /home/robot/pic2/install/rplidar_ros/share/rplidar_ros/local_setup.dsv
[1.911s] -- Installing: /home/robot/pic2/install/rplidar_ros/share/rplidar_ros/package.dsv
[1.911s] -- Up-to-date: /home/robot/pic2/install/rplidar_ros/share/ament_index/resource_index/packages/rplidar_ros
[1.912s] -- Up-to-date: /home/robot/pic2/install/rplidar_ros/share/ament_index/resource_index/rclcpp_components/rplidar_ros
[1.914s] -- Up-to-date: /home/robot/pic2/install/rplidar_ros/share/rplidar_ros/cmake/ament_cmake_export_dependencies-extras.cmake
[1.915s] -- Up-to-date: /home/robot/pic2/install/rplidar_ros/share/rplidar_ros/cmake/ament_cmake_export_include_directories-extras.cmake
[1.915s] -- Up-to-date: /home/robot/pic2/install/rplidar_ros/share/rplidar_ros/cmake/rplidar_rosConfig.cmake
[1.916s] -- Up-to-date: /home/robot/pic2/install/rplidar_ros/share/rplidar_ros/cmake/rplidar_rosConfig-version.cmake
[1.917s] -- Up-to-date: /home/robot/pic2/install/rplidar_ros/share/rplidar_ros/package.xml
[1.920s] Invoked command in '/home/robot/pic2/build/rplidar_ros' returned '0': CMAKE_PREFIX_PATH=${CMAKE_PREFIX_PATH}:/home/robot/pic2/install/converter_pkg:/opt/ros/jazzy /usr/bin/cmake --install /home/robot/pic2/build/rplidar_ros
