[1.093s] Invoking command in '/home/robot/pic2/build/diffdrive_arduino': CMAKE_PREFIX_PATH=${CMAKE_PREFIX_PATH}:/home/robot/pic2/install/converter_pkg:/opt/ros/jazzy /usr/bin/cmake --build /home/robot/pic2/build/diffdrive_arduino -- -j4 -l4
[1.605s] [100%] Built target diffdrive_arduino
[1.705s] Invoked command in '/home/robot/pic2/build/diffdrive_arduino' returned '0': CMAKE_PREFIX_PATH=${CMAKE_PREFIX_PATH}:/home/robot/pic2/install/converter_pkg:/opt/ros/jazzy /usr/bin/cmake --build /home/robot/pic2/build/diffdrive_arduino -- -j4 -l4
[1.779s] Invoking command in '/home/robot/pic2/build/diffdrive_arduino': CMAKE_PREFIX_PATH=${CMAKE_PREFIX_PATH}:/home/robot/pic2/install/converter_pkg:/opt/ros/jazzy /usr/bin/cmake --install /home/robot/pic2/build/diffdrive_arduino
[1.840s] -- Install configuration: ""
[1.842s] -- Execute custom install script
[1.844s] -- Up-to-date symlink: /home/robot/pic2/install/diffdrive_arduino/share/diffdrive_arduino//diffdrive_arduino.xml
[1.847s] -- Up-to-date symlink: /home/robot/pic2/install/diffdrive_arduino/include/diffdrive_arduino/diffdrive_arduino/arduino_comms.hpp
[1.848s] -- Up-to-date symlink: /home/robot/pic2/install/diffdrive_arduino/include/diffdrive_arduino/diffdrive_arduino/diffbot_system.hpp
[1.849s] -- Up-to-date symlink: /home/robot/pic2/install/diffdrive_arduino/include/diffdrive_arduino/diffdrive_arduino/visibility_control.h
[1.850s] -- Up-to-date symlink: /home/robot/pic2/install/diffdrive_arduino/include/diffdrive_arduino/diffdrive_arduino/wheel.hpp
[1.852s] -- Up-to-date symlink: /home/robot/pic2/install/diffdrive_arduino/share/diffdrive_arduino/launch/view_robot.launch.py
[1.860s] -- Up-to-date symlink: /home/robot/pic2/install/diffdrive_arduino/share/diffdrive_arduino/ros2_control/diffbot.ros2_control.xacro
[1.860s] -- Up-to-date symlink: /home/robot/pic2/install/diffdrive_arduino/share/diffdrive_arduino/urdf/diffbot.materials.xacro
[1.861s] -- Up-to-date symlink: /home/robot/pic2/install/diffdrive_arduino/share/diffdrive_arduino/urdf/diffbot.urdf.xacro
[1.861s] -- Up-to-date symlink: /home/robot/pic2/install/diffdrive_arduino/share/diffdrive_arduino/urdf/diffbot_description.urdf.xacro
[1.862s] -- Up-to-date symlink: /home/robot/pic2/install/diffdrive_arduino/share/diffdrive_arduino/urdf/lidar.xacro
[1.863s] -- Up-to-date symlink: /home/robot/pic2/install/diffdrive_arduino/share/diffdrive_arduino/rviz/diffbot.rviz
[1.864s] -- Up-to-date symlink: /home/robot/pic2/install/diffdrive_arduino/share/diffdrive_arduino/rviz/diffbot_view.rviz
[1.870s] -- Up-to-date symlink: /home/robot/pic2/install/diffdrive_arduino/share/diffdrive_arduino/launch/bringup_launch.py
[1.872s] -- Up-to-date symlink: /home/robot/pic2/install/diffdrive_arduino/share/diffdrive_arduino/launch/diffbot.launch.py
[1.873s] -- Up-to-date symlink: /home/robot/pic2/install/diffdrive_arduino/share/diffdrive_arduino/launch/load_map_demo.launch.py
[1.874s] -- Up-to-date symlink: /home/robot/pic2/install/diffdrive_arduino/share/diffdrive_arduino/launch/localization_launch.py
[1.877s] -- Up-to-date symlink: /home/robot/pic2/install/diffdrive_arduino/share/diffdrive_arduino/launch/navigation_launch.py
[1.878s] -- Up-to-date symlink: /home/robot/pic2/install/diffdrive_arduino/share/diffdrive_arduino/launch/slam_launch.py
[1.880s] -- Up-to-date symlink: /home/robot/pic2/install/diffdrive_arduino/share/diffdrive_arduino/config/diffbot_controllers.yaml
[1.882s] -- Up-to-date symlink: /home/robot/pic2/install/diffdrive_arduino/share/diffdrive_arduino/config/map_server_params.yaml
[1.883s] -- Up-to-date symlink: /home/robot/pic2/install/diffdrive_arduino/share/diffdrive_arduino/config/nav2_params.yaml
[1.885s] -- Up-to-date symlink: /home/robot/pic2/install/diffdrive_arduino/share/diffdrive_arduino/config/nav2_params1.yaml
[1.886s] -- Up-to-date symlink: /home/robot/pic2/install/diffdrive_arduino/share/diffdrive_arduino/environment/library_path.sh
[1.887s] -- Up-to-date symlink: /home/robot/pic2/install/diffdrive_arduino/share/diffdrive_arduino/environment/library_path.dsv
[1.888s] -- Up-to-date symlink: /home/robot/pic2/install/diffdrive_arduino/share/ament_index/resource_index/package_run_dependencies/diffdrive_arduino
[1.891s] -- Up-to-date symlink: /home/robot/pic2/install/diffdrive_arduino/share/ament_index/resource_index/parent_prefix_path/diffdrive_arduino
[1.892s] -- Up-to-date symlink: /home/robot/pic2/install/diffdrive_arduino/share/diffdrive_arduino/environment/ament_prefix_path.sh
[1.893s] -- Up-to-date symlink: /home/robot/pic2/install/diffdrive_arduino/share/diffdrive_arduino/environment/ament_prefix_path.dsv
[1.897s] -- Up-to-date symlink: /home/robot/pic2/install/diffdrive_arduino/share/diffdrive_arduino/environment/path.sh
[1.900s] -- Up-to-date symlink: /home/robot/pic2/install/diffdrive_arduino/share/diffdrive_arduino/environment/path.dsv
[1.900s] -- Up-to-date symlink: /home/robot/pic2/install/diffdrive_arduino/share/diffdrive_arduino/local_setup.bash
[1.901s] -- Up-to-date symlink: /home/robot/pic2/install/diffdrive_arduino/share/diffdrive_arduino/local_setup.sh
[1.902s] -- Up-to-date symlink: /home/robot/pic2/install/diffdrive_arduino/share/diffdrive_arduino/local_setup.zsh
[1.906s] -- Up-to-date symlink: /home/robot/pic2/install/diffdrive_arduino/share/diffdrive_arduino/local_setup.dsv
[1.907s] -- Symlinking: /home/robot/pic2/install/diffdrive_arduino/share/diffdrive_arduino/package.dsv
[1.972s] -- Up-to-date symlink: /home/robot/pic2/install/diffdrive_arduino/share/ament_index/resource_index/packages/diffdrive_arduino
[1.974s] -- Up-to-date symlink: /home/robot/pic2/install/diffdrive_arduino/share/ament_index/resource_index/hardware_interface__pluginlib__plugin/diffdrive_arduino
[1.975s] -- Up-to-date symlink: /home/robot/pic2/install/diffdrive_arduino/share/diffdrive_arduino/cmake/ament_cmake_export_targets-extras.cmake
[1.977s] -- Up-to-date symlink: /home/robot/pic2/install/diffdrive_arduino/share/diffdrive_arduino/cmake/ament_cmake_export_dependencies-extras.cmake
[1.982s] -- Up-to-date symlink: /home/robot/pic2/install/diffdrive_arduino/share/diffdrive_arduino/cmake/diffdrive_arduinoConfig.cmake
[1.983s] -- Up-to-date symlink: /home/robot/pic2/install/diffdrive_arduino/share/diffdrive_arduino/cmake/diffdrive_arduinoConfig-version.cmake
[1.984s] -- Up-to-date symlink: /home/robot/pic2/install/diffdrive_arduino/share/diffdrive_arduino/package.xml
[1.985s] -- Up-to-date: /home/robot/pic2/install/diffdrive_arduino/lib/libdiffdrive_arduino.so
[1.988s] -- Up-to-date: /home/robot/pic2/install/diffdrive_arduino/share/diffdrive_arduino/cmake/export_diffdrive_arduinoExport.cmake
[1.989s] -- Up-to-date: /home/robot/pic2/install/diffdrive_arduino/share/diffdrive_arduino/cmake/export_diffdrive_arduinoExport-noconfig.cmake
[1.996s] Invoked command in '/home/robot/pic2/build/diffdrive_arduino' returned '0': CMAKE_PREFIX_PATH=${CMAKE_PREFIX_PATH}:/home/robot/pic2/install/converter_pkg:/opt/ros/jazzy /usr/bin/cmake --install /home/robot/pic2/build/diffdrive_arduino
