[4.074s] Invoking command in '/home/robot/pic2/src/Packages/converter_pkg': PYTHONPATH=/home/robot/pic2/build/converter_pkg/prefix_override:/usr/lib/python3/dist-packages/colcon_core/task/python/colcon_distutils_commands:/home/robot/pic2/install/converter_pkg/lib/python3.12/site-packages:${PYTHONPATH} /usr/bin/python3 -W ignore:setup.py install is deprecated -W ignore:easy_install command is deprecated setup.py egg_info --egg-base ../../../build/converter_pkg build --build-base /home/robot/pic2/build/converter_pkg/build install --record /home/robot/pic2/build/converter_pkg/install.log --single-version-externally-managed install_data
[5.303s] running egg_info
[5.398s] writing ../../../build/converter_pkg/converter_pkg.egg-info/PKG-INFO
[5.399s] writing dependency_links to ../../../build/converter_pkg/converter_pkg.egg-info/dependency_links.txt
[5.409s] writing entry points to ../../../build/converter_pkg/converter_pkg.egg-info/entry_points.txt
[5.415s] writing requirements to ../../../build/converter_pkg/converter_pkg.egg-info/requires.txt
[5.421s] writing top-level names to ../../../build/converter_pkg/converter_pkg.egg-info/top_level.txt
[5.622s] reading manifest file '../../../build/converter_pkg/converter_pkg.egg-info/SOURCES.txt'
[5.625s] writing manifest file '../../../build/converter_pkg/converter_pkg.egg-info/SOURCES.txt'
[5.626s] running build
[5.626s] running build_py
[5.627s] running install
[5.652s] running install_lib
[5.748s] running install_data
[5.749s] running install_egg_info
[5.847s] removing '/home/robot/pic2/install/converter_pkg/lib/python3.12/site-packages/converter_pkg-0.0.0-py3.12.egg-info' (and everything under it)
[5.849s] Copying ../../../build/converter_pkg/converter_pkg.egg-info to /home/robot/pic2/install/converter_pkg/lib/python3.12/site-packages/converter_pkg-0.0.0-py3.12.egg-info
[5.854s] running install_scripts
[6.548s] Installing nav2_cmd_to_arduino script to /home/robot/pic2/install/converter_pkg/lib/converter_pkg
[6.549s] writing list of installed files to '/home/robot/pic2/build/converter_pkg/install.log'
[6.701s] Invoked command in '/home/robot/pic2/src/Packages/converter_pkg' returned '0': PYTHONPATH=/home/robot/pic2/build/converter_pkg/prefix_override:/usr/lib/python3/dist-packages/colcon_core/task/python/colcon_distutils_commands:/home/robot/pic2/install/converter_pkg/lib/python3.12/site-packages:${PYTHONPATH} /usr/bin/python3 -W ignore:setup.py install is deprecated -W ignore:easy_install command is deprecated setup.py egg_info --egg-base ../../../build/converter_pkg build --build-base /home/robot/pic2/build/converter_pkg/build install --record /home/robot/pic2/build/converter_pkg/install.log --single-version-externally-managed install_data
