[ 50%] [32mBuilding CXX object CMakeFiles/diffdrive_arduino.dir/hardware/diffbot_system.cpp.o[0m
[01m[K/home/robot/pic2/src/Packages/diffdrive_arduino/hardware/diffbot_system.cpp:[m[K In member function ‘[01m[Kvirtual hardware_interface::CallbackReturn diffdrive_arduino::DiffDriveArduinoHardware::[01;32m[Kon_init[m[K(const hardware_interface::HardwareInfo&)[m[K’:
[01m[K/home/robot/pic2/src/Packages/diffdrive_arduino/hardware/diffbot_system.cpp:33:49:[m[K [01;35m[Kwarning: [m[K‘[01m[Kvirtual rclcpp_lifecycle::node_interfaces::LifecycleNodeInterface::CallbackReturn hardware_interface::HardwareComponentInterface::[01;32m[Kon_init[m[K(const hardware_interface::HardwareInfo&)[m[K’ is deprecated: Use on_init(const HardwareComponentInterfaceParams & params) instead. [[01;35m[K]8;;https://gcc.gnu.org/onlinedocs/gcc/Warning-Options.html#index-Wdeprecated-declarations-Wdeprecated-declarations]8;;[m[K]
   33 |     [01;35m[Khardware_interface::SystemInterface::on_init(info)[m[K !=
      |     [01;35m[K~~~~~~~~~~~~~~~~~~~~~~~~~~~~~~~~~~~~~~~~~~~~^~~~~~[m[K
In file included from [01m[K/opt/ros/jazzy/include/hardware_interface/hardware_interface/system_interface.hpp:18[m[K,
                 from [01m[K/home/robot/pic2/src/Packages/diffdrive_arduino/hardware/include/diffdrive_arduino/diffbot_system.hpp:24[m[K,
                 from [01m[K/home/robot/pic2/src/Packages/diffdrive_arduino/hardware/diffbot_system.cpp:15[m[K:
[01m[K/opt/ros/jazzy/include/hardware_interface/hardware_interface/hardware_component_interface.hpp:140:26:[m[K [01;36m[Knote: [m[Kdeclared here
  140 |   virtual CallbackReturn [01;36m[Kon_init[m[K(const HardwareInfo & hardware_info);
      |                          [01;36m[K^~~~~~~[m[K
[100%] [32m[1mLinking CXX shared library libdiffdrive_arduino.so[0m
[100%] Built target diffdrive_arduino
-- Install configuration: ""
-- Execute custom install script
-- Up-to-date symlink: /home/robot/pic2/install/diffdrive_arduino/share/diffdrive_arduino//diffdrive_arduino.xml
-- Up-to-date symlink: /home/robot/pic2/install/diffdrive_arduino/include/diffdrive_arduino/diffdrive_arduino/arduino_comms.hpp
-- Up-to-date symlink: /home/robot/pic2/install/diffdrive_arduino/include/diffdrive_arduino/diffdrive_arduino/diffbot_system.hpp
-- Up-to-date symlink: /home/robot/pic2/install/diffdrive_arduino/include/diffdrive_arduino/diffdrive_arduino/visibility_control.h
-- Up-to-date symlink: /home/robot/pic2/install/diffdrive_arduino/include/diffdrive_arduino/diffdrive_arduino/wheel.hpp
-- Up-to-date symlink: /home/robot/pic2/install/diffdrive_arduino/share/diffdrive_arduino/launch/view_robot.launch.py
-- Up-to-date symlink: /home/robot/pic2/install/diffdrive_arduino/share/diffdrive_arduino/ros2_control/diffbot.ros2_control.xacro
-- Up-to-date symlink: /home/robot/pic2/install/diffdrive_arduino/share/diffdrive_arduino/urdf/diffbot.materials.xacro
-- Up-to-date symlink: /home/robot/pic2/install/diffdrive_arduino/share/diffdrive_arduino/urdf/diffbot.urdf.xacro
-- Up-to-date symlink: /home/robot/pic2/install/diffdrive_arduino/share/diffdrive_arduino/urdf/diffbot_description.urdf.xacro
-- Up-to-date symlink: /home/robot/pic2/install/diffdrive_arduino/share/diffdrive_arduino/urdf/lidar.xacro
-- Up-to-date symlink: /home/robot/pic2/install/diffdrive_arduino/share/diffdrive_arduino/rviz/diffbot.rviz
-- Up-to-date symlink: /home/robot/pic2/install/diffdrive_arduino/share/diffdrive_arduino/rviz/diffbot_view.rviz
-- Up-to-date symlink: /home/robot/pic2/install/diffdrive_arduino/share/diffdrive_arduino/launch/bringup_launch.py
-- Up-to-date symlink: /home/robot/pic2/install/diffdrive_arduino/share/diffdrive_arduino/launch/diffbot.launch.py
-- Up-to-date symlink: /home/robot/pic2/install/diffdrive_arduino/share/diffdrive_arduino/launch/load_map_demo.launch.py
-- Up-to-date symlink: /home/robot/pic2/install/diffdrive_arduino/share/diffdrive_arduino/launch/localization_launch.py
-- Up-to-date symlink: /home/robot/pic2/install/diffdrive_arduino/share/diffdrive_arduino/launch/navigation_launch.py
-- Up-to-date symlink: /home/robot/pic2/install/diffdrive_arduino/share/diffdrive_arduino/launch/slam_launch.py
-- Up-to-date symlink: /home/robot/pic2/install/diffdrive_arduino/share/diffdrive_arduino/config/diffbot_controllers.yaml
-- Up-to-date symlink: /home/robot/pic2/install/diffdrive_arduino/share/diffdrive_arduino/config/map_server_params.yaml
-- Up-to-date symlink: /home/robot/pic2/install/diffdrive_arduino/share/diffdrive_arduino/config/nav2_params.yaml
-- Up-to-date symlink: /home/robot/pic2/install/diffdrive_arduino/share/diffdrive_arduino/config/nav2_params1.yaml
-- Up-to-date symlink: /home/robot/pic2/install/diffdrive_arduino/share/diffdrive_arduino/environment/library_path.sh
-- Up-to-date symlink: /home/robot/pic2/install/diffdrive_arduino/share/diffdrive_arduino/environment/library_path.dsv
-- Up-to-date symlink: /home/robot/pic2/install/diffdrive_arduino/share/ament_index/resource_index/package_run_dependencies/diffdrive_arduino
-- Up-to-date symlink: /home/robot/pic2/install/diffdrive_arduino/share/ament_index/resource_index/parent_prefix_path/diffdrive_arduino
-- Up-to-date symlink: /home/robot/pic2/install/diffdrive_arduino/share/diffdrive_arduino/environment/ament_prefix_path.sh
-- Up-to-date symlink: /home/robot/pic2/install/diffdrive_arduino/share/diffdrive_arduino/environment/ament_prefix_path.dsv
-- Up-to-date symlink: /home/robot/pic2/install/diffdrive_arduino/share/diffdrive_arduino/environment/path.sh
-- Up-to-date symlink: /home/robot/pic2/install/diffdrive_arduino/share/diffdrive_arduino/environment/path.dsv
-- Up-to-date symlink: /home/robot/pic2/install/diffdrive_arduino/share/diffdrive_arduino/local_setup.bash
-- Up-to-date symlink: /home/robot/pic2/install/diffdrive_arduino/share/diffdrive_arduino/local_setup.sh
-- Up-to-date symlink: /home/robot/pic2/install/diffdrive_arduino/share/diffdrive_arduino/local_setup.zsh
-- Up-to-date symlink: /home/robot/pic2/install/diffdrive_arduino/share/diffdrive_arduino/local_setup.dsv
-- Symlinking: /home/robot/pic2/install/diffdrive_arduino/share/diffdrive_arduino/package.dsv
-- Up-to-date symlink: /home/robot/pic2/install/diffdrive_arduino/share/ament_index/resource_index/packages/diffdrive_arduino
-- Up-to-date symlink: /home/robot/pic2/install/diffdrive_arduino/share/ament_index/resource_index/hardware_interface__pluginlib__plugin/diffdrive_arduino
-- Up-to-date symlink: /home/robot/pic2/install/diffdrive_arduino/share/diffdrive_arduino/cmake/ament_cmake_export_targets-extras.cmake
-- Up-to-date symlink: /home/robot/pic2/install/diffdrive_arduino/share/diffdrive_arduino/cmake/ament_cmake_export_dependencies-extras.cmake
-- Up-to-date symlink: /home/robot/pic2/install/diffdrive_arduino/share/diffdrive_arduino/cmake/diffdrive_arduinoConfig.cmake
-- Up-to-date symlink: /home/robot/pic2/install/diffdrive_arduino/share/diffdrive_arduino/cmake/diffdrive_arduinoConfig-version.cmake
-- Up-to-date symlink: /home/robot/pic2/install/diffdrive_arduino/share/diffdrive_arduino/package.xml
-- Installing: /home/robot/pic2/install/diffdrive_arduino/lib/libdiffdrive_arduino.so
-- Set non-toolchain portion of runtime path of "/home/robot/pic2/install/diffdrive_arduino/lib/libdiffdrive_arduino.so" to ""
-- Up-to-date: /home/robot/pic2/install/diffdrive_arduino/share/diffdrive_arduino/cmake/export_diffdrive_arduinoExport.cmake
-- Up-to-date: /home/robot/pic2/install/diffdrive_arduino/share/diffdrive_arduino/cmake/export_diffdrive_arduinoExport-noconfig.cmake
