[0.477s] DEBUG:colcon:Command line arguments: ['/usr/bin/colcon', 'build']
[0.477s] DEBUG:colcon:Parsed command line arguments: Namespace(log_base=None, log_level=None, verb_name='build', build_base='build', install_base='install', merge_install=False, symlink_install=False, test_result_base=None, continue_on_error=False, executor='parallel', parallel_workers=4, event_handlers=None, ignore_user_meta=False, metas=['./colcon.meta'], base_paths=['.'], packages_ignore=None, packages_ignore_regex=None, paths=None, packages_up_to=None, packages_up_to_regex=None, packages_above=None, packages_above_and_dependencies=None, packages_above_depth=None, packages_select_by_dep=None, packages_skip_by_dep=None, packages_skip_up_to=None, packages_select_build_failed=False, packages_skip_build_finished=False, packages_select_test_failures=False, packages_skip_test_passed=False, packages_select=None, packages_skip=None, packages_select_regex=None, packages_skip_regex=None, packages_start=None, packages_end=None, allow_overriding=[], cmake_args=None, cmake_target=None, cmake_target_skip_unavailable=False, cmake_clean_cache=False, cmake_clean_first=False, cmake_force_configure=False, ament_cmake_args=None, catkin_cmake_args=None, catkin_skip_building_tests=False, mixin_files=None, mixin=None, verb_parser=<colcon_mixin.mixin.mixin_argument.MixinArgumentDecorator object at 0xffff89dc37a0>, verb_extension=<colcon_core.verb.build.BuildVerb object at 0xffff89fa0830>, main=<bound method BuildVerb.main of <colcon_core.verb.build.BuildVerb object at 0xffff89fa0830>>, mixin_verb=('build',))
[0.646s] Level 1:colcon.colcon_core.package_discovery:discover_packages(colcon_meta) check parameters
[0.647s] Level 1:colcon.colcon_core.package_discovery:discover_packages(recursive) check parameters
[0.647s] Level 1:colcon.colcon_core.package_discovery:discover_packages(ignore) check parameters
[0.647s] Level 1:colcon.colcon_core.package_discovery:discover_packages(path) check parameters
[0.647s] Level 1:colcon.colcon_core.package_discovery:discover_packages(colcon_meta) discover
[0.647s] Level 1:colcon.colcon_core.package_discovery:discover_packages(recursive) discover
[0.648s] INFO:colcon.colcon_core.package_discovery:Crawling recursively for packages in '/home/robot/pic2'
[0.648s] Level 1:colcon.colcon_core.package_identification:_identify(.) by extensions ['ignore', 'ignore_ament_install']
[0.648s] Level 1:colcon.colcon_core.package_identification:_identify(.) by extension 'ignore'
[0.649s] Level 1:colcon.colcon_core.package_identification:_identify(.) by extension 'ignore_ament_install'
[0.649s] Level 1:colcon.colcon_core.package_identification:_identify(.) by extensions ['colcon_pkg']
[0.649s] Level 1:colcon.colcon_core.package_identification:_identify(.) by extension 'colcon_pkg'
[0.649s] Level 1:colcon.colcon_core.package_identification:_identify(.) by extensions ['colcon_meta']
[0.649s] Level 1:colcon.colcon_core.package_identification:_identify(.) by extension 'colcon_meta'
[0.649s] Level 1:colcon.colcon_core.package_identification:_identify(.) by extensions ['ros']
[0.649s] Level 1:colcon.colcon_core.package_identification:_identify(.) by extension 'ros'
[0.755s] Level 1:colcon.colcon_core.package_identification:_identify(.) by extensions ['cmake', 'python']
[0.756s] Level 1:colcon.colcon_core.package_identification:_identify(.) by extension 'cmake'
[0.756s] Level 1:colcon.colcon_core.package_identification:_identify(.) by extension 'python'
[0.756s] Level 1:colcon.colcon_core.package_identification:_identify(.) by extensions ['python_setup_py']
[0.756s] Level 1:colcon.colcon_core.package_identification:_identify(.) by extension 'python_setup_py'
[0.757s] Level 1:colcon.colcon_core.package_identification:_identify(build) by extensions ['ignore', 'ignore_ament_install']
[0.757s] Level 1:colcon.colcon_core.package_identification:_identify(build) by extension 'ignore'
[0.757s] Level 1:colcon.colcon_core.package_identification:_identify(build) ignored
[0.758s] Level 1:colcon.colcon_core.package_identification:_identify(install) by extensions ['ignore', 'ignore_ament_install']
[0.758s] Level 1:colcon.colcon_core.package_identification:_identify(install) by extension 'ignore'
[0.758s] Level 1:colcon.colcon_core.package_identification:_identify(install) ignored
[0.759s] Level 1:colcon.colcon_core.package_identification:_identify(log) by extensions ['ignore', 'ignore_ament_install']
[0.759s] Level 1:colcon.colcon_core.package_identification:_identify(log) by extension 'ignore'
[0.759s] Level 1:colcon.colcon_core.package_identification:_identify(log) ignored
[0.760s] Level 1:colcon.colcon_core.package_identification:_identify(src) by extensions ['ignore', 'ignore_ament_install']
[0.760s] Level 1:colcon.colcon_core.package_identification:_identify(src) by extension 'ignore'
[0.760s] Level 1:colcon.colcon_core.package_identification:_identify(src) by extension 'ignore_ament_install'
[0.760s] Level 1:colcon.colcon_core.package_identification:_identify(src) by extensions ['colcon_pkg']
[0.760s] Level 1:colcon.colcon_core.package_identification:_identify(src) by extension 'colcon_pkg'
[0.761s] Level 1:colcon.colcon_core.package_identification:_identify(src) by extensions ['colcon_meta']
[0.761s] Level 1:colcon.colcon_core.package_identification:_identify(src) by extension 'colcon_meta'
[0.761s] Level 1:colcon.colcon_core.package_identification:_identify(src) by extensions ['ros']
[0.761s] Level 1:colcon.colcon_core.package_identification:_identify(src) by extension 'ros'
[0.761s] Level 1:colcon.colcon_core.package_identification:_identify(src) by extensions ['cmake', 'python']
[0.761s] Level 1:colcon.colcon_core.package_identification:_identify(src) by extension 'cmake'
[0.762s] Level 1:colcon.colcon_core.package_identification:_identify(src) by extension 'python'
[0.762s] Level 1:colcon.colcon_core.package_identification:_identify(src) by extensions ['python_setup_py']
[0.762s] Level 1:colcon.colcon_core.package_identification:_identify(src) by extension 'python_setup_py'
[0.762s] Level 1:colcon.colcon_core.package_identification:_identify(src/Packages) by extensions ['ignore', 'ignore_ament_install']
[0.762s] Level 1:colcon.colcon_core.package_identification:_identify(src/Packages) by extension 'ignore'
[0.763s] Level 1:colcon.colcon_core.package_identification:_identify(src/Packages) by extension 'ignore_ament_install'
[0.763s] Level 1:colcon.colcon_core.package_identification:_identify(src/Packages) by extensions ['colcon_pkg']
[0.763s] Level 1:colcon.colcon_core.package_identification:_identify(src/Packages) by extension 'colcon_pkg'
[0.763s] Level 1:colcon.colcon_core.package_identification:_identify(src/Packages) by extensions ['colcon_meta']
[0.763s] Level 1:colcon.colcon_core.package_identification:_identify(src/Packages) by extension 'colcon_meta'
[0.763s] Level 1:colcon.colcon_core.package_identification:_identify(src/Packages) by extensions ['ros']
[0.764s] Level 1:colcon.colcon_core.package_identification:_identify(src/Packages) by extension 'ros'
[0.764s] Level 1:colcon.colcon_core.package_identification:_identify(src/Packages) by extensions ['cmake', 'python']
[0.764s] Level 1:colcon.colcon_core.package_identification:_identify(src/Packages) by extension 'cmake'
[0.764s] Level 1:colcon.colcon_core.package_identification:_identify(src/Packages) by extension 'python'
[0.764s] Level 1:colcon.colcon_core.package_identification:_identify(src/Packages) by extensions ['python_setup_py']
[0.764s] Level 1:colcon.colcon_core.package_identification:_identify(src/Packages) by extension 'python_setup_py'
[0.765s] Level 1:colcon.colcon_core.package_identification:_identify(src/Packages/converter_pkg) by extensions ['ignore', 'ignore_ament_install']
[0.765s] Level 1:colcon.colcon_core.package_identification:_identify(src/Packages/converter_pkg) by extension 'ignore'
[0.765s] Level 1:colcon.colcon_core.package_identification:_identify(src/Packages/converter_pkg) by extension 'ignore_ament_install'
[0.766s] Level 1:colcon.colcon_core.package_identification:_identify(src/Packages/converter_pkg) by extensions ['colcon_pkg']
[0.766s] Level 1:colcon.colcon_core.package_identification:_identify(src/Packages/converter_pkg) by extension 'colcon_pkg'
[0.766s] Level 1:colcon.colcon_core.package_identification:_identify(src/Packages/converter_pkg) by extensions ['colcon_meta']
[0.766s] Level 1:colcon.colcon_core.package_identification:_identify(src/Packages/converter_pkg) by extension 'colcon_meta'
[0.766s] Level 1:colcon.colcon_core.package_identification:_identify(src/Packages/converter_pkg) by extensions ['ros']
[0.766s] Level 1:colcon.colcon_core.package_identification:_identify(src/Packages/converter_pkg) by extension 'ros'
[0.775s] DEBUG:colcon.colcon_core.package_identification:Package 'src/Packages/converter_pkg' with type 'ros.ament_python' and name 'converter_pkg'
[0.775s] Level 1:colcon.colcon_core.package_identification:_identify(src/Packages/diffdrive_arduino) by extensions ['ignore', 'ignore_ament_install']
[0.776s] Level 1:colcon.colcon_core.package_identification:_identify(src/Packages/diffdrive_arduino) by extension 'ignore'
[0.776s] Level 1:colcon.colcon_core.package_identification:_identify(src/Packages/diffdrive_arduino) by extension 'ignore_ament_install'
[0.776s] Level 1:colcon.colcon_core.package_identification:_identify(src/Packages/diffdrive_arduino) by extensions ['colcon_pkg']
[0.776s] Level 1:colcon.colcon_core.package_identification:_identify(src/Packages/diffdrive_arduino) by extension 'colcon_pkg'
[0.777s] Level 1:colcon.colcon_core.package_identification:_identify(src/Packages/diffdrive_arduino) by extensions ['colcon_meta']
[0.777s] Level 1:colcon.colcon_core.package_identification:_identify(src/Packages/diffdrive_arduino) by extension 'colcon_meta'
[0.777s] Level 1:colcon.colcon_core.package_identification:_identify(src/Packages/diffdrive_arduino) by extensions ['ros']
[0.777s] Level 1:colcon.colcon_core.package_identification:_identify(src/Packages/diffdrive_arduino) by extension 'ros'
[0.780s] DEBUG:colcon.colcon_core.package_identification:Package 'src/Packages/diffdrive_arduino' with type 'ros.ament_cmake' and name 'diffdrive_arduino'
[0.781s] Level 1:colcon.colcon_core.package_identification:_identify(src/Packages/rplidar_ros2) by extensions ['ignore', 'ignore_ament_install']
[0.781s] Level 1:colcon.colcon_core.package_identification:_identify(src/Packages/rplidar_ros2) by extension 'ignore'
[0.782s] Level 1:colcon.colcon_core.package_identification:_identify(src/Packages/rplidar_ros2) by extension 'ignore_ament_install'
[0.782s] Level 1:colcon.colcon_core.package_identification:_identify(src/Packages/rplidar_ros2) by extensions ['colcon_pkg']
[0.782s] Level 1:colcon.colcon_core.package_identification:_identify(src/Packages/rplidar_ros2) by extension 'colcon_pkg'
[0.782s] Level 1:colcon.colcon_core.package_identification:_identify(src/Packages/rplidar_ros2) by extensions ['colcon_meta']
[0.782s] Level 1:colcon.colcon_core.package_identification:_identify(src/Packages/rplidar_ros2) by extension 'colcon_meta'
[0.782s] Level 1:colcon.colcon_core.package_identification:_identify(src/Packages/rplidar_ros2) by extensions ['ros']
[0.783s] Level 1:colcon.colcon_core.package_identification:_identify(src/Packages/rplidar_ros2) by extension 'ros'
[0.785s] DEBUG:colcon.colcon_core.package_identification:Package 'src/Packages/rplidar_ros2' with type 'ros.ament_cmake' and name 'rplidar_ros'
[0.785s] Level 1:colcon.colcon_core.package_discovery:discover_packages(recursive) using defaults
[0.785s] Level 1:colcon.colcon_core.package_discovery:discover_packages(ignore) discover
[0.785s] Level 1:colcon.colcon_core.package_discovery:discover_packages(ignore) using defaults
[0.786s] Level 1:colcon.colcon_core.package_discovery:discover_packages(path) discover
[0.786s] Level 1:colcon.colcon_core.package_discovery:discover_packages(path) using defaults
[0.856s] Level 1:colcon.colcon_core.package_discovery:discover_packages(prefix_path) check parameters
[0.856s] Level 1:colcon.colcon_core.package_discovery:discover_packages(prefix_path) discover
[0.866s] DEBUG:colcon.colcon_installed_package_information.package_discovery:Found 3 installed packages in /home/robot/pic2/install
[0.868s] DEBUG:colcon.colcon_installed_package_information.package_discovery:Found 1 installed packages in /home/robot/ros2_ws/install
[0.882s] DEBUG:colcon.colcon_installed_package_information.package_discovery:Found 383 installed packages in /opt/ros/jazzy
[0.890s] Level 1:colcon.colcon_core.package_discovery:discover_packages(prefix_path) using defaults
[1.135s] Level 5:colcon.colcon_core.verb:set package 'converter_pkg' build argument 'cmake_args' from command line to 'None'
[1.135s] Level 5:colcon.colcon_core.verb:set package 'converter_pkg' build argument 'cmake_target' from command line to 'None'
[1.136s] Level 5:colcon.colcon_core.verb:set package 'converter_pkg' build argument 'cmake_target_skip_unavailable' from command line to 'False'
[1.136s] Level 5:colcon.colcon_core.verb:set package 'converter_pkg' build argument 'cmake_clean_cache' from command line to 'False'
[1.136s] Level 5:colcon.colcon_core.verb:set package 'converter_pkg' build argument 'cmake_clean_first' from command line to 'False'
[1.136s] Level 5:colcon.colcon_core.verb:set package 'converter_pkg' build argument 'cmake_force_configure' from command line to 'False'
[1.136s] Level 5:colcon.colcon_core.verb:set package 'converter_pkg' build argument 'ament_cmake_args' from command line to 'None'
[1.136s] Level 5:colcon.colcon_core.verb:set package 'converter_pkg' build argument 'catkin_cmake_args' from command line to 'None'
[1.136s] Level 5:colcon.colcon_core.verb:set package 'converter_pkg' build argument 'catkin_skip_building_tests' from command line to 'False'
[1.136s] DEBUG:colcon.colcon_core.verb:Building package 'converter_pkg' with the following arguments: {'ament_cmake_args': None, 'build_base': '/home/robot/pic2/build/converter_pkg', 'catkin_cmake_args': None, 'catkin_skip_building_tests': False, 'cmake_args': None, 'cmake_clean_cache': False, 'cmake_clean_first': False, 'cmake_force_configure': False, 'cmake_target': None, 'cmake_target_skip_unavailable': False, 'install_base': '/home/robot/pic2/install/converter_pkg', 'merge_install': False, 'path': '/home/robot/pic2/src/Packages/converter_pkg', 'symlink_install': False, 'test_result_base': None}
[1.137s] Level 5:colcon.colcon_core.verb:set package 'diffdrive_arduino' build argument 'cmake_args' from command line to 'None'
[1.138s] Level 5:colcon.colcon_core.verb:set package 'diffdrive_arduino' build argument 'cmake_target' from command line to 'None'
[1.138s] Level 5:colcon.colcon_core.verb:set package 'diffdrive_arduino' build argument 'cmake_target_skip_unavailable' from command line to 'False'
[1.138s] Level 5:colcon.colcon_core.verb:set package 'diffdrive_arduino' build argument 'cmake_clean_cache' from command line to 'False'
[1.138s] Level 5:colcon.colcon_core.verb:set package 'diffdrive_arduino' build argument 'cmake_clean_first' from command line to 'False'
[1.138s] Level 5:colcon.colcon_core.verb:set package 'diffdrive_arduino' build argument 'cmake_force_configure' from command line to 'False'
[1.138s] Level 5:colcon.colcon_core.verb:set package 'diffdrive_arduino' build argument 'ament_cmake_args' from command line to 'None'
[1.138s] Level 5:colcon.colcon_core.verb:set package 'diffdrive_arduino' build argument 'catkin_cmake_args' from command line to 'None'
[1.138s] Level 5:colcon.colcon_core.verb:set package 'diffdrive_arduino' build argument 'catkin_skip_building_tests' from command line to 'False'
[1.138s] DEBUG:colcon.colcon_core.verb:Building package 'diffdrive_arduino' with the following arguments: {'ament_cmake_args': None, 'build_base': '/home/robot/pic2/build/diffdrive_arduino', 'catkin_cmake_args': None, 'catkin_skip_building_tests': False, 'cmake_args': None, 'cmake_clean_cache': False, 'cmake_clean_first': False, 'cmake_force_configure': False, 'cmake_target': None, 'cmake_target_skip_unavailable': False, 'install_base': '/home/robot/pic2/install/diffdrive_arduino', 'merge_install': False, 'path': '/home/robot/pic2/src/Packages/diffdrive_arduino', 'symlink_install': False, 'test_result_base': None}
[1.140s] Level 5:colcon.colcon_core.verb:set package 'rplidar_ros' build argument 'cmake_args' from command line to 'None'
[1.140s] Level 5:colcon.colcon_core.verb:set package 'rplidar_ros' build argument 'cmake_target' from command line to 'None'
[1.140s] Level 5:colcon.colcon_core.verb:set package 'rplidar_ros' build argument 'cmake_target_skip_unavailable' from command line to 'False'
[1.140s] Level 5:colcon.colcon_core.verb:set package 'rplidar_ros' build argument 'cmake_clean_cache' from command line to 'False'
[1.140s] Level 5:colcon.colcon_core.verb:set package 'rplidar_ros' build argument 'cmake_clean_first' from command line to 'False'
[1.140s] Level 5:colcon.colcon_core.verb:set package 'rplidar_ros' build argument 'cmake_force_configure' from command line to 'False'
[1.140s] Level 5:colcon.colcon_core.verb:set package 'rplidar_ros' build argument 'ament_cmake_args' from command line to 'None'
[1.140s] Level 5:colcon.colcon_core.verb:set package 'rplidar_ros' build argument 'catkin_cmake_args' from command line to 'None'
[1.140s] Level 5:colcon.colcon_core.verb:set package 'rplidar_ros' build argument 'catkin_skip_building_tests' from command line to 'False'
[1.141s] DEBUG:colcon.colcon_core.verb:Building package 'rplidar_ros' with the following arguments: {'ament_cmake_args': None, 'build_base': '/home/robot/pic2/build/rplidar_ros', 'catkin_cmake_args': None, 'catkin_skip_building_tests': False, 'cmake_args': None, 'cmake_clean_cache': False, 'cmake_clean_first': False, 'cmake_force_configure': False, 'cmake_target': None, 'cmake_target_skip_unavailable': False, 'install_base': '/home/robot/pic2/install/rplidar_ros', 'merge_install': False, 'path': '/home/robot/pic2/src/Packages/rplidar_ros2', 'symlink_install': False, 'test_result_base': None}
[1.141s] INFO:colcon.colcon_core.executor:Executing jobs using 'parallel' executor
[1.145s] DEBUG:colcon.colcon_parallel_executor.executor.parallel:run_until_complete
[1.145s] INFO:colcon.colcon_ros.task.ament_python.build:Building ROS package in '/home/robot/pic2/src/Packages/converter_pkg' with build type 'ament_python'
[1.146s] Level 1:colcon.colcon_core.shell:create_environment_hook('converter_pkg', 'ament_prefix_path')
[1.154s] INFO:colcon.colcon_core.plugin_system:Skipping extension 'colcon_core.shell.bat': Not used on non-Windows systems
[1.155s] INFO:colcon.colcon_core.shell:Creating environment hook '/home/robot/pic2/install/converter_pkg/share/converter_pkg/hook/ament_prefix_path.ps1'
[1.157s] INFO:colcon.colcon_core.shell:Creating environment descriptor '/home/robot/pic2/install/converter_pkg/share/converter_pkg/hook/ament_prefix_path.dsv'
[1.161s] INFO:colcon.colcon_core.shell:Creating environment hook '/home/robot/pic2/install/converter_pkg/share/converter_pkg/hook/ament_prefix_path.sh'
[1.163s] INFO:colcon.colcon_core.shell:Skip shell extension 'powershell' for command environment: Not usable outside of PowerShell
[1.164s] DEBUG:colcon.colcon_core.shell:Skip shell extension 'dsv' for command environment
[1.190s] INFO:colcon.colcon_ros.task.ament_cmake.build:Building ROS package in '/home/robot/pic2/src/Packages/diffdrive_arduino' with build type 'ament_cmake'
[1.191s] INFO:colcon.colcon_cmake.task.cmake.build:Building CMake package in '/home/robot/pic2/src/Packages/diffdrive_arduino'
[1.192s] INFO:colcon.colcon_core.shell:Skip shell extension 'powershell' for command environment: Not usable outside of PowerShell
[1.192s] DEBUG:colcon.colcon_core.shell:Skip shell extension 'dsv' for command environment
[1.219s] INFO:colcon.colcon_ros.task.ament_cmake.build:Building ROS package in '/home/robot/pic2/src/Packages/rplidar_ros2' with build type 'ament_cmake'
[1.219s] INFO:colcon.colcon_cmake.task.cmake.build:Building CMake package in '/home/robot/pic2/src/Packages/rplidar_ros2'
[1.220s] INFO:colcon.colcon_core.shell:Skip shell extension 'powershell' for command environment: Not usable outside of PowerShell
[1.221s] DEBUG:colcon.colcon_core.shell:Skip shell extension 'dsv' for command environment
[2.225s] INFO:colcon.colcon_core.task.python.build:Building Python package in '/home/robot/pic2/src/Packages/converter_pkg'
[2.225s] INFO:colcon.colcon_core.shell:Skip shell extension 'powershell' for command environment: Not usable outside of PowerShell
[2.226s] DEBUG:colcon.colcon_core.shell:Skip shell extension 'dsv' for command environment
[2.268s] DEBUG:colcon.colcon_core.event_handler.log_command:Invoking command in '/home/robot/pic2/build/diffdrive_arduino': CMAKE_PREFIX_PATH=${CMAKE_PREFIX_PATH}:/home/robot/pic2/install/converter_pkg:/opt/ros/jazzy /usr/bin/cmake --build /home/robot/pic2/build/diffdrive_arduino -- -j4 -l4
[2.286s] DEBUG:colcon.colcon_core.event_handler.log_command:Invoking command in '/home/robot/pic2/build/rplidar_ros': CMAKE_PREFIX_PATH=${CMAKE_PREFIX_PATH}:/home/robot/pic2/install/converter_pkg:/opt/ros/jazzy /usr/bin/cmake --build /home/robot/pic2/build/rplidar_ros -- -j4 -l4
[2.771s] DEBUG:colcon.colcon_core.event_handler.log_command:Invoked command in '/home/robot/pic2/build/diffdrive_arduino' returned '0': CMAKE_PREFIX_PATH=${CMAKE_PREFIX_PATH}:/home/robot/pic2/install/converter_pkg:/opt/ros/jazzy /usr/bin/cmake --build /home/robot/pic2/build/diffdrive_arduino -- -j4 -l4
[2.844s] DEBUG:colcon.colcon_core.event_handler.log_command:Invoking command in '/home/robot/pic2/build/diffdrive_arduino': CMAKE_PREFIX_PATH=${CMAKE_PREFIX_PATH}:/home/robot/pic2/install/converter_pkg:/opt/ros/jazzy /usr/bin/cmake --install /home/robot/pic2/build/diffdrive_arduino
[2.939s] Level 1:colcon.colcon_core.environment:create_environment_scripts_only(diffdrive_arduino)
[2.944s] DEBUG:colcon.colcon_core.event_handler.log_command:Invoked command in '/home/robot/pic2/build/diffdrive_arduino' returned '0': CMAKE_PREFIX_PATH=${CMAKE_PREFIX_PATH}:/home/robot/pic2/install/converter_pkg:/opt/ros/jazzy /usr/bin/cmake --install /home/robot/pic2/build/diffdrive_arduino
[2.955s] Level 1:colcon.colcon_core.environment:checking '/home/robot/pic2/install/diffdrive_arduino' for CMake module files
[2.959s] Level 1:colcon.colcon_core.environment:checking '/home/robot/pic2/install/diffdrive_arduino' for CMake config files
[2.963s] Level 1:colcon.colcon_core.shell:create_environment_hook('diffdrive_arduino', 'cmake_prefix_path')
[2.964s] INFO:colcon.colcon_core.shell:Creating environment hook '/home/robot/pic2/install/diffdrive_arduino/share/diffdrive_arduino/hook/cmake_prefix_path.ps1'
[2.967s] INFO:colcon.colcon_core.shell:Creating environment descriptor '/home/robot/pic2/install/diffdrive_arduino/share/diffdrive_arduino/hook/cmake_prefix_path.dsv'
[2.970s] INFO:colcon.colcon_core.shell:Creating environment hook '/home/robot/pic2/install/diffdrive_arduino/share/diffdrive_arduino/hook/cmake_prefix_path.sh'
[2.974s] Level 1:colcon.colcon_core.environment:checking '/home/robot/pic2/install/diffdrive_arduino/lib'
[2.975s] Level 1:colcon.colcon_core.shell:create_environment_hook('diffdrive_arduino', 'ld_library_path_lib')
[2.976s] INFO:colcon.colcon_core.shell:Creating environment hook '/home/robot/pic2/install/diffdrive_arduino/share/diffdrive_arduino/hook/ld_library_path_lib.ps1'
[2.978s] INFO:colcon.colcon_core.shell:Creating environment descriptor '/home/robot/pic2/install/diffdrive_arduino/share/diffdrive_arduino/hook/ld_library_path_lib.dsv'
[2.980s] INFO:colcon.colcon_core.shell:Creating environment hook '/home/robot/pic2/install/diffdrive_arduino/share/diffdrive_arduino/hook/ld_library_path_lib.sh'
[2.982s] Level 1:colcon.colcon_core.environment:checking '/home/robot/pic2/install/diffdrive_arduino/bin'
[2.983s] Level 1:colcon.colcon_core.environment:checking '/home/robot/pic2/install/diffdrive_arduino/lib/pkgconfig/diffdrive_arduino.pc'
[2.984s] Level 1:colcon.colcon_core.environment:checking '/home/robot/pic2/install/diffdrive_arduino/lib/python3.12/site-packages'
[2.985s] Level 1:colcon.colcon_core.environment:checking '/home/robot/pic2/install/diffdrive_arduino/bin'
[2.987s] INFO:colcon.colcon_core.shell:Creating package script '/home/robot/pic2/install/diffdrive_arduino/share/diffdrive_arduino/package.ps1'
[2.992s] INFO:colcon.colcon_core.shell:Creating package descriptor '/home/robot/pic2/install/diffdrive_arduino/share/diffdrive_arduino/package.dsv'
[2.995s] INFO:colcon.colcon_core.shell:Creating package script '/home/robot/pic2/install/diffdrive_arduino/share/diffdrive_arduino/package.sh'
[2.998s] INFO:colcon.colcon_core.shell:Creating package script '/home/robot/pic2/install/diffdrive_arduino/share/diffdrive_arduino/package.bash'
[3.001s] INFO:colcon.colcon_core.shell:Creating package script '/home/robot/pic2/install/diffdrive_arduino/share/diffdrive_arduino/package.zsh'
[3.004s] Level 1:colcon.colcon_core.environment:create_file_with_runtime_dependencies(/home/robot/pic2/install/diffdrive_arduino/share/colcon-core/packages/diffdrive_arduino)
[3.006s] Level 1:colcon.colcon_core.environment:create_environment_scripts_only(diffdrive_arduino)
[3.007s] Level 1:colcon.colcon_core.environment:checking '/home/robot/pic2/install/diffdrive_arduino' for CMake module files
[3.011s] Level 1:colcon.colcon_core.environment:checking '/home/robot/pic2/install/diffdrive_arduino' for CMake config files
[3.014s] Level 1:colcon.colcon_core.shell:create_environment_hook('diffdrive_arduino', 'cmake_prefix_path')
[3.014s] INFO:colcon.colcon_core.shell:Creating environment hook '/home/robot/pic2/install/diffdrive_arduino/share/diffdrive_arduino/hook/cmake_prefix_path.ps1'
[3.017s] INFO:colcon.colcon_core.shell:Creating environment descriptor '/home/robot/pic2/install/diffdrive_arduino/share/diffdrive_arduino/hook/cmake_prefix_path.dsv'
[3.020s] INFO:colcon.colcon_core.shell:Creating environment hook '/home/robot/pic2/install/diffdrive_arduino/share/diffdrive_arduino/hook/cmake_prefix_path.sh'
[3.023s] Level 1:colcon.colcon_core.environment:checking '/home/robot/pic2/install/diffdrive_arduino/lib'
[3.023s] Level 1:colcon.colcon_core.shell:create_environment_hook('diffdrive_arduino', 'ld_library_path_lib')
[3.024s] INFO:colcon.colcon_core.shell:Creating environment hook '/home/robot/pic2/install/diffdrive_arduino/share/diffdrive_arduino/hook/ld_library_path_lib.ps1'
[3.026s] INFO:colcon.colcon_core.shell:Creating environment descriptor '/home/robot/pic2/install/diffdrive_arduino/share/diffdrive_arduino/hook/ld_library_path_lib.dsv'
[3.028s] INFO:colcon.colcon_core.shell:Creating environment hook '/home/robot/pic2/install/diffdrive_arduino/share/diffdrive_arduino/hook/ld_library_path_lib.sh'
[3.030s] Level 1:colcon.colcon_core.environment:checking '/home/robot/pic2/install/diffdrive_arduino/bin'
[3.030s] Level 1:colcon.colcon_core.environment:checking '/home/robot/pic2/install/diffdrive_arduino/lib/pkgconfig/diffdrive_arduino.pc'
[3.031s] Level 1:colcon.colcon_core.environment:checking '/home/robot/pic2/install/diffdrive_arduino/lib/python3.12/site-packages'
[3.032s] Level 1:colcon.colcon_core.environment:checking '/home/robot/pic2/install/diffdrive_arduino/bin'
[3.033s] INFO:colcon.colcon_core.shell:Creating package script '/home/robot/pic2/install/diffdrive_arduino/share/diffdrive_arduino/package.ps1'
[3.037s] INFO:colcon.colcon_core.shell:Creating package descriptor '/home/robot/pic2/install/diffdrive_arduino/share/diffdrive_arduino/package.dsv'
[3.040s] INFO:colcon.colcon_core.shell:Creating package script '/home/robot/pic2/install/diffdrive_arduino/share/diffdrive_arduino/package.sh'
[3.042s] INFO:colcon.colcon_core.shell:Creating package script '/home/robot/pic2/install/diffdrive_arduino/share/diffdrive_arduino/package.bash'
[3.044s] INFO:colcon.colcon_core.shell:Creating package script '/home/robot/pic2/install/diffdrive_arduino/share/diffdrive_arduino/package.zsh'
[3.046s] Level 1:colcon.colcon_core.environment:create_file_with_runtime_dependencies(/home/robot/pic2/install/diffdrive_arduino/share/colcon-core/packages/diffdrive_arduino)
[3.052s] DEBUG:colcon.colcon_core.event_handler.log_command:Invoked command in '/home/robot/pic2/build/rplidar_ros' returned '0': CMAKE_PREFIX_PATH=${CMAKE_PREFIX_PATH}:/home/robot/pic2/install/converter_pkg:/opt/ros/jazzy /usr/bin/cmake --build /home/robot/pic2/build/rplidar_ros -- -j4 -l4
[3.058s] DEBUG:colcon.colcon_core.event_handler.log_command:Invoking command in '/home/robot/pic2/build/rplidar_ros': CMAKE_PREFIX_PATH=${CMAKE_PREFIX_PATH}:/home/robot/pic2/install/converter_pkg:/opt/ros/jazzy /usr/bin/cmake --install /home/robot/pic2/build/rplidar_ros
[3.138s] Level 1:colcon.colcon_core.environment:create_environment_scripts_only(rplidar_ros)
[3.139s] Level 1:colcon.colcon_core.environment:checking '/home/robot/pic2/install/rplidar_ros' for CMake module files
[3.140s] DEBUG:colcon.colcon_core.event_handler.log_command:Invoked command in '/home/robot/pic2/build/rplidar_ros' returned '0': CMAKE_PREFIX_PATH=${CMAKE_PREFIX_PATH}:/home/robot/pic2/install/converter_pkg:/opt/ros/jazzy /usr/bin/cmake --install /home/robot/pic2/build/rplidar_ros
[3.143s] Level 1:colcon.colcon_core.environment:checking '/home/robot/pic2/install/rplidar_ros' for CMake config files
[3.146s] Level 1:colcon.colcon_core.shell:create_environment_hook('rplidar_ros', 'cmake_prefix_path')
[3.146s] INFO:colcon.colcon_core.shell:Creating environment hook '/home/robot/pic2/install/rplidar_ros/share/rplidar_ros/hook/cmake_prefix_path.ps1'
[3.148s] INFO:colcon.colcon_core.shell:Creating environment descriptor '/home/robot/pic2/install/rplidar_ros/share/rplidar_ros/hook/cmake_prefix_path.dsv'
[3.152s] INFO:colcon.colcon_core.shell:Creating environment hook '/home/robot/pic2/install/rplidar_ros/share/rplidar_ros/hook/cmake_prefix_path.sh'
[3.155s] Level 1:colcon.colcon_core.environment:checking '/home/robot/pic2/install/rplidar_ros/lib'
[3.155s] Level 1:colcon.colcon_core.shell:create_environment_hook('rplidar_ros', 'ld_library_path_lib')
[3.156s] INFO:colcon.colcon_core.shell:Creating environment hook '/home/robot/pic2/install/rplidar_ros/share/rplidar_ros/hook/ld_library_path_lib.ps1'
[3.158s] INFO:colcon.colcon_core.shell:Creating environment descriptor '/home/robot/pic2/install/rplidar_ros/share/rplidar_ros/hook/ld_library_path_lib.dsv'
[3.160s] INFO:colcon.colcon_core.shell:Creating environment hook '/home/robot/pic2/install/rplidar_ros/share/rplidar_ros/hook/ld_library_path_lib.sh'
[3.162s] Level 1:colcon.colcon_core.environment:checking '/home/robot/pic2/install/rplidar_ros/bin'
[3.162s] Level 1:colcon.colcon_core.environment:checking '/home/robot/pic2/install/rplidar_ros/lib/pkgconfig/rplidar_ros.pc'
[3.163s] Level 1:colcon.colcon_core.environment:checking '/home/robot/pic2/install/rplidar_ros/lib/python3.12/site-packages'
[3.165s] Level 1:colcon.colcon_core.environment:checking '/home/robot/pic2/install/rplidar_ros/bin'
[3.166s] INFO:colcon.colcon_core.shell:Creating package script '/home/robot/pic2/install/rplidar_ros/share/rplidar_ros/package.ps1'
[3.169s] INFO:colcon.colcon_core.shell:Creating package descriptor '/home/robot/pic2/install/rplidar_ros/share/rplidar_ros/package.dsv'
[3.172s] INFO:colcon.colcon_core.shell:Creating package script '/home/robot/pic2/install/rplidar_ros/share/rplidar_ros/package.sh'
[3.174s] INFO:colcon.colcon_core.shell:Creating package script '/home/robot/pic2/install/rplidar_ros/share/rplidar_ros/package.bash'
[3.176s] INFO:colcon.colcon_core.shell:Creating package script '/home/robot/pic2/install/rplidar_ros/share/rplidar_ros/package.zsh'
[3.178s] Level 1:colcon.colcon_core.environment:create_file_with_runtime_dependencies(/home/robot/pic2/install/rplidar_ros/share/colcon-core/packages/rplidar_ros)
[3.180s] Level 1:colcon.colcon_core.environment:create_environment_scripts_only(rplidar_ros)
[3.181s] Level 1:colcon.colcon_core.environment:checking '/home/robot/pic2/install/rplidar_ros' for CMake module files
[3.184s] Level 1:colcon.colcon_core.environment:checking '/home/robot/pic2/install/rplidar_ros' for CMake config files
[3.186s] Level 1:colcon.colcon_core.shell:create_environment_hook('rplidar_ros', 'cmake_prefix_path')
[3.187s] INFO:colcon.colcon_core.shell:Creating environment hook '/home/robot/pic2/install/rplidar_ros/share/rplidar_ros/hook/cmake_prefix_path.ps1'
[3.189s] INFO:colcon.colcon_core.shell:Creating environment descriptor '/home/robot/pic2/install/rplidar_ros/share/rplidar_ros/hook/cmake_prefix_path.dsv'
[3.193s] INFO:colcon.colcon_core.shell:Creating environment hook '/home/robot/pic2/install/rplidar_ros/share/rplidar_ros/hook/cmake_prefix_path.sh'
[3.195s] Level 1:colcon.colcon_core.environment:checking '/home/robot/pic2/install/rplidar_ros/lib'
[3.196s] Level 1:colcon.colcon_core.shell:create_environment_hook('rplidar_ros', 'ld_library_path_lib')
[3.197s] INFO:colcon.colcon_core.shell:Creating environment hook '/home/robot/pic2/install/rplidar_ros/share/rplidar_ros/hook/ld_library_path_lib.ps1'
[3.198s] INFO:colcon.colcon_core.shell:Creating environment descriptor '/home/robot/pic2/install/rplidar_ros/share/rplidar_ros/hook/ld_library_path_lib.dsv'
[3.201s] INFO:colcon.colcon_core.shell:Creating environment hook '/home/robot/pic2/install/rplidar_ros/share/rplidar_ros/hook/ld_library_path_lib.sh'
[3.203s] Level 1:colcon.colcon_core.environment:checking '/home/robot/pic2/install/rplidar_ros/bin'
[3.203s] Level 1:colcon.colcon_core.environment:checking '/home/robot/pic2/install/rplidar_ros/lib/pkgconfig/rplidar_ros.pc'
[3.204s] Level 1:colcon.colcon_core.environment:checking '/home/robot/pic2/install/rplidar_ros/lib/python3.12/site-packages'
[3.205s] Level 1:colcon.colcon_core.environment:checking '/home/robot/pic2/install/rplidar_ros/bin'
[3.206s] INFO:colcon.colcon_core.shell:Creating package script '/home/robot/pic2/install/rplidar_ros/share/rplidar_ros/package.ps1'
[3.209s] INFO:colcon.colcon_core.shell:Creating package descriptor '/home/robot/pic2/install/rplidar_ros/share/rplidar_ros/package.dsv'
[3.213s] INFO:colcon.colcon_core.shell:Creating package script '/home/robot/pic2/install/rplidar_ros/share/rplidar_ros/package.sh'
[3.215s] INFO:colcon.colcon_core.shell:Creating package script '/home/robot/pic2/install/rplidar_ros/share/rplidar_ros/package.bash'
[3.217s] INFO:colcon.colcon_core.shell:Creating package script '/home/robot/pic2/install/rplidar_ros/share/rplidar_ros/package.zsh'
[3.219s] Level 1:colcon.colcon_core.environment:create_file_with_runtime_dependencies(/home/robot/pic2/install/rplidar_ros/share/colcon-core/packages/rplidar_ros)
[5.220s] DEBUG:colcon.colcon_core.event_handler.log_command:Invoking command in '/home/robot/pic2/src/Packages/converter_pkg': PYTHONPATH=/home/robot/pic2/build/converter_pkg/prefix_override:/usr/lib/python3/dist-packages/colcon_core/task/python/colcon_distutils_commands:/home/robot/pic2/install/converter_pkg/lib/python3.12/site-packages:${PYTHONPATH} /usr/bin/python3 -W ignore:setup.py install is deprecated -W ignore:easy_install command is deprecated setup.py egg_info --egg-base ../../../build/converter_pkg build --build-base /home/robot/pic2/build/converter_pkg/build install --record /home/robot/pic2/build/converter_pkg/install.log --single-version-externally-managed install_data
[7.845s] Level 1:colcon.colcon_core.environment:checking '/home/robot/pic2/install/converter_pkg' for CMake module files
[7.847s] DEBUG:colcon.colcon_core.event_handler.log_command:Invoked command in '/home/robot/pic2/src/Packages/converter_pkg' returned '0': PYTHONPATH=/home/robot/pic2/build/converter_pkg/prefix_override:/usr/lib/python3/dist-packages/colcon_core/task/python/colcon_distutils_commands:/home/robot/pic2/install/converter_pkg/lib/python3.12/site-packages:${PYTHONPATH} /usr/bin/python3 -W ignore:setup.py install is deprecated -W ignore:easy_install command is deprecated setup.py egg_info --egg-base ../../../build/converter_pkg build --build-base /home/robot/pic2/build/converter_pkg/build install --record /home/robot/pic2/build/converter_pkg/install.log --single-version-externally-managed install_data
[7.849s] Level 1:colcon.colcon_core.environment:checking '/home/robot/pic2/install/converter_pkg' for CMake config files
[7.852s] Level 1:colcon.colcon_core.environment:checking '/home/robot/pic2/install/converter_pkg/lib'
[7.852s] Level 1:colcon.colcon_core.environment:checking '/home/robot/pic2/install/converter_pkg/bin'
[7.852s] Level 1:colcon.colcon_core.environment:checking '/home/robot/pic2/install/converter_pkg/lib/pkgconfig/converter_pkg.pc'
[7.853s] Level 1:colcon.colcon_core.environment:checking '/home/robot/pic2/install/converter_pkg/lib/python3.12/site-packages'
[7.854s] Level 1:colcon.colcon_core.shell:create_environment_hook('converter_pkg', 'pythonpath')
[7.855s] INFO:colcon.colcon_core.shell:Creating environment hook '/home/robot/pic2/install/converter_pkg/share/converter_pkg/hook/pythonpath.ps1'
[7.856s] INFO:colcon.colcon_core.shell:Creating environment descriptor '/home/robot/pic2/install/converter_pkg/share/converter_pkg/hook/pythonpath.dsv'
[7.865s] INFO:colcon.colcon_core.shell:Creating environment hook '/home/robot/pic2/install/converter_pkg/share/converter_pkg/hook/pythonpath.sh'
[7.873s] Level 1:colcon.colcon_core.environment:checking '/home/robot/pic2/install/converter_pkg/bin'
[7.874s] Level 1:colcon.colcon_core.environment:create_environment_scripts_only(converter_pkg)
[7.875s] INFO:colcon.colcon_core.shell:Creating package script '/home/robot/pic2/install/converter_pkg/share/converter_pkg/package.ps1'
[7.880s] INFO:colcon.colcon_core.shell:Creating package descriptor '/home/robot/pic2/install/converter_pkg/share/converter_pkg/package.dsv'
[7.885s] INFO:colcon.colcon_core.shell:Creating package script '/home/robot/pic2/install/converter_pkg/share/converter_pkg/package.sh'
[7.891s] INFO:colcon.colcon_core.shell:Creating package script '/home/robot/pic2/install/converter_pkg/share/converter_pkg/package.bash'
[7.897s] INFO:colcon.colcon_core.shell:Creating package script '/home/robot/pic2/install/converter_pkg/share/converter_pkg/package.zsh'
[7.903s] Level 1:colcon.colcon_core.environment:create_file_with_runtime_dependencies(/home/robot/pic2/install/converter_pkg/share/colcon-core/packages/converter_pkg)
[7.909s] DEBUG:colcon.colcon_parallel_executor.executor.parallel:closing loop
[7.911s] DEBUG:colcon.colcon_parallel_executor.executor.parallel:loop closed
[7.912s] DEBUG:colcon.colcon_parallel_executor.executor.parallel:run_until_complete finished with '0'
[7.912s] DEBUG:colcon.colcon_core.event_reactor:joining thread
[7.916s] DEBUG:colcon.colcon_core.event_reactor:joined thread
[7.917s] INFO:colcon.colcon_core.shell:Creating prefix script '/home/robot/pic2/install/local_setup.ps1'
[7.922s] INFO:colcon.colcon_core.shell:Creating prefix util module '/home/robot/pic2/install/_local_setup_util_ps1.py'
[7.928s] INFO:colcon.colcon_core.shell:Creating prefix chain script '/home/robot/pic2/install/setup.ps1'
[7.934s] INFO:colcon.colcon_core.shell:Creating prefix script '/home/robot/pic2/install/local_setup.sh'
[7.940s] INFO:colcon.colcon_core.shell:Creating prefix util module '/home/robot/pic2/install/_local_setup_util_sh.py'
[7.946s] INFO:colcon.colcon_core.shell:Creating prefix chain script '/home/robot/pic2/install/setup.sh'
[7.952s] INFO:colcon.colcon_core.shell:Creating prefix script '/home/robot/pic2/install/local_setup.bash'
[7.958s] INFO:colcon.colcon_core.shell:Creating prefix chain script '/home/robot/pic2/install/setup.bash'
[7.964s] INFO:colcon.colcon_core.shell:Creating prefix script '/home/robot/pic2/install/local_setup.zsh'
[7.970s] INFO:colcon.colcon_core.shell:Creating prefix chain script '/home/robot/pic2/install/setup.zsh'
