[1.083s] Invoking command in '/home/robot/pic2/build/rplidar_ros': CMAKE_PREFIX_PATH=${CMAKE_PREFIX_PATH}:/opt/ros/jazzy /usr/bin/cmake --build /home/robot/pic2/build/rplidar_ros -- -j4 -l4
[1.505s] [ 77%] Built target rplidar_composition_node
[1.717s] [100%] Built target rplidar_composition
[1.932s] Invoked command in '/home/robot/pic2/build/rplidar_ros' returned '0': CMAKE_PREFIX_PATH=${CMAKE_PREFIX_PATH}:/opt/ros/jazzy /usr/bin/cmake --build /home/robot/pic2/build/rplidar_ros -- -j4 -l4
[1.933s] Invoking command in '/home/robot/pic2/build/rplidar_ros': CMAKE_PREFIX_PATH=${CMAKE_PREFIX_PATH}:/opt/ros/jazzy /usr/bin/cmake --install /home/robot/pic2/build/rplidar_ros
[1.985s] -- Install configuration: ""
[1.986s] -- Up-to-date: /home/robot/pic2/install/rplidar_ros/lib/rplidar_ros/rplidar_composition
[1.988s] -- Up-to-date: /home/robot/pic2/install/rplidar_ros/share/rplidar_ros/launch
[1.989s] -- Up-to-date: /home/robot/pic2/install/rplidar_ros/share/rplidar_ros/launch/rplidar.launch.py
[1.990s] -- Up-to-date: /home/robot/pic2/install/rplidar_ros/share/rplidar_ros/launch/rplidar_s1_tcp.launch.py
[1.991s] -- Up-to-date: /home/robot/pic2/install/rplidar_ros/share/rplidar_ros/launch/rplidar_s1.launch.py
[1.991s] -- Up-to-date: /home/robot/pic2/install/rplidar_ros/share/rplidar_ros/launch/view_rplidar_s1_tcp.launch.py
[1.992s] -- Up-to-date: /home/robot/pic2/install/rplidar_ros/share/rplidar_ros/launch/rplidar_a3.launch.py
[1.992s] -- Up-to-date: /home/robot/pic2/install/rplidar_ros/share/rplidar_ros/launch/view_rplidar.launch.py
[1.993s] -- Up-to-date: /home/robot/pic2/install/rplidar_ros/share/rplidar_ros/launch/view_rplidar_a3.launch.py
[1.994s] -- Up-to-date: /home/robot/pic2/install/rplidar_ros/share/rplidar_ros/launch/view_rplidar_s1.launch.py
[1.994s] -- Up-to-date: /home/robot/pic2/install/rplidar_ros/share/rplidar_ros/launch/test_rplidar_a3.launch.py
[1.995s] -- Up-to-date: /home/robot/pic2/install/rplidar_ros/share/rplidar_ros/rviz
[1.995s] -- Up-to-date: /home/robot/pic2/install/rplidar_ros/share/rplidar_ros/rviz/rplidar.rviz
[1.996s] -- Up-to-date: /home/robot/pic2/install/rplidar_ros/lib/librplidar_composition_node.so
[1.996s] -- Up-to-date: /home/robot/pic2/install/rplidar_ros/include
[1.997s] -- Up-to-date: /home/robot/pic2/install/rplidar_ros/include/rplidar_node.hpp
[1.998s] -- Up-to-date: /home/robot/pic2/install/rplidar_ros/include/visibility.h
[1.999s] -- Up-to-date: /home/robot/pic2/install/rplidar_ros/lib/rplidar_ros/rplidar_composition
[1.999s] -- Up-to-date: /home/robot/pic2/install/rplidar_ros/share/ament_index/resource_index/package_run_dependencies/rplidar_ros
[2.000s] -- Up-to-date: /home/robot/pic2/install/rplidar_ros/share/ament_index/resource_index/parent_prefix_path/rplidar_ros
[2.001s] -- Up-to-date: /home/robot/pic2/install/rplidar_ros/share/rplidar_ros/environment/ament_prefix_path.sh
[2.002s] -- Up-to-date: /home/robot/pic2/install/rplidar_ros/share/rplidar_ros/environment/ament_prefix_path.dsv
[2.002s] -- Up-to-date: /home/robot/pic2/install/rplidar_ros/share/rplidar_ros/environment/path.sh
[2.002s] -- Up-to-date: /home/robot/pic2/install/rplidar_ros/share/rplidar_ros/environment/path.dsv
[2.003s] -- Up-to-date: /home/robot/pic2/install/rplidar_ros/share/rplidar_ros/local_setup.bash
[2.004s] -- Up-to-date: /home/robot/pic2/install/rplidar_ros/share/rplidar_ros/local_setup.sh
[2.005s] -- Up-to-date: /home/robot/pic2/install/rplidar_ros/share/rplidar_ros/local_setup.zsh
[2.005s] -- Up-to-date: /home/robot/pic2/install/rplidar_ros/share/rplidar_ros/local_setup.dsv
[2.006s] -- Installing: /home/robot/pic2/install/rplidar_ros/share/rplidar_ros/package.dsv
[2.006s] -- Up-to-date: /home/robot/pic2/install/rplidar_ros/share/ament_index/resource_index/packages/rplidar_ros
[2.007s] -- Up-to-date: /home/robot/pic2/install/rplidar_ros/share/ament_index/resource_index/rclcpp_components/rplidar_ros
[2.007s] -- Up-to-date: /home/robot/pic2/install/rplidar_ros/share/rplidar_ros/cmake/ament_cmake_export_dependencies-extras.cmake
[2.008s] -- Up-to-date: /home/robot/pic2/install/rplidar_ros/share/rplidar_ros/cmake/ament_cmake_export_include_directories-extras.cmake
[2.009s] -- Up-to-date: /home/robot/pic2/install/rplidar_ros/share/rplidar_ros/cmake/rplidar_rosConfig.cmake
[2.009s] -- Up-to-date: /home/robot/pic2/install/rplidar_ros/share/rplidar_ros/cmake/rplidar_rosConfig-version.cmake
[2.010s] -- Up-to-date: /home/robot/pic2/install/rplidar_ros/share/rplidar_ros/package.xml
[2.013s] Invoked command in '/home/robot/pic2/build/rplidar_ros' returned '0': CMAKE_PREFIX_PATH=${CMAKE_PREFIX_PATH}:/opt/ros/jazzy /usr/bin/cmake --install /home/robot/pic2/build/rplidar_ros
