-- The CXX compiler identification is GNU 13.3.0
-- Detecting CXX compiler ABI info
-- Detecting CXX compiler ABI info - done
-- Check for working CXX compiler: /usr/bin/c++ - skipped
-- Detecting CXX compile features
-- Detecting CXX compile features - done
-- Found ament_cmake: 2.5.6 (/opt/ros/jazzy/share/ament_cmake/cmake)
-- Found Python3: /usr/bin/python3 (found version "3.12.3") found components: Interpreter 
-- Found hardware_interface: 4.45.2 (/opt/ros/jazzy/share/hardware_interface/cmake)
-- Found rosidl_generator_c: 4.6.9 (/opt/ros/jazzy/share/rosidl_generator_c/cmake)
-- Found rosidl_generator_cpp: 4.6.9 (/opt/ros/jazzy/share/rosidl_generator_cpp/cmake)
-- Using all available rosidl_typesupport_c: rosidl_typesupport_fastrtps_c;rosidl_typesupport_introspection_c
-- Using all available rosidl_typesupport_cpp: rosidl_typesupport_fastrtps_cpp;rosidl_typesupport_introspection_cpp
-- Found TinyXML2 via Config file: /usr/lib/aarch64-linux-gnu/cmake/tinyxml2
-- Found rmw_implementation_cmake: 7.3.3 (/opt/ros/jazzy/share/rmw_implementation_cmake/cmake)
-- Found rmw_fastrtps_cpp: 8.4.4 (/opt/ros/jazzy/share/rmw_fastrtps_cpp/cmake)
-- Found TinyXML2 via Config file: /usr/lib/aarch64-linux-gnu/cmake/tinyxml2
-- Found OpenSSL: /usr/lib/aarch64-linux-gnu/libcrypto.so (found version "3.0.13")  
-- Found TinyXML2 via Config file: /usr/lib/aarch64-linux-gnu/cmake/tinyxml2
-- Found FastRTPS: /opt/ros/jazzy/include (Required is at least version "2.13") 
-- Found TinyXML2 via Config file: /usr/lib/aarch64-linux-gnu/cmake/tinyxml2
-- Found TinyXML2 via Config file: /usr/lib/aarch64-linux-gnu/cmake/tinyxml2
-- Using RMW implementation 'rmw_fastrtps_cpp' as default
-- Found ament_cmake_gtest: 2.5.6 (/opt/ros/jazzy/share/ament_cmake_gtest/cmake)
-- Configuring done (13.5s)
-- Generating done (0.3s)
-- Build files have been written to: /home/robot/pic2/build/diffdrive_arduino
[ 50%] [32mBuilding CXX object CMakeFiles/diffdrive_arduino.dir/hardware/diffbot_system.cpp.o[0m
[01m[K/home/robot/pic2/src/Packages/diffdrive_arduino/hardware/diffbot_system.cpp:[m[K In member function ‘[01m[Kvirtual hardware_interface::CallbackReturn diffdrive_arduino::DiffDriveArduinoHardware::[01;32m[Kon_init[m[K(const hardware_interface::HardwareInfo&)[m[K’:
[01m[K/home/robot/pic2/src/Packages/diffdrive_arduino/hardware/diffbot_system.cpp:33:49:[m[K [01;35m[Kwarning: [m[K‘[01m[Kvirtual rclcpp_lifecycle::node_interfaces::LifecycleNodeInterface::CallbackReturn hardware_interface::HardwareComponentInterface::[01;32m[Kon_init[m[K(const hardware_interface::HardwareInfo&)[m[K’ is deprecated: Use on_init(const HardwareComponentInterfaceParams & params) instead. [[01;35m[K]8;;https://gcc.gnu.org/onlinedocs/gcc/Warning-Options.html#index-Wdeprecated-declarations-Wdeprecated-declarations]8;;[m[K]
   33 |     [01;35m[Khardware_interface::SystemInterface::on_init(info)[m[K !=
      |     [01;35m[K~~~~~~~~~~~~~~~~~~~~~~~~~~~~~~~~~~~~~~~~~~~~^~~~~~[m[K
In file included from [01m[K/opt/ros/jazzy/include/hardware_interface/hardware_interface/system_interface.hpp:18[m[K,
                 from [01m[K/home/robot/pic2/src/Packages/diffdrive_arduino/hardware/include/diffdrive_arduino/diffbot_system.hpp:24[m[K,
                 from [01m[K/home/robot/pic2/src/Packages/diffdrive_arduino/hardware/diffbot_system.cpp:15[m[K:
[01m[K/opt/ros/jazzy/include/hardware_interface/hardware_interface/hardware_component_interface.hpp:140:26:[m[K [01;36m[Knote: [m[Kdeclared here
  140 |   virtual CallbackReturn [01;36m[Kon_init[m[K(const HardwareInfo & hardware_info);
      |                          [01;36m[K^~~~~~~[m[K
[100%] [32m[1mLinking CXX shared library libdiffdrive_arduino.so[0m
[100%] Built target diffdrive_arduino
-- Install configuration: ""
-- Installing: /home/robot/pic2/install/diffdrive_arduino/share/diffdrive_arduino/diffdrive_arduino.xml
-- Installing: /home/robot/pic2/install/diffdrive_arduino/include/diffdrive_arduino
-- Installing: /home/robot/pic2/install/diffdrive_arduino/include/diffdrive_arduino/diffdrive_arduino
-- Installing: /home/robot/pic2/install/diffdrive_arduino/include/diffdrive_arduino/diffdrive_arduino/arduino_comms.hpp
-- Installing: /home/robot/pic2/install/diffdrive_arduino/include/diffdrive_arduino/diffdrive_arduino/wheel.hpp
-- Installing: /home/robot/pic2/install/diffdrive_arduino/include/diffdrive_arduino/diffdrive_arduino/diffbot_system.hpp
-- Installing: /home/robot/pic2/install/diffdrive_arduino/include/diffdrive_arduino/diffdrive_arduino/visibility_control.h
-- Installing: /home/robot/pic2/install/diffdrive_arduino/share/diffdrive_arduino/launch
-- Installing: /home/robot/pic2/install/diffdrive_arduino/share/diffdrive_arduino/launch/view_robot.launch.py
-- Installing: /home/robot/pic2/install/diffdrive_arduino/share/diffdrive_arduino/ros2_control
-- Installing: /home/robot/pic2/install/diffdrive_arduino/share/diffdrive_arduino/ros2_control/diffbot.ros2_control.xacro
-- Installing: /home/robot/pic2/install/diffdrive_arduino/share/diffdrive_arduino/urdf
-- Installing: /home/robot/pic2/install/diffdrive_arduino/share/diffdrive_arduino/urdf/lidar.xacro
-- Installing: /home/robot/pic2/install/diffdrive_arduino/share/diffdrive_arduino/urdf/diffbot.materials.xacro
-- Installing: /home/robot/pic2/install/diffdrive_arduino/share/diffdrive_arduino/urdf/diffbot.urdf.xacro
-- Installing: /home/robot/pic2/install/diffdrive_arduino/share/diffdrive_arduino/urdf/diffbot_description.urdf.xacro
-- Installing: /home/robot/pic2/install/diffdrive_arduino/share/diffdrive_arduino/rviz
-- Installing: /home/robot/pic2/install/diffdrive_arduino/share/diffdrive_arduino/rviz/diffbot.rviz
-- Installing: /home/robot/pic2/install/diffdrive_arduino/share/diffdrive_arduino/rviz/diffbot_view.rviz
-- Up-to-date: /home/robot/pic2/install/diffdrive_arduino/share/diffdrive_arduino/launch
-- Installing: /home/robot/pic2/install/diffdrive_arduino/share/diffdrive_arduino/launch/bringup_launch.py
-- Installing: /home/robot/pic2/install/diffdrive_arduino/share/diffdrive_arduino/launch/localization_launch.py
-- Installing: /home/robot/pic2/install/diffdrive_arduino/share/diffdrive_arduino/launch/diffbot.launch.py
-- Installing: /home/robot/pic2/install/diffdrive_arduino/share/diffdrive_arduino/launch/load_map_demo.launch.py
-- Installing: /home/robot/pic2/install/diffdrive_arduino/share/diffdrive_arduino/launch/slam_launch.py
-- Installing: /home/robot/pic2/install/diffdrive_arduino/share/diffdrive_arduino/launch/navigation_launch.py
-- Installing: /home/robot/pic2/install/diffdrive_arduino/share/diffdrive_arduino/config
-- Installing: /home/robot/pic2/install/diffdrive_arduino/share/diffdrive_arduino/config/nav2_params1.yaml
-- Installing: /home/robot/pic2/install/diffdrive_arduino/share/diffdrive_arduino/config/diffbot_controllers.yaml
-- Installing: /home/robot/pic2/install/diffdrive_arduino/share/diffdrive_arduino/config/map_server_params.yaml
-- Installing: /home/robot/pic2/install/diffdrive_arduino/share/diffdrive_arduino/config/nav2_params.yaml
-- Installing: /home/robot/pic2/install/diffdrive_arduino/lib/libdiffdrive_arduino.so
-- Set non-toolchain portion of runtime path of "/home/robot/pic2/install/diffdrive_arduino/lib/libdiffdrive_arduino.so" to ""
-- Installing: /home/robot/pic2/install/diffdrive_arduino/share/diffdrive_arduino/environment/library_path.sh
-- Installing: /home/robot/pic2/install/diffdrive_arduino/share/diffdrive_arduino/environment/library_path.dsv
-- Installing: /home/robot/pic2/install/diffdrive_arduino/share/ament_index/resource_index/package_run_dependencies/diffdrive_arduino
-- Installing: /home/robot/pic2/install/diffdrive_arduino/share/ament_index/resource_index/parent_prefix_path/diffdrive_arduino
-- Installing: /home/robot/pic2/install/diffdrive_arduino/share/diffdrive_arduino/environment/ament_prefix_path.sh
-- Installing: /home/robot/pic2/install/diffdrive_arduino/share/diffdrive_arduino/environment/ament_prefix_path.dsv
-- Installing: /home/robot/pic2/install/diffdrive_arduino/share/diffdrive_arduino/environment/path.sh
-- Installing: /home/robot/pic2/install/diffdrive_arduino/share/diffdrive_arduino/environment/path.dsv
-- Installing: /home/robot/pic2/install/diffdrive_arduino/share/diffdrive_arduino/local_setup.bash
-- Installing: /home/robot/pic2/install/diffdrive_arduino/share/diffdrive_arduino/local_setup.sh
-- Installing: /home/robot/pic2/install/diffdrive_arduino/share/diffdrive_arduino/local_setup.zsh
-- Installing: /home/robot/pic2/install/diffdrive_arduino/share/diffdrive_arduino/local_setup.dsv
-- Installing: /home/robot/pic2/install/diffdrive_arduino/share/diffdrive_arduino/package.dsv
-- Installing: /home/robot/pic2/install/diffdrive_arduino/share/ament_index/resource_index/packages/diffdrive_arduino
-- Installing: /home/robot/pic2/install/diffdrive_arduino/share/ament_index/resource_index/hardware_interface__pluginlib__plugin/diffdrive_arduino
-- Installing: /home/robot/pic2/install/diffdrive_arduino/share/diffdrive_arduino/cmake/export_diffdrive_arduinoExport.cmake
-- Installing: /home/robot/pic2/install/diffdrive_arduino/share/diffdrive_arduino/cmake/export_diffdrive_arduinoExport-noconfig.cmake
-- Installing: /home/robot/pic2/install/diffdrive_arduino/share/diffdrive_arduino/cmake/ament_cmake_export_targets-extras.cmake
-- Installing: /home/robot/pic2/install/diffdrive_arduino/share/diffdrive_arduino/cmake/ament_cmake_export_dependencies-extras.cmake
-- Installing: /home/robot/pic2/install/diffdrive_arduino/share/diffdrive_arduino/cmake/diffdrive_arduinoConfig.cmake
-- Installing: /home/robot/pic2/install/diffdrive_arduino/share/diffdrive_arduino/cmake/diffdrive_arduinoConfig-version.cmake
-- Installing: /home/robot/pic2/install/diffdrive_arduino/share/diffdrive_arduino/package.xml
