[1.045s] Invoking command in '/home/robot/pic2/build/diffdrive_arduino': CMAKE_PREFIX_PATH=${CMAKE_PREFIX_PATH}:/opt/ros/jazzy /usr/bin/cmake /home/robot/pic2/src/Packages/diffdrive_arduino -DCMAKE_INSTALL_PREFIX=/home/robot/pic2/install/diffdrive_arduino
[2.844s] -- The CXX compiler identification is GNU 13.3.0
[2.971s] -- Detecting CXX compiler ABI info
[3.675s] -- Detecting CXX compiler ABI info - done
[3.714s] -- Check for working CXX compiler: /usr/bin/c++ - skipped
[3.716s] -- Detecting CXX compile features
[3.718s] -- Detecting CXX compile features - done
[3.826s] -- Found ament_cmake: 2.5.6 (/opt/ros/jazzy/share/ament_cmake/cmake)
[4.923s] -- Found Python3: /usr/bin/python3 (found version "3.12.3") found components: Interpreter 
[6.358s] -- Found hardware_interface: 4.45.2 (/opt/ros/jazzy/share/hardware_interface/cmake)
[7.241s] -- Found rosidl_generator_c: 4.6.9 (/opt/ros/jazzy/share/rosidl_generator_c/cmake)
[7.486s] -- Found rosidl_generator_cpp: 4.6.9 (/opt/ros/jazzy/share/rosidl_generator_cpp/cmake)
[7.783s] -- Using all available rosidl_typesupport_c: rosidl_typesupport_fastrtps_c;rosidl_typesupport_introspection_c
[8.049s] -- Using all available rosidl_typesupport_cpp: rosidl_typesupport_fastrtps_cpp;rosidl_typesupport_introspection_cpp
[10.160s] -- Found TinyXML2 via Config file: /usr/lib/aarch64-linux-gnu/cmake/tinyxml2
[10.662s] -- Found rmw_implementation_cmake: 7.3.3 (/opt/ros/jazzy/share/rmw_implementation_cmake/cmake)
[10.719s] -- Found rmw_fastrtps_cpp: 8.4.4 (/opt/ros/jazzy/share/rmw_fastrtps_cpp/cmake)
[10.999s] -- Found TinyXML2 via Config file: /usr/lib/aarch64-linux-gnu/cmake/tinyxml2
[11.376s] -- Found OpenSSL: /usr/lib/aarch64-linux-gnu/libcrypto.so (found version "3.0.13")  
[11.389s] -- Found TinyXML2 via Config file: /usr/lib/aarch64-linux-gnu/cmake/tinyxml2
[11.484s] -- Found FastRTPS: /opt/ros/jazzy/include (Required is at least version "2.13") 
[11.498s] -- Found TinyXML2 via Config file: /usr/lib/aarch64-linux-gnu/cmake/tinyxml2
[11.538s] -- Found TinyXML2 via Config file: /usr/lib/aarch64-linux-gnu/cmake/tinyxml2
[11.584s] -- Using RMW implementation 'rmw_fastrtps_cpp' as default
[14.267s] -- Found ament_cmake_gtest: 2.5.6 (/opt/ros/jazzy/share/ament_cmake_gtest/cmake)
[14.805s] -- Configuring done (13.5s)
[15.212s] -- Generating done (0.3s)
[15.248s] -- Build files have been written to: /home/robot/pic2/build/diffdrive_arduino
[15.318s] Invoked command in '/home/robot/pic2/build/diffdrive_arduino' returned '0': CMAKE_PREFIX_PATH=${CMAKE_PREFIX_PATH}:/opt/ros/jazzy /usr/bin/cmake /home/robot/pic2/src/Packages/diffdrive_arduino -DCMAKE_INSTALL_PREFIX=/home/robot/pic2/install/diffdrive_arduino
[15.320s] Invoking command in '/home/robot/pic2/build/diffdrive_arduino': CMAKE_PREFIX_PATH=${CMAKE_PREFIX_PATH}:/opt/ros/jazzy /usr/bin/cmake --build /home/robot/pic2/build/diffdrive_arduino -- -j4 -l4
[15.836s] [ 50%] [32mBuilding CXX object CMakeFiles/diffdrive_arduino.dir/hardware/diffbot_system.cpp.o[0m
[31.697s] [01m[K/home/robot/pic2/src/Packages/diffdrive_arduino/hardware/diffbot_system.cpp:[m[K In member function ‘[01m[Kvirtual hardware_interface::CallbackReturn diffdrive_arduino::DiffDriveArduinoHardware::[01;32m[Kon_init[m[K(const hardware_interface::HardwareInfo&)[m[K’:
[31.698s] [01m[K/home/robot/pic2/src/Packages/diffdrive_arduino/hardware/diffbot_system.cpp:33:49:[m[K [01;35m[Kwarning: [m[K‘[01m[Kvirtual rclcpp_lifecycle::node_interfaces::LifecycleNodeInterface::CallbackReturn hardware_interface::HardwareComponentInterface::[01;32m[Kon_init[m[K(const hardware_interface::HardwareInfo&)[m[K’ is deprecated: Use on_init(const HardwareComponentInterfaceParams & params) instead. [[01;35m[K]8;;https://gcc.gnu.org/onlinedocs/gcc/Warning-Options.html#index-Wdeprecated-declarations-Wdeprecated-declarations]8;;[m[K]
[31.699s]    33 |     [01;35m[Khardware_interface::SystemInterface::on_init(info)[m[K !=
[31.699s]       |     [01;35m[K~~~~~~~~~~~~~~~~~~~~~~~~~~~~~~~~~~~~~~~~~~~~^~~~~~[m[K
[31.700s] In file included from [01m[K/opt/ros/jazzy/include/hardware_interface/hardware_interface/system_interface.hpp:18[m[K,
[31.701s]                  from [01m[K/home/robot/pic2/src/Packages/diffdrive_arduino/hardware/include/diffdrive_arduino/diffbot_system.hpp:24[m[K,
[31.701s]                  from [01m[K/home/robot/pic2/src/Packages/diffdrive_arduino/hardware/diffbot_system.cpp:15[m[K:
[31.702s] [01m[K/opt/ros/jazzy/include/hardware_interface/hardware_interface/hardware_component_interface.hpp:140:26:[m[K [01;36m[Knote: [m[Kdeclared here
[31.703s]   140 |   virtual CallbackReturn [01;36m[Kon_init[m[K(const HardwareInfo & hardware_info);
[31.703s]       |                          [01;36m[K^~~~~~~[m[K
[40.018s] [100%] [32m[1mLinking CXX shared library libdiffdrive_arduino.so[0m
[42.030s] [100%] Built target diffdrive_arduino
[42.102s] Invoked command in '/home/robot/pic2/build/diffdrive_arduino' returned '0': CMAKE_PREFIX_PATH=${CMAKE_PREFIX_PATH}:/opt/ros/jazzy /usr/bin/cmake --build /home/robot/pic2/build/diffdrive_arduino -- -j4 -l4
[42.169s] Invoking command in '/home/robot/pic2/build/diffdrive_arduino': CMAKE_PREFIX_PATH=${CMAKE_PREFIX_PATH}:/opt/ros/jazzy /usr/bin/cmake --install /home/robot/pic2/build/diffdrive_arduino
[42.225s] -- Install configuration: ""
[42.226s] -- Installing: /home/robot/pic2/install/diffdrive_arduino/share/diffdrive_arduino/diffdrive_arduino.xml
[42.228s] -- Installing: /home/robot/pic2/install/diffdrive_arduino/include/diffdrive_arduino
[42.229s] -- Installing: /home/robot/pic2/install/diffdrive_arduino/include/diffdrive_arduino/diffdrive_arduino
[42.230s] -- Installing: /home/robot/pic2/install/diffdrive_arduino/include/diffdrive_arduino/diffdrive_arduino/arduino_comms.hpp
[42.231s] -- Installing: /home/robot/pic2/install/diffdrive_arduino/include/diffdrive_arduino/diffdrive_arduino/wheel.hpp
[42.232s] -- Installing: /home/robot/pic2/install/diffdrive_arduino/include/diffdrive_arduino/diffdrive_arduino/diffbot_system.hpp
[42.233s] -- Installing: /home/robot/pic2/install/diffdrive_arduino/include/diffdrive_arduino/diffdrive_arduino/visibility_control.h
[42.235s] -- Installing: /home/robot/pic2/install/diffdrive_arduino/share/diffdrive_arduino/launch
[42.235s] -- Installing: /home/robot/pic2/install/diffdrive_arduino/share/diffdrive_arduino/launch/view_robot.launch.py
[42.237s] -- Installing: /home/robot/pic2/install/diffdrive_arduino/share/diffdrive_arduino/ros2_control
[42.237s] -- Installing: /home/robot/pic2/install/diffdrive_arduino/share/diffdrive_arduino/ros2_control/diffbot.ros2_control.xacro
[42.239s] -- Installing: /home/robot/pic2/install/diffdrive_arduino/share/diffdrive_arduino/urdf
[42.239s] -- Installing: /home/robot/pic2/install/diffdrive_arduino/share/diffdrive_arduino/urdf/lidar.xacro
[42.241s] -- Installing: /home/robot/pic2/install/diffdrive_arduino/share/diffdrive_arduino/urdf/diffbot.materials.xacro
[42.242s] -- Installing: /home/robot/pic2/install/diffdrive_arduino/share/diffdrive_arduino/urdf/diffbot.urdf.xacro
[42.243s] -- Installing: /home/robot/pic2/install/diffdrive_arduino/share/diffdrive_arduino/urdf/diffbot_description.urdf.xacro
[42.244s] -- Installing: /home/robot/pic2/install/diffdrive_arduino/share/diffdrive_arduino/rviz
[42.245s] -- Installing: /home/robot/pic2/install/diffdrive_arduino/share/diffdrive_arduino/rviz/diffbot.rviz
[42.247s] -- Installing: /home/robot/pic2/install/diffdrive_arduino/share/diffdrive_arduino/rviz/diffbot_view.rviz
[42.248s] -- Up-to-date: /home/robot/pic2/install/diffdrive_arduino/share/diffdrive_arduino/launch
[42.249s] -- Installing: /home/robot/pic2/install/diffdrive_arduino/share/diffdrive_arduino/launch/bringup_launch.py
[42.250s] -- Installing: /home/robot/pic2/install/diffdrive_arduino/share/diffdrive_arduino/launch/localization_launch.py
[42.251s] -- Installing: /home/robot/pic2/install/diffdrive_arduino/share/diffdrive_arduino/launch/diffbot.launch.py
[42.252s] -- Installing: /home/robot/pic2/install/diffdrive_arduino/share/diffdrive_arduino/launch/load_map_demo.launch.py
[42.253s] -- Installing: /home/robot/pic2/install/diffdrive_arduino/share/diffdrive_arduino/launch/slam_launch.py
[42.254s] -- Installing: /home/robot/pic2/install/diffdrive_arduino/share/diffdrive_arduino/launch/navigation_launch.py
[42.255s] -- Installing: /home/robot/pic2/install/diffdrive_arduino/share/diffdrive_arduino/config
[42.256s] -- Installing: /home/robot/pic2/install/diffdrive_arduino/share/diffdrive_arduino/config/nav2_params1.yaml
[42.258s] -- Installing: /home/robot/pic2/install/diffdrive_arduino/share/diffdrive_arduino/config/diffbot_controllers.yaml
[42.259s] -- Installing: /home/robot/pic2/install/diffdrive_arduino/share/diffdrive_arduino/config/map_server_params.yaml
[42.260s] -- Installing: /home/robot/pic2/install/diffdrive_arduino/share/diffdrive_arduino/config/nav2_params.yaml
[42.262s] -- Installing: /home/robot/pic2/install/diffdrive_arduino/lib/libdiffdrive_arduino.so
[42.269s] -- Set non-toolchain portion of runtime path of "/home/robot/pic2/install/diffdrive_arduino/lib/libdiffdrive_arduino.so" to ""
[42.269s] -- Installing: /home/robot/pic2/install/diffdrive_arduino/share/diffdrive_arduino/environment/library_path.sh
[42.271s] -- Installing: /home/robot/pic2/install/diffdrive_arduino/share/diffdrive_arduino/environment/library_path.dsv
[42.273s] -- Installing: /home/robot/pic2/install/diffdrive_arduino/share/ament_index/resource_index/package_run_dependencies/diffdrive_arduino
[42.275s] -- Installing: /home/robot/pic2/install/diffdrive_arduino/share/ament_index/resource_index/parent_prefix_path/diffdrive_arduino
[42.277s] -- Installing: /home/robot/pic2/install/diffdrive_arduino/share/diffdrive_arduino/environment/ament_prefix_path.sh
[42.278s] -- Installing: /home/robot/pic2/install/diffdrive_arduino/share/diffdrive_arduino/environment/ament_prefix_path.dsv
[42.279s] -- Installing: /home/robot/pic2/install/diffdrive_arduino/share/diffdrive_arduino/environment/path.sh
[42.281s] -- Installing: /home/robot/pic2/install/diffdrive_arduino/share/diffdrive_arduino/environment/path.dsv
[42.282s] -- Installing: /home/robot/pic2/install/diffdrive_arduino/share/diffdrive_arduino/local_setup.bash
[42.283s] -- Installing: /home/robot/pic2/install/diffdrive_arduino/share/diffdrive_arduino/local_setup.sh
[42.285s] -- Installing: /home/robot/pic2/install/diffdrive_arduino/share/diffdrive_arduino/local_setup.zsh
[42.286s] -- Installing: /home/robot/pic2/install/diffdrive_arduino/share/diffdrive_arduino/local_setup.dsv
[42.288s] -- Installing: /home/robot/pic2/install/diffdrive_arduino/share/diffdrive_arduino/package.dsv
[42.289s] -- Installing: /home/robot/pic2/install/diffdrive_arduino/share/ament_index/resource_index/packages/diffdrive_arduino
[42.291s] -- Installing: /home/robot/pic2/install/diffdrive_arduino/share/ament_index/resource_index/hardware_interface__pluginlib__plugin/diffdrive_arduino
[42.293s] -- Installing: /home/robot/pic2/install/diffdrive_arduino/share/diffdrive_arduino/cmake/export_diffdrive_arduinoExport.cmake
[42.295s] -- Installing: /home/robot/pic2/install/diffdrive_arduino/share/diffdrive_arduino/cmake/export_diffdrive_arduinoExport-noconfig.cmake
[42.296s] -- Installing: /home/robot/pic2/install/diffdrive_arduino/share/diffdrive_arduino/cmake/ament_cmake_export_targets-extras.cmake
[42.298s] -- Installing: /home/robot/pic2/install/diffdrive_arduino/share/diffdrive_arduino/cmake/ament_cmake_export_dependencies-extras.cmake
[42.299s] -- Installing: /home/robot/pic2/install/diffdrive_arduino/share/diffdrive_arduino/cmake/diffdrive_arduinoConfig.cmake
[42.301s] -- Installing: /home/robot/pic2/install/diffdrive_arduino/share/diffdrive_arduino/cmake/diffdrive_arduinoConfig-version.cmake
[42.302s] -- Installing: /home/robot/pic2/install/diffdrive_arduino/share/diffdrive_arduino/package.xml
[42.311s] Invoked command in '/home/robot/pic2/build/diffdrive_arduino' returned '0': CMAKE_PREFIX_PATH=${CMAKE_PREFIX_PATH}:/opt/ros/jazzy /usr/bin/cmake --install /home/robot/pic2/build/diffdrive_arduino
