[1.084s] Invoking command in '/home/robot/pic2/build/rplidar_ros': CMAKE_PREFIX_PATH=${CMAKE_PREFIX_PATH}:/home/robot/pic2/install/converter_pkg:/opt/ros/jazzy /usr/bin/cmake --build /home/robot/pic2/build/rplidar_ros -- -j4 -l4
[1.597s] [ 47%] Built target rplidar_composition
[1.612s] [ 94%] Built target rplidar_node
[1.647s] [100%] Built target rplidar_client
[1.755s] Invoked command in '/home/robot/pic2/build/rplidar_ros' returned '0': CMAKE_PREFIX_PATH=${CMAKE_PREFIX_PATH}:/home/robot/pic2/install/converter_pkg:/opt/ros/jazzy /usr/bin/cmake --build /home/robot/pic2/build/rplidar_ros -- -j4 -l4
[1.761s] Invoking command in '/home/robot/pic2/build/rplidar_ros': CMAKE_PREFIX_PATH=${CMAKE_PREFIX_PATH}:/home/robot/pic2/install/converter_pkg:/opt/ros/jazzy /usr/bin/cmake --install /home/robot/pic2/build/rplidar_ros
[1.825s] -- Install configuration: ""
[1.828s] -- Execute custom install script
[1.834s] -- Up-to-date symlink: /home/robot/pic2/install/rplidar_ros/share/rplidar_ros/launch/rplidar_a1_launch.py
[1.836s] -- Up-to-date symlink: /home/robot/pic2/install/rplidar_ros/share/rplidar_ros/launch/rplidar_a2m12_launch.py
[1.837s] -- Up-to-date symlink: /home/robot/pic2/install/rplidar_ros/share/rplidar_ros/launch/rplidar_a2m7_launch.py
[1.837s] -- Up-to-date symlink: /home/robot/pic2/install/rplidar_ros/share/rplidar_ros/launch/rplidar_a2m8_launch.py
[1.839s] -- Up-to-date symlink: /home/robot/pic2/install/rplidar_ros/share/rplidar_ros/launch/rplidar_a3_launch.py
[1.839s] -- Up-to-date symlink: /home/robot/pic2/install/rplidar_ros/share/rplidar_ros/launch/rplidar_c1_launch.py
[1.840s] -- Up-to-date symlink: /home/robot/pic2/install/rplidar_ros/share/rplidar_ros/launch/rplidar_s1_launch.py
[1.842s] -- Up-to-date symlink: /home/robot/pic2/install/rplidar_ros/share/rplidar_ros/launch/rplidar_s1_tcp_launch.py
[1.842s] -- Up-to-date symlink: /home/robot/pic2/install/rplidar_ros/share/rplidar_ros/launch/rplidar_s2_launch.py
[1.844s] -- Up-to-date symlink: /home/robot/pic2/install/rplidar_ros/share/rplidar_ros/launch/rplidar_s2e_launch.py
[1.845s] -- Up-to-date symlink: /home/robot/pic2/install/rplidar_ros/share/rplidar_ros/launch/rplidar_s3_launch.py
[1.846s] -- Up-to-date symlink: /home/robot/pic2/install/rplidar_ros/share/rplidar_ros/launch/rplidar_t1_launch.py
[1.847s] -- Up-to-date symlink: /home/robot/pic2/install/rplidar_ros/share/rplidar_ros/launch/view_rplidar_a1_launch.py
[1.849s] -- Up-to-date symlink: /home/robot/pic2/install/rplidar_ros/share/rplidar_ros/launch/view_rplidar_a2m12_launch.py
[1.850s] -- Up-to-date symlink: /home/robot/pic2/install/rplidar_ros/share/rplidar_ros/launch/view_rplidar_a2m7_launch.py
[1.850s] -- Up-to-date symlink: /home/robot/pic2/install/rplidar_ros/share/rplidar_ros/launch/view_rplidar_a2m8_launch.py
[1.852s] -- Up-to-date symlink: /home/robot/pic2/install/rplidar_ros/share/rplidar_ros/launch/view_rplidar_a3_launch.py
[1.853s] -- Up-to-date symlink: /home/robot/pic2/install/rplidar_ros/share/rplidar_ros/launch/view_rplidar_c1_launch.py
[1.855s] -- Up-to-date symlink: /home/robot/pic2/install/rplidar_ros/share/rplidar_ros/launch/view_rplidar_s1_launch.py
[1.855s] -- Up-to-date symlink: /home/robot/pic2/install/rplidar_ros/share/rplidar_ros/launch/view_rplidar_s1_tcp_launch.py
[1.857s] -- Up-to-date symlink: /home/robot/pic2/install/rplidar_ros/share/rplidar_ros/launch/view_rplidar_s2_launch.py
[1.859s] -- Up-to-date symlink: /home/robot/pic2/install/rplidar_ros/share/rplidar_ros/launch/view_rplidar_s2e_launch.py
[1.861s] -- Up-to-date symlink: /home/robot/pic2/install/rplidar_ros/share/rplidar_ros/launch/view_rplidar_s3_launch.py
[1.861s] -- Up-to-date symlink: /home/robot/pic2/install/rplidar_ros/share/rplidar_ros/launch/view_rplidar_t1_launch.py
[1.862s] -- Up-to-date symlink: /home/robot/pic2/install/rplidar_ros/share/rplidar_ros/rviz/rplidar_ros.rviz
[1.867s] -- Up-to-date symlink: /home/robot/pic2/install/rplidar_ros/lib/rplidar_ros/rplidar_node
[1.868s] -- Up-to-date symlink: /home/robot/pic2/install/rplidar_ros/lib/rplidar_ros/rplidar_composition
[1.870s] -- Up-to-date symlink: /home/robot/pic2/install/rplidar_ros/lib/rplidar_ros/rplidar_client
[1.873s] -- Up-to-date symlink: /home/robot/pic2/install/rplidar_ros/share/ament_index/resource_index/package_run_dependencies/rplidar_ros
[1.873s] -- Up-to-date symlink: /home/robot/pic2/install/rplidar_ros/share/ament_index/resource_index/parent_prefix_path/rplidar_ros
[1.874s] -- Up-to-date symlink: /home/robot/pic2/install/rplidar_ros/share/rplidar_ros/environment/ament_prefix_path.sh
[1.878s] -- Up-to-date symlink: /home/robot/pic2/install/rplidar_ros/share/rplidar_ros/environment/ament_prefix_path.dsv
[1.879s] -- Up-to-date symlink: /home/robot/pic2/install/rplidar_ros/share/rplidar_ros/environment/path.sh
[1.880s] -- Up-to-date symlink: /home/robot/pic2/install/rplidar_ros/share/rplidar_ros/environment/path.dsv
[1.880s] -- Up-to-date symlink: /home/robot/pic2/install/rplidar_ros/share/rplidar_ros/local_setup.bash
[1.881s] -- Up-to-date symlink: /home/robot/pic2/install/rplidar_ros/share/rplidar_ros/local_setup.sh
[1.881s] -- Up-to-date symlink: /home/robot/pic2/install/rplidar_ros/share/rplidar_ros/local_setup.zsh
[1.882s] -- Up-to-date symlink: /home/robot/pic2/install/rplidar_ros/share/rplidar_ros/local_setup.dsv
[1.885s] -- Symlinking: /home/robot/pic2/install/rplidar_ros/share/rplidar_ros/package.dsv
[1.956s] -- Up-to-date symlink: /home/robot/pic2/install/rplidar_ros/share/ament_index/resource_index/packages/rplidar_ros
[1.958s] -- Up-to-date symlink: /home/robot/pic2/install/rplidar_ros/share/rplidar_ros/cmake/ament_cmake_export_dependencies-extras.cmake
[1.958s] -- Up-to-date symlink: /home/robot/pic2/install/rplidar_ros/share/rplidar_ros/cmake/ament_cmake_export_include_directories-extras.cmake
[1.961s] -- Up-to-date symlink: /home/robot/pic2/install/rplidar_ros/share/rplidar_ros/cmake/rplidar_rosConfig.cmake
[1.962s] -- Up-to-date symlink: /home/robot/pic2/install/rplidar_ros/share/rplidar_ros/cmake/rplidar_rosConfig-version.cmake
[1.962s] -- Up-to-date symlink: /home/robot/pic2/install/rplidar_ros/share/rplidar_ros/package.xml
[2.074s] Invoked command in '/home/robot/pic2/build/rplidar_ros' returned '0': CMAKE_PREFIX_PATH=${CMAKE_PREFIX_PATH}:/home/robot/pic2/install/converter_pkg:/opt/ros/jazzy /usr/bin/cmake --install /home/robot/pic2/build/rplidar_ros
